#Build: Fabric Compiler 2022.2-SP4.2, Build 132111, Aug 13 06:22 2023
#Install: C:\pango\PDS_2022.2-SP4.2-ads\bin
#Application name: pds_shell.exe
#OS: Windows 10 10.0.19045
#Hostname: DESKTOP-4RPI1H2
Generated by Fabric Compiler (version 2022.2-SP4.2 build 132111) at Mon Oct 16 14:43:47 2023
Compiling verification operator library.
Compiling common defs.
Loading technology operator library.
Compiling technology operator library.
Compiling technology operator (valence) library.
Compiling operator packing rules.
Compiling prim grid devices.
Compiling gate devices.
Compiling gate operators.
Compiling tech operator impls.
Building architecture model.
Loading device packaging model.
License checkout: fabric_inserter from E:\PDS_LIC\new_pds_584120290F2C.lic
E: Inserter-0005: Net 'clkout1' which connected to Debug Core 0 Clock Port 0 Channel 0 cannot be found after flattened net list, This may caused by: 1.Certain signals have conflict logic relationship with this net in design, in that case please check your design. 2.Synthesize tool update, in that case certain nets name changed hence cannot be found in newest net list, please remake net connection in inserter
E: Inserter-0003: Could not parse file 'D:/Desktop/50G/34_hs_dual_ad/prj/synthesize/hs_dual_ad_syn.fic'.
Action dev_map: Real time elapsed is 0h:0m:4s
Action dev_map: CPU time elapsed is 0h:0m:2s
Action dev_map: Process CPU time elapsed is 0h:0m:2s
Current time: Mon Oct 16 14:43:50 2023
Action dev_map: Peak memory pool usage is 225 MB
