#Build: Fabric Configuration 2022.2-SP4.2, Build 132111, Aug 13 06:22 2023
#Install: E:\SoftWare\PDS\PDS_2022.2-SP4.2-ads\bin
#Application name: cdt_cfg.exe
#OS: Windows 10 10.0.23620
#Hostname: 1917Redbanner
Generated by Fabric Configuration (version 2022.2-SP4.2 build 132111) at Tue Jul 23 10:42:05 2024
M_PROCESS_FINISH_STARTED

Connecting to server[127.0.0.1 : 65420].
Connect to server[127.0.0.1 : 65420] successfully.
COMMAND[check version information] execute successfully, takes 2.6 secs.
The cable List : 
Cable index 0:USB Cable II/fffffffffffffffe 

COMMAND[get_cable_paras] execute successfully, takes 2.6 secs.
PANGO USB CABLE II cable driver: D2XX DLL
PGL25G
This device configure situation (done bit): 1
COMMAND[Open config cable] execute successfully, takes 17.1 secs.
The done bit is 1
COMMAND[Program] execute successfully, takes 1.5 secs.
The Start Address of bit file E:/NEU/FPGA/Learn/Learn_DigitalLogic/4WithHardware/logos/led/led_pango/generate_bitstream/led.sbit: 0x0
E: Flow-0075: The value for option 'sbit' is not set or is invalid on command 'cfg_gen_sfc'.
COMMAND[Scan Outer SPI Flash] execute successfully, takes 10.2 secs.
The start address of operating flash is 0x0.
COMMAND[Erase Outer Flash] execute finish, takes 3.0 secs.
The start address of operating flash is 0x0.
COMMAND[Program Outer Flash] execute finish, takes 17.0 secs.
The start address of operating flash is 0x0.
COMMAND[Verify Outer Flash] execute successfully, takes 1.7 secs.
The start address of operating flash is 0x0.
COMMAND[Erase Outer Flash] execute finish, takes 2.5 secs.
The start address of operating flash is 0x0.
COMMAND[Erase Outer Flash] execute finish, takes 2.5 secs.
The start address of operating flash is 0x0.
COMMAND[Program Outer Flash] execute finish, takes 17.2 secs.
The start address of operating flash is 0x0.
COMMAND[Verify Outer Flash] execute successfully, takes 1.7 secs.
