[Info] [2024-7-23 10:42:04] /***************************Start Configuration***************************/
[Info] [2024-7-23 10:42:04] Path: E:/SoftWare/PDS/PDS_2022.2-SP4.2-ads/bin
[Info] [2024-7-23 10:42:04] Version: 132111
[Info] [2024-7-23 10:42:05] Current Path: E:/NEU/FPGA/Learn/Learn_DigitalLogic/4WithHardware/logos/led/led_pango
[Info] [2024-7-23 10:42:05] PDS Dir Path: E:/NEU/FPGA/Learn/Learn_DigitalLogic/4WithHardware/logos/led/led_pango
[Info] [2024-7-23 10:42:27] Configuration is not connect with server. connect first then scan chain.
[Debug] [2024-7-23 10:42:27] Client Local host name:1917Redbanner
[Debug] [2024-7-23 10:42:27] Client Local Address:26.72.101.115
[Debug] [2024-7-23 10:42:27] Client Local Address:169.254.91.53
[Debug] [2024-7-23 10:42:27] Client Local Address:169.254.216.215
[Debug] [2024-7-23 10:42:27] Client Local Address:58.154.169.81
[Debug] [2024-7-23 10:42:27] Server Address:127.0.0.1, Port:65420
[Info] [2024-7-23 10:42:28] Connect OK, Server: 127.0.0.1  Port: 65420
[Debug] [2024-7-23 10:42:28] Finish.
[Info] [2024-7-23 10:42:28] Connect server succeeded
[Debug] [2024-7-23 10:42:28] Send RPC:1
[Debug] [2024-7-23 10:42:28] Send cmd [check version information:40004] OK
[Debug] [2024-7-23 10:42:31] Send RPC:2
[Debug] [2024-7-23 10:42:31] Send cmd [get_cable_paras:40010] OK
[Debug] [2024-7-23 10:42:31] Begin to send initialize chain cmd...
[Debug] [2024-7-23 10:42:31] Send RPC:3
[Debug] [2024-7-23 10:42:31] Send cmd [Open config cable:20001] OK
[Debug] [2024-7-23 10:42:31] End to send initialize chain cmd.
[Debug] [2024-7-23 10:42:31] COMMAND[check version information] execute successfully, takes 2.6 secs.
[Debug] [2024-7-23 10:42:33] COMMAND[get_cable_paras] execute successfully, takes 2.6 secs.
[Debug] [2024-7-23 10:42:34] begin the exec of open cable cmd...
[Debug] [2024-7-23 10:42:34] Begin to deal with chain from server...
[Debug] [2024-7-23 10:42:34] Begin to set user chain...
[Debug] [2024-7-23 10:42:34] End to set user chain.
[Debug] [2024-7-23 10:42:34] Begin to update graphic item and tree item ...
[Debug] [2024-7-23 10:42:34] End to update graphic item and tree item ...
[Info] [2024-7-23 10:42:48] set OpenLastPath: E:/NEU/FPGA/Learn/Learn_DigitalLogic/4WithHardware/logos/led/led_pango/generate_bitstream/led.sbit
[Debug] [2024-7-23 10:42:48] begin to get device info from CFG file...
[Debug] [2024-7-23 10:42:48] end to get device info from CFG file...
[Debug] [2024-7-23 10:42:48] Begin to update graphic item and tree item ...
[Debug] [2024-7-23 10:42:48] End to update graphic item and tree item ...
[Debug] [2024-7-23 10:42:48] Begin to update graphic item and tree item ...
[Debug] [2024-7-23 10:42:48] End to update graphic item and tree item ...
[Debug] [2024-7-23 10:42:48] End to deal wiht chain from server.
[Debug] [2024-7-23 10:42:48] end the exec of open cable cmd.
[Debug] [2024-7-23 10:42:48] COMMAND[Open config cable] execute successfully, takes 17.1 secs.
[Debug] [2024-7-23 10:42:55] Begin to send programming cmd...
[Debug] [2024-7-23 10:42:55] Send RPC:4
[Debug] [2024-7-23 10:42:55] Begin to send program data.
[Debug] [2024-7-23 10:42:55] End to send program data.
[Debug] [2024-7-23 10:42:55] Send cmd [Program:20002] OK
[Debug] [2024-7-23 10:42:56] The value of Progress is 6
[Debug] [2024-7-23 10:42:56] The value of Progress is 10
[Debug] [2024-7-23 10:42:56] The value of Progress is 15
[Debug] [2024-7-23 10:42:56] The value of Progress is 20
[Debug] [2024-7-23 10:42:56] The value of Progress is 25
[Debug] [2024-7-23 10:42:56] The value of Progress is 30
[Debug] [2024-7-23 10:42:56] The value of Progress is 35
[Debug] [2024-7-23 10:42:56] The value of Progress is 40
[Debug] [2024-7-23 10:42:56] The value of Progress is 45
[Debug] [2024-7-23 10:42:56] The value of Progress is 50
[Debug] [2024-7-23 10:42:56] The value of Progress is 55
[Debug] [2024-7-23 10:42:56] The value of Progress is 60
[Debug] [2024-7-23 10:42:56] The value of Progress is 65
[Debug] [2024-7-23 10:42:56] The value of Progress is 70
[Debug] [2024-7-23 10:42:56] The value of Progress is 75
[Debug] [2024-7-23 10:42:57] The value of Progress is 80
[Debug] [2024-7-23 10:42:57] The value of Progress is 85
[Debug] [2024-7-23 10:42:57] The value of Progress is 90
[Debug] [2024-7-23 10:42:57] The value of Progress is 95
[Debug] [2024-7-23 10:42:57] The value of Progress is 100
[Debug] [2024-7-23 10:42:57] COMMAND[Program] execute successfully, takes 1.5 secs.
[Debug] [2024-7-23 10:42:57] End to send programming cmd.
[Debug] [2024-7-23 10:43:30] Begin to Converte file.
[Debug] [2024-7-23 10:45:13] begin to parse sfc file.
[Debug] [2024-7-23 10:45:13] begin to get device info from CFG file...
[Debug] [2024-7-23 10:45:13] end to get device info from CFG file...
[Debug] [2024-7-23 10:45:13] begin to get device info from CFG file...
[Debug] [2024-7-23 10:45:13] end to get device info from CFG file...
[Debug] [2024-7-23 10:45:13] end to parse sfc file.
[Debug] [2024-7-23 10:45:14] End to Converte file.
[Debug] [2024-7-23 10:46:43] Begin to send scan outer flash cmd...
[Debug] [2024-7-23 10:46:43] Send RPC:5
[Debug] [2024-7-23 10:46:43] Send cmd [Scan Outer SPI Flash:20300] OK
[Debug] [2024-7-23 10:46:43] End to send scan outer flash cmd.
[Debug] [2024-7-23 10:46:44] begin to exec scan jtag flash cmd...
[Debug] [2024-7-23 10:46:44] Begin to initialize JtagFlash for selected FPGA Device...
[Debug] [2024-7-23 10:46:44] Begin to update graphic item and tree item ...
[Debug] [2024-7-23 10:46:44] End to update graphic item and tree item ...
[Info] [2024-7-23 10:46:54] set OpenLastPath: E:/NEU/FPGA/Learn/Learn_DigitalLogic/4WithHardware/logos/led/led_pango/generate_bitstream/led.sfc
[Debug] [2024-7-23 10:46:54] begin to check SFC File and Flash Device Read Mode.
[Debug] [2024-7-23 10:46:54] end to check SFC File and Flash Device Read Mode.
[Debug] [2024-7-23 10:46:54] Begin to update graphic item and tree item ...
[Debug] [2024-7-23 10:46:54] End to update graphic item and tree item ...
[Debug] [2024-7-23 10:46:54] End to initialize OuterFlash for selected FPGA Device...
[Debug] [2024-7-23 10:46:54] end to exec scan jtag flash cmd...
[Debug] [2024-7-23 10:46:54] COMMAND[Scan Outer SPI Flash] execute successfully, takes 10.2 secs.
[Debug] [2024-7-23 10:47:02] begin to send promgram jtag flash cmd.
[Debug] [2024-7-23 10:47:02] begin to send jtag flash erase cmd
[Debug] [2024-7-23 10:47:02] Send RPC:6
[Debug] [2024-7-23 10:47:02] Begin to send embed flash erase data.
[Debug] [2024-7-23 10:47:02] Begin to send flash erase data.
[Debug] [2024-7-23 10:47:02] End to send flash erase data.
[Debug] [2024-7-23 10:47:02] End to send embed flash erase data.
[Debug] [2024-7-23 10:47:02] Send cmd [Erase Outer Flash:20302] OK
[Debug] [2024-7-23 10:47:02] The value of Progress is 1
[Debug] [2024-7-23 10:47:02] The value of Progress is 6
[Debug] [2024-7-23 10:47:03] The value of Progress is 12
[Debug] [2024-7-23 10:47:03] The value of Progress is 18
[Debug] [2024-7-23 10:47:03] The value of Progress is 25
[Debug] [2024-7-23 10:47:03] The value of Progress is 31
[Debug] [2024-7-23 10:47:03] The value of Progress is 37
[Debug] [2024-7-23 10:47:04] The value of Progress is 43
[Debug] [2024-7-23 10:47:04] The value of Progress is 50
[Debug] [2024-7-23 10:47:04] The value of Progress is 56
[Debug] [2024-7-23 10:47:04] The value of Progress is 62
[Debug] [2024-7-23 10:47:04] The value of Progress is 68
[Debug] [2024-7-23 10:47:04] The value of Progress is 75
[Debug] [2024-7-23 10:47:04] The value of Progress is 81
[Debug] [2024-7-23 10:47:04] The value of Progress is 87
[Debug] [2024-7-23 10:47:04] The value of Progress is 93
[Debug] [2024-7-23 10:47:04] The value of Progress is 100
[Debug] [2024-7-23 10:47:05] COMMAND[Erase Outer Flash] execute finish, takes 3.0 secs.
[Debug] [2024-7-23 10:47:05] end to send jtag flash erase cmd.
[Debug] [2024-7-23 10:47:05] Send RPC:7
[Debug] [2024-7-23 10:47:05] Begin to send jtag flash program data.
[Debug] [2024-7-23 10:47:05] Begin to send flash program data.
[Debug] [2024-7-23 10:47:05] End to send flash program data.
[Debug] [2024-7-23 10:47:05] End to send embed flash program data.
[Debug] [2024-7-23 10:47:05] Send cmd [Program Outer Flash:20301] OK
[Debug] [2024-7-23 10:47:05] The value of Progress is 1
[Debug] [2024-7-23 10:47:06] The value of Progress is 6
[Debug] [2024-7-23 10:47:07] The value of Progress is 10
[Debug] [2024-7-23 10:47:08] The value of Progress is 15
[Debug] [2024-7-23 10:47:09] The value of Progress is 20
[Debug] [2024-7-23 10:47:09] The value of Progress is 25
[Debug] [2024-7-23 10:47:10] The value of Progress is 30
[Debug] [2024-7-23 10:47:11] The value of Progress is 35
[Debug] [2024-7-23 10:47:12] The value of Progress is 40
[Debug] [2024-7-23 10:47:13] The value of Progress is 45
[Debug] [2024-7-23 10:47:14] The value of Progress is 50
[Debug] [2024-7-23 10:47:14] The value of Progress is 55
[Debug] [2024-7-23 10:47:15] The value of Progress is 60
[Debug] [2024-7-23 10:47:16] The value of Progress is 65
[Debug] [2024-7-23 10:47:17] The value of Progress is 70
[Debug] [2024-7-23 10:47:18] The value of Progress is 75
[Debug] [2024-7-23 10:47:18] The value of Progress is 80
[Debug] [2024-7-23 10:47:19] The value of Progress is 85
[Debug] [2024-7-23 10:47:20] The value of Progress is 90
[Debug] [2024-7-23 10:47:21] The value of Progress is 95
[Debug] [2024-7-23 10:47:22] The value of Progress is 100
[Debug] [2024-7-23 10:47:22] COMMAND[Program Outer Flash] execute finish, takes 17.0 secs.
[Debug] [2024-7-23 10:47:22] begin to send jtag flash verify cmd
[Debug] [2024-7-23 10:47:22] Send RPC:8
[Debug] [2024-7-23 10:47:22] Begin to send embed flash verify data.
[Debug] [2024-7-23 10:47:22] Begin to send flash verify data.
[Debug] [2024-7-23 10:47:22] End to send flash verify data.
[Debug] [2024-7-23 10:47:22] End to send embed flash verify data.
[Debug] [2024-7-23 10:47:22] Send cmd [Verify Outer Flash:20303] OK
[Debug] [2024-7-23 10:47:22] The value of Progress is 1
[Debug] [2024-7-23 10:47:22] The value of Progress is 6
[Debug] [2024-7-23 10:47:22] The value of Progress is 10
[Debug] [2024-7-23 10:47:22] The value of Progress is 15
[Debug] [2024-7-23 10:47:22] The value of Progress is 20
[Debug] [2024-7-23 10:47:23] The value of Progress is 25
[Debug] [2024-7-23 10:47:23] The value of Progress is 30
[Debug] [2024-7-23 10:47:23] The value of Progress is 35
[Debug] [2024-7-23 10:47:23] The value of Progress is 40
[Debug] [2024-7-23 10:47:23] The value of Progress is 45
[Debug] [2024-7-23 10:47:23] The value of Progress is 50
[Debug] [2024-7-23 10:47:23] The value of Progress is 55
[Debug] [2024-7-23 10:47:23] The value of Progress is 60
[Debug] [2024-7-23 10:47:23] The value of Progress is 65
[Debug] [2024-7-23 10:47:23] The value of Progress is 70
[Debug] [2024-7-23 10:47:23] The value of Progress is 75
[Debug] [2024-7-23 10:47:23] The value of Progress is 80
[Debug] [2024-7-23 10:47:23] The value of Progress is 85
[Debug] [2024-7-23 10:47:23] The value of Progress is 90
[Debug] [2024-7-23 10:47:23] The value of Progress is 95
[Debug] [2024-7-23 10:47:23] The value of Progress is 100
[Debug] [2024-7-23 10:47:24] COMMAND[Verify Outer Flash] execute successfully, takes 1.7 secs.
[Debug] [2024-7-23 10:47:24] end to send jtag flash verify cmd
[Debug] [2024-7-23 10:47:24] end to send jtag flash program cmd.
[Debug] [2024-7-23 10:47:39] begin to send jtag flash erase cmd
[Debug] [2024-7-23 10:47:39] Send RPC:9
[Debug] [2024-7-23 10:47:39] Begin to send embed flash erase data.
[Debug] [2024-7-23 10:47:39] Begin to send flash erase data.
[Debug] [2024-7-23 10:47:39] End to send flash erase data.
[Debug] [2024-7-23 10:47:39] End to send embed flash erase data.
[Debug] [2024-7-23 10:47:39] Send cmd [Erase Outer Flash:20302] OK
[Debug] [2024-7-23 10:47:40] The value of Progress is 1
[Debug] [2024-7-23 10:47:40] The value of Progress is 6
[Debug] [2024-7-23 10:47:40] The value of Progress is 12
[Debug] [2024-7-23 10:47:40] The value of Progress is 18
[Debug] [2024-7-23 10:47:40] The value of Progress is 25
[Debug] [2024-7-23 10:47:40] The value of Progress is 31
[Debug] [2024-7-23 10:47:41] The value of Progress is 37
[Debug] [2024-7-23 10:47:41] The value of Progress is 43
[Debug] [2024-7-23 10:47:41] The value of Progress is 50
[Debug] [2024-7-23 10:47:41] The value of Progress is 56
[Debug] [2024-7-23 10:47:41] The value of Progress is 62
[Debug] [2024-7-23 10:47:41] The value of Progress is 68
[Debug] [2024-7-23 10:47:41] The value of Progress is 75
[Debug] [2024-7-23 10:47:41] The value of Progress is 81
[Debug] [2024-7-23 10:47:41] The value of Progress is 87
[Debug] [2024-7-23 10:47:42] The value of Progress is 93
[Debug] [2024-7-23 10:47:42] The value of Progress is 100
[Debug] [2024-7-23 10:47:42] COMMAND[Erase Outer Flash] execute finish, takes 2.5 secs.
[Debug] [2024-7-23 10:47:42] end to send jtag flash erase cmd.
[Debug] [2024-7-23 10:48:07] begin to send promgram jtag flash cmd.
[Debug] [2024-7-23 10:48:07] begin to send jtag flash erase cmd
[Debug] [2024-7-23 10:48:07] Send RPC:10
[Debug] [2024-7-23 10:48:07] Begin to send embed flash erase data.
[Debug] [2024-7-23 10:48:07] Begin to send flash erase data.
[Debug] [2024-7-23 10:48:07] End to send flash erase data.
[Debug] [2024-7-23 10:48:07] End to send embed flash erase data.
[Debug] [2024-7-23 10:48:07] Send cmd [Erase Outer Flash:20302] OK
[Debug] [2024-7-23 10:48:07] The value of Progress is 1
[Debug] [2024-7-23 10:48:08] The value of Progress is 6
[Debug] [2024-7-23 10:48:08] The value of Progress is 12
[Debug] [2024-7-23 10:48:08] The value of Progress is 18
[Debug] [2024-7-23 10:48:08] The value of Progress is 25
[Debug] [2024-7-23 10:48:08] The value of Progress is 31
[Debug] [2024-7-23 10:48:08] The value of Progress is 37
[Debug] [2024-7-23 10:48:08] The value of Progress is 43
[Debug] [2024-7-23 10:48:08] The value of Progress is 50
[Debug] [2024-7-23 10:48:08] The value of Progress is 56
[Debug] [2024-7-23 10:48:09] The value of Progress is 62
[Debug] [2024-7-23 10:48:09] The value of Progress is 68
[Debug] [2024-7-23 10:48:09] The value of Progress is 75
[Debug] [2024-7-23 10:48:09] The value of Progress is 81
[Debug] [2024-7-23 10:48:09] The value of Progress is 87
[Debug] [2024-7-23 10:48:09] The value of Progress is 93
[Debug] [2024-7-23 10:48:09] The value of Progress is 100
[Debug] [2024-7-23 10:48:09] COMMAND[Erase Outer Flash] execute finish, takes 2.5 secs.
[Debug] [2024-7-23 10:48:09] end to send jtag flash erase cmd.
[Debug] [2024-7-23 10:48:09] Send RPC:11
[Debug] [2024-7-23 10:48:09] Begin to send jtag flash program data.
[Debug] [2024-7-23 10:48:09] Begin to send flash program data.
[Debug] [2024-7-23 10:48:09] End to send flash program data.
[Debug] [2024-7-23 10:48:09] End to send embed flash program data.
[Debug] [2024-7-23 10:48:09] Send cmd [Program Outer Flash:20301] OK
[Debug] [2024-7-23 10:48:10] The value of Progress is 1
[Debug] [2024-7-23 10:48:11] The value of Progress is 6
[Debug] [2024-7-23 10:48:11] The value of Progress is 10
[Debug] [2024-7-23 10:48:12] The value of Progress is 15
[Debug] [2024-7-23 10:48:13] The value of Progress is 20
[Debug] [2024-7-23 10:48:14] The value of Progress is 25
[Debug] [2024-7-23 10:48:15] The value of Progress is 30
[Debug] [2024-7-23 10:48:15] The value of Progress is 35
[Debug] [2024-7-23 10:48:16] The value of Progress is 40
[Debug] [2024-7-23 10:48:17] The value of Progress is 45
[Debug] [2024-7-23 10:48:18] The value of Progress is 50
[Debug] [2024-7-23 10:48:19] The value of Progress is 55
[Debug] [2024-7-23 10:48:19] The value of Progress is 60
[Debug] [2024-7-23 10:48:20] The value of Progress is 65
[Debug] [2024-7-23 10:48:21] The value of Progress is 70
[Debug] [2024-7-23 10:48:22] The value of Progress is 75
[Debug] [2024-7-23 10:48:23] The value of Progress is 80
[Debug] [2024-7-23 10:48:24] The value of Progress is 85
[Debug] [2024-7-23 10:48:25] The value of Progress is 90
[Debug] [2024-7-23 10:48:25] The value of Progress is 95
[Debug] [2024-7-23 10:48:26] The value of Progress is 100
[Debug] [2024-7-23 10:48:27] COMMAND[Program Outer Flash] execute finish, takes 17.2 secs.
[Debug] [2024-7-23 10:48:27] begin to send jtag flash verify cmd
[Debug] [2024-7-23 10:48:27] Send RPC:12
[Debug] [2024-7-23 10:48:27] Begin to send embed flash verify data.
[Debug] [2024-7-23 10:48:27] Begin to send flash verify data.
[Debug] [2024-7-23 10:48:27] End to send flash verify data.
[Debug] [2024-7-23 10:48:27] End to send embed flash verify data.
[Debug] [2024-7-23 10:48:27] Send cmd [Verify Outer Flash:20303] OK
[Debug] [2024-7-23 10:48:27] The value of Progress is 1
[Debug] [2024-7-23 10:48:27] The value of Progress is 6
[Debug] [2024-7-23 10:48:27] The value of Progress is 10
[Debug] [2024-7-23 10:48:27] The value of Progress is 15
[Debug] [2024-7-23 10:48:27] The value of Progress is 20
[Debug] [2024-7-23 10:48:27] The value of Progress is 25
[Debug] [2024-7-23 10:48:27] The value of Progress is 30
[Debug] [2024-7-23 10:48:27] The value of Progress is 35
[Debug] [2024-7-23 10:48:27] The value of Progress is 40
[Debug] [2024-7-23 10:48:28] The value of Progress is 45
[Debug] [2024-7-23 10:48:28] The value of Progress is 50
[Debug] [2024-7-23 10:48:28] The value of Progress is 55
[Debug] [2024-7-23 10:48:28] The value of Progress is 60
[Debug] [2024-7-23 10:48:28] The value of Progress is 65
[Debug] [2024-7-23 10:48:28] The value of Progress is 70
[Debug] [2024-7-23 10:48:28] The value of Progress is 75
[Debug] [2024-7-23 10:48:28] The value of Progress is 80
[Debug] [2024-7-23 10:48:28] The value of Progress is 85
[Debug] [2024-7-23 10:48:28] The value of Progress is 90
[Debug] [2024-7-23 10:48:28] The value of Progress is 95
[Debug] [2024-7-23 10:48:28] The value of Progress is 100
[Debug] [2024-7-23 10:48:28] COMMAND[Verify Outer Flash] execute successfully, takes 1.7 secs.
[Debug] [2024-7-23 10:48:28] end to send jtag flash verify cmd
[Debug] [2024-7-23 10:48:28] end to send jtag flash program cmd.
[Info] [2024-7-23 10:48:38] /***************************End Configration***************************/
