#Build: Fabric Compiler 2022.2-SP4.2, Build 132111, Aug 13 06:22 2023
#Install: E:\SoftWare\PDS\PDS_2022.2-SP4.2-ads\bin
#Application name: pds_shell.exe
#OS: Windows 10 10.0.23620
#Hostname: 1917Redbanner
Generated by Fabric Compiler (version 2022.2-SP4.2 build 132111) at Tue Jul 23 10:39:32 2024
Compiling verification operator library.
Compiling common defs.
Compiling prim grid devices.
Compiling gate devices.
Compiling gate operators.
Building architecture model.
Loading device packaging model.
pnr strategy configuration : 
strategy name : 0
Building architecture floorplan logic view.
Constraint check start.
Executing : def_port {led} LOC=M14 VCCIO=1.5 IOSTANDARD=LVCMOS15 DRIVE=8 SLEW=SLOW PULLUP=TRUE
Executing : def_port {led} LOC=M14 VCCIO=1.5 IOSTANDARD=LVCMOS15 DRIVE=8 SLEW=SLOW PULLUP=TRUE successfully
Executing : def_port {key} LOC=N5 VCCIO=3.3 IOSTANDARD=LVCMOS33 PULLUP=TRUE
C: ConstraintEditor-2002: [E:/NEU/FPGA/Learn/Learn_DigitalLogic/4WithHardware/logos/led/led_pango/device_map/led.pcf(line number: 4)] | Port key has been placed at location N5, whose type is share pin.
Executing : def_port {key} LOC=N5 VCCIO=3.3 IOSTANDARD=LVCMOS33 PULLUP=TRUE successfully
Constraint check end.
I: Column Clock Check open.
Read Column Clock Map.

Placement started.
Phase 1 Pre global placement started.
Phase 1.1 1st GP placement started.
Design Utilization : 1%.
First map gop timing takes 0.00 sec
Worst slack after clock region global placement is 2147483647
Wirelength after clock region global placement is 180 and checksum is ABDB51C731EF663F.
1st GP placement takes 0.42 sec.

Phase 1.2 Clock placement started.
Clock placement takes 0.02 sec.

Wirelength after Pre Global Placement is 180 and checksum is ABDB51C731EF663F.
Pre global placement takes 0.45 sec.

Phase 2 Global placement started.
Phase 2.1 Fixed placement started.
Placed fixed group with base inst key_ibuf/opit_1 on IOL_15_6.
Placed fixed group with base inst led_obuf/opit_1 on IOL_243_42.
Placed fixed instance BKCL_auto_0 on BKCL_245_144.
Placed fixed instance BKCL_auto_1 on BKCL_138_1.
Fixed placement takes 0.02 sec.

Phase 2.2 Process placement started.
Process placement takes 0.00 sec.

Phase 2.3 IO placement started.
IO placement takes 0.00 sec.

Phase 2.4 2nd GP placement started.
Run super clustering :
	Initial slack 2147483647.
	1 iterations finished.
	Final slack 2147483647.
Super clustering done.
Design Utilization : 1%.
Worst slack after global placement is 2147483647
2nd GP placement takes 0.06 sec.

Wirelength after global placement is 126 and checksum is 12D380A714C1ED23.
Global placement takes 0.08 sec.

Phase 3 Post global placement started.
Phase 3.1 Macro cell placement started.
I: Process macros using "Greedy".
Wirelength after macro cell placement is 126 and checksum is 12D380A714C1ED23.
Macro cell placement takes 0.00 sec.

Phase 3.2 3rd GP placement started.
Run super clustering :
	Initial slack 2147483647.
	1 iterations finished.
	Final slack 2147483647.
Super clustering done.
Design Utilization : 1%.
Worst slack after post global placement is 2147483647
3rd GP placement takes 0.02 sec.

Wirelength after post global placement is 126 and checksum is 12D380A714C1ED23.
Post global placement takes 0.02 sec.

Phase 4 Legalization started.
The average distance in LP is 36.500000.
Wirelength after legalization is 126 and checksum is 15D420671812972.
Legalization takes 0.00 sec.

Phase 5 Timing-driven detailed placement started.
Phase 5.1 Replication placement started.
Worst slack before Replication Place is 2147483647.
Replication placement takes 0.00 sec.

Wirelength after replication placement is 126 and checksum is 15D420671812972.
Phase 5.2 DP placement started.
Legalized cost 2147483647.000000.
The detailed placement ends at 0th iteration.
DP placement takes 0.00 sec.

Wirelength after detailed placement is 126 and checksum is 15D420671812972.
Timing-driven detailed placement takes 0.00 sec.

Worst slack is 2147483647, TNS after placement is 0.
Placement done.
Total placement takes 0.55 sec.
Finished placement.

Routing started.
Building routing graph takes 0.17 sec.
Worst slack is 2147483647, TNS before global route is 0.
Processing design graph takes 0.03 sec.
Total memory for routing:
	63.185057 M.
Total nets for routing : 6.
Rcf routing step 1 processed 0 nets, it takes 0.00 sec.
Rcf routing step 2 processed 0 nets, it takes 0.00 sec.
Rcf routing step 3 processed 0 nets, it takes 0.00 sec.
Global Routing step 1 processed 0 nets, it takes 0.00 sec.
Global Routing step 2 processed 0 nets, it takes 0.00 sec.
Unrouted nets 0 at the end of iteration 0.
Global Routing step 3 processed 2 nets, it takes 0.00 sec.
Global routing takes 0.00 sec.
Total 8 subnets.
    forward max bucket size 8 , backward 3.
        Unrouted nets 0 at the end of iteration 0.
    route iteration 0, CPU time elapsed 0.000000 sec.
Detailed routing takes 0 iterations
Detailed routing takes 0.00 sec.
Start fix hold violation.
Build tmp routing results takes 0.00 sec.
Timing analysis takes 0.00 sec.
No hold violation.
Hold Violation Fix in router takes 0 iterations.
Fix hold violation Finished.
Hold Violation Fix in router takes 0.00 sec.

Dispose routing result:
    Collect routing result.
    Delete unused device instances.
    Annotate routing result.
    Change LUT configuration.
    Dispose misc instances.
    Annotate routing result again.
Finish routing takes 0.00 sec.
Used SRB routing arc is 16.
Cleanup routing takes 0.00 sec.
Routing done.
Total routing takes 0.22 sec.


Device Utilization Summary :
+---------------------------------------------------------------------------+
| Logic Utilization        | Used     | Available     | Utilization(%)     
+---------------------------------------------------------------------------+
| Use of APM               | 0        | 40            | 0                  
| Use of BKCL              | 2        | 4             | 50                 
| Use of CLMA              | 0        | 3748          | 0                  
|   FF                     | 0        | 22488         | 0                  
|   LUT                    | 0        | 14992         | 0                  
|   LUT-FF pairs           | 0        | 14992         | 0                  
| Use of CLMS              | 1        | 1892          | 1                  
|   FF                     | 0        | 11352         | 0                  
|   LUT                    | 1        | 7568          | 1                  
|   LUT-FF pairs           | 0        | 7568          | 0                  
|   Distributed RAM        | 0        | 7568          | 0                  
| Use of CRYSTAL           | 0        | 4             | 0                  
| Use of DLL               | 0        | 8             | 0                  
| Use of DQSL              | 0        | 12            | 0                  
| Use of DRM               | 0        | 60            | 0                  
| Use of FUSECODE          | 0        | 1             | 0                  
| Use of HARD0N1           | 0        | 3480          | 0                  
| Use of IO                | 2        | 226           | 1                  
|   IOBD                   | 1        | 57            | 2                  
|   IOBR                   | 0        | 12            | 0                  
|   IOBS                   | 1        | 157           | 1                  
| Use of IOCKDIV           | 0        | 16            | 0                  
| Use of IOCKDLY           | 0        | 32            | 0                  
| Use of IOCKGATE          | 0        | 16            | 0                  
| Use of IOCKGMUX_TEST     | 0        | 16            | 0                  
| Use of IOL               | 2        | 308           | 1                  
| Use of IPAL              | 0        | 1             | 0                  
| Use of MFG_TEST          | 0        | 1             | 0                  
| Use of OSC               | 0        | 1             | 0                  
| Use of PLL               | 0        | 4             | 0                  
| Use of PREGMUX_TEST      | 0        | 4             | 0                  
| Use of RCKB              | 0        | 16            | 0                  
|  RCKB dataused           | 0        | 16            | 0                  
| Use of RCKBMUX_TEST      | 0        | 8             | 0                  
| Use of RESCAL            | 0        | 4             | 0                  
| Use of SCANCHAIN         | 0        | 2             | 0                  
| Use of START             | 1        | 1             | 100                
| Use of UDID              | 0        | 1             | 0                  
| Use of USCM              | 0        | 30            | 0                  
|  USCM dataused           | 0        | 30            | 0                  
| Use of USCMMUX_TEST      | 0        | 30            | 0                  
| Use of VCKBMUX_TEST      | 0        | 8             | 0                  
+---------------------------------------------------------------------------+

Finished routing.
Design 'led' has been placed and routed successfully.
Saving design to DB.
Finished placement and routing.
Action pnr: Real time elapsed is 0h:0m:8s
Action pnr: CPU time elapsed is 0h:0m:1s
Action pnr: Process CPU time elapsed is 0h:0m:1s
Current time: Tue Jul 23 10:39:38 2024
Action pnr: Peak memory pool usage is 811 MB
