#Build: Fabric Compiler 2022.2-SP4.2, Build 132111, Aug 13 06:22 2023
#Install: E:\SoftWare\PDS\PDS_2022.2-SP4.2-ads\bin
#Application name: pds_shell.exe
#OS: Windows 10 10.0.23620
#Hostname: 1917Redbanner
Generated by Fabric Compiler (version 2022.2-SP4.2 build 132111) at Wed Jul 24 21:01:48 2024
Compiling verification operator library.
Compiling common defs.
Compiling prim grid devices.
Compiling gate devices.
Compiling gate operators.
Building architecture model.
Loading device packaging model.
pnr strategy configuration : 
strategy name : 0
Building architecture floorplan logic view.
Constraint check start.
Executing : def_port {clk_25m} LOC=R10 VCCIO=3.3 IOSTANDARD=LVCMOS33 DRIVE=8 SLEW=FAST NONE=TRUE
Executing : def_port {clk_25m} LOC=R10 VCCIO=3.3 IOSTANDARD=LVCMOS33 DRIVE=8 SLEW=FAST NONE=TRUE successfully
Executing : def_port {clk_50m} LOC=R11 VCCIO=3.3 IOSTANDARD=LVCMOS33 DRIVE=8 SLEW=FAST NONE=TRUE
Executing : def_port {clk_50m} LOC=R11 VCCIO=3.3 IOSTANDARD=LVCMOS33 DRIVE=8 SLEW=FAST NONE=TRUE successfully
Executing : def_port {clk_100m} LOC=P12 VCCIO=3.3 IOSTANDARD=LVCMOS33 DRIVE=8 SLEW=FAST NONE=TRUE
C: ConstraintEditor-2002: [E:/NEU/FPGA/Learn/Learn_DigitalLogic/4WithHardware/logos/ip_pll/ip_pll/device_map/ip_pll.pcf(line number: 5)] | Port clk_100m has been placed at location P12, whose type is share pin.
Executing : def_port {clk_100m} LOC=P12 VCCIO=3.3 IOSTANDARD=LVCMOS33 DRIVE=8 SLEW=FAST NONE=TRUE successfully
Executing : def_port {clk_100m_180deg} LOC=T9 VCCIO=3.3 IOSTANDARD=LVCMOS33 DRIVE=8 SLEW=FAST NONE=TRUE
Executing : def_port {clk_100m_180deg} LOC=T9 VCCIO=3.3 IOSTANDARD=LVCMOS33 DRIVE=8 SLEW=FAST NONE=TRUE successfully
Executing : def_port {sys_clk} LOC=V9 VCCIO=3.3 IOSTANDARD=LVCMOS33 NONE=TRUE
Executing : def_port {sys_clk} LOC=V9 VCCIO=3.3 IOSTANDARD=LVCMOS33 NONE=TRUE successfully
Executing : def_port {sys_rst_n} LOC=C4 VCCIO=1.8 IOSTANDARD=LVCMOS18 NONE=TRUE
Executing : def_port {sys_rst_n} LOC=C4 VCCIO=1.8 IOSTANDARD=LVCMOS18 NONE=TRUE successfully
Constraint check end.
I: Column Clock Check open.
Read Column Clock Map.

Placement started.
Phase 1 Pre global placement started.
Mapping instance my_pll_clk/u_pll_e3/goppll to PLL_122_55.
Phase 1.1 1st GP placement started.
Design Utilization : 1%.
First map gop timing takes 0.00 sec
Worst slack after clock region global placement is 2147483647
Wirelength after clock region global placement is 464 and checksum is E252C6CF375E2176.
1st GP placement takes 0.48 sec.

Phase 1.2 Clock placement started.
Clock placement takes 0.02 sec.

Wirelength after Pre Global Placement is 464 and checksum is E252C6CF375E2176.
Pre global placement takes 0.52 sec.

Phase 2 Global placement started.
Phase 2.1 Fixed placement started.
Placed fixed group with base inst clk_25m_obuf/opit_1 on IOL_151_6.
Placed fixed group with base inst clk_50m_obuf/opit_1 on IOL_187_6.
Placed fixed group with base inst clk_100m_180deg_obuf/opit_1 on IOL_131_6.
Placed fixed group with base inst clk_100m_obuf/opit_1 on IOL_207_5.
Placed fixed group with base inst sys_clk_ibuf/opit_1 on IOL_131_5.
Placed fixed group with base inst sys_rst_n_ibuf/opit_1 on IOL_19_249.
Placed fixed instance my_pll_clk/u_pll_e3/goppll on PLL_122_55.
Placed fixed instance BKCL_auto_0 on BKCL_138_253.
Placed fixed instance BKCL_auto_1 on BKCL_138_1.
Fixed placement takes 0.00 sec.

Phase 2.2 Process placement started.
Process placement takes 0.02 sec.

Phase 2.3 IO placement started.
IO placement takes 0.00 sec.

Phase 2.4 2nd GP placement started.
Run super clustering :
	Initial slack 2147483647.
	1 iterations finished.
	Final slack 2147483647.
Super clustering done.
Design Utilization : 1%.
Worst slack after global placement is 2147483647
2nd GP placement takes 0.03 sec.

Wirelength after global placement is 279 and checksum is 26C46F06A4872A08.
Global placement takes 0.05 sec.

Phase 3 Post global placement started.
Phase 3.1 Macro cell placement started.
I: Process macros using "Greedy".
Wirelength after macro cell placement is 279 and checksum is 26C46F06A4872A08.
Macro cell placement takes 0.00 sec.

Phase 3.2 3rd GP placement started.
Run super clustering :
	Initial slack 2147483647.
	1 iterations finished.
	Final slack 2147483647.
Super clustering done.
Design Utilization : 1%.
Worst slack after post global placement is 2147483647
3rd GP placement takes 0.05 sec.

Wirelength after post global placement is 279 and checksum is 26C46F06A4872A08.
Post global placement takes 0.05 sec.

Phase 4 Legalization started.
The average distance in LP is 15.500000.
Wirelength after legalization is 279 and checksum is 84EC404EDF0E809F.
Legalization takes 0.00 sec.

Phase 5 Timing-driven detailed placement started.
Phase 5.1 Replication placement started.
Worst slack before Replication Place is 2147483647.
Replication placement takes 0.00 sec.

Wirelength after replication placement is 279 and checksum is 84EC404EDF0E809F.
Phase 5.2 DP placement started.
Legalized cost 2147483647.000000.
The detailed placement ends at 0th iteration.
DP placement takes 0.00 sec.

Wirelength after detailed placement is 279 and checksum is 84EC404EDF0E809F.
Timing-driven detailed placement takes 0.00 sec.

Worst slack is 2147483647, TNS after placement is 0.
Placement done.
Total placement takes 0.61 sec.
Finished placement.

Routing started.
Building routing graph takes 0.17 sec.
Worst slack is 2147483647, TNS before global route is 0.
Processing design graph takes 0.00 sec.
Total memory for routing:
	63.199057 M.
Total nets for routing : 24.
Rcf routing step 1 processed 0 nets, it takes 0.00 sec.
Rcf routing step 2 processed 0 nets, it takes 0.00 sec.
Rcf routing step 3 processed 0 nets, it takes 0.00 sec.
Global Routing step 1 processed 0 nets, it takes 0.00 sec.
Global Routing step 2 processed 0 nets, it takes 0.00 sec.
Unrouted nets 0 at the end of iteration 0.
Global Routing step 3 processed 1 nets, it takes 0.00 sec.
Global routing takes 0.02 sec.
Total 25 subnets.
    forward max bucket size 964 , backward 1631.
        Unrouted nets 4 at the end of iteration 0.
    route iteration 0, CPU time elapsed 0.000000 sec.
    forward max bucket size 905 , backward 1620.
        Unrouted nets 3 at the end of iteration 1.
    route iteration 1, CPU time elapsed 0.000000 sec.
    forward max bucket size 759 , backward 1112.
        Unrouted nets 2 at the end of iteration 2.
    route iteration 2, CPU time elapsed 0.000000 sec.
    forward max bucket size 759 , backward 1112.
        Unrouted nets 2 at the end of iteration 3.
    route iteration 3, CPU time elapsed 0.000000 sec.
    forward max bucket size 702 , backward 982.
        Unrouted nets 0 at the end of iteration 4.
    route iteration 4, CPU time elapsed 0.000000 sec.
Detailed routing takes 4 iterations
Detailed routing takes 0.00 sec.
Start fix hold violation.
Build tmp routing results takes 0.00 sec.
Timing analysis takes 0.00 sec.
No hold violation.
Hold Violation Fix in router takes 0 iterations.
Fix hold violation Finished.
Hold Violation Fix in router takes 0.00 sec.

Dispose routing result:
    Collect routing result.
    Delete unused device instances.
    Annotate routing result.
    Change LUT configuration.
    Dispose misc instances.
    Annotate routing result again.
Finish routing takes 0.00 sec.
Used SRB routing arc is 199.
Cleanup routing takes 0.00 sec.
Routing done.
Total routing takes 0.25 sec.


Device Utilization Summary :
+---------------------------------------------------------------------------+
| Logic Utilization        | Used     | Available     | Utilization(%)     
+---------------------------------------------------------------------------+
| Use of APM               | 0        | 40            | 0                  
| Use of BKCL              | 2        | 4             | 50                 
| Use of CLMA              | 1        | 3748          | 1                  
|   FF                     | 0        | 22488         | 0                  
|   LUT                    | 1        | 14992         | 1                  
|   LUT-FF pairs           | 0        | 14992         | 0                  
| Use of CLMS              | 0        | 1892          | 0                  
|   FF                     | 0        | 11352         | 0                  
|   LUT                    | 0        | 7568          | 0                  
|   LUT-FF pairs           | 0        | 7568          | 0                  
|   Distributed RAM        | 0        | 7568          | 0                  
| Use of CRYSTAL           | 0        | 4             | 0                  
| Use of DLL               | 0        | 8             | 0                  
| Use of DQSL              | 0        | 12            | 0                  
| Use of DRM               | 0        | 60            | 0                  
| Use of FUSECODE          | 0        | 1             | 0                  
| Use of HARD0N1           | 4        | 3480          | 1                  
| Use of IO                | 6        | 226           | 3                  
|   IOBD                   | 3        | 57            | 6                  
|   IOBR                   | 1        | 12            | 9                  
|   IOBS                   | 2        | 157           | 2                  
| Use of IOCKDIV           | 0        | 16            | 0                  
| Use of IOCKDLY           | 0        | 32            | 0                  
| Use of IOCKGATE          | 0        | 16            | 0                  
| Use of IOCKGMUX_TEST     | 0        | 16            | 0                  
| Use of IOL               | 6        | 308           | 2                  
| Use of IPAL              | 0        | 1             | 0                  
| Use of MFG_TEST          | 0        | 1             | 0                  
| Use of OSC               | 0        | 1             | 0                  
| Use of PLL               | 1        | 4             | 25                 
| Use of PREGMUX_TEST      | 0        | 4             | 0                  
| Use of RCKB              | 0        | 16            | 0                  
|  RCKB dataused           | 0        | 16            | 0                  
| Use of RCKBMUX_TEST      | 0        | 8             | 0                  
| Use of RESCAL            | 0        | 4             | 0                  
| Use of SCANCHAIN         | 0        | 2             | 0                  
| Use of START             | 1        | 1             | 100                
| Use of UDID              | 0        | 1             | 0                  
| Use of USCM              | 4        | 30            | 14                 
|  USCM dataused           | 0        | 30            | 0                  
| Use of USCMMUX_TEST      | 0        | 30            | 0                  
| Use of VCKBMUX_TEST      | 0        | 8             | 0                  
+---------------------------------------------------------------------------+

Finished routing.
Design 'ip_pll' has been placed and routed successfully.
Saving design to DB.
Finished placement and routing.
Action pnr: Real time elapsed is 0h:0m:8s
Action pnr: CPU time elapsed is 0h:0m:1s
Action pnr: Process CPU time elapsed is 0h:0m:1s
Current time: Wed Jul 24 21:01:54 2024
Action pnr: Peak memory pool usage is 812 MB
