#Build: Fabric Compiler 2022.2-SP4.2, Build 132111, Aug 13 06:22 2023
#Install: C:\pango\PDS_2022.2-SP4.2-ads\bin
#Application name: pds_shell.exe
#OS: Windows 10 10.0.19045
#Hostname: DESKTOP-4RPI1H2
Generated by Fabric Compiler (version 2022.2-SP4.2 build 132111) at Mon Oct 16 14:41:07 2023
License checkout: fabric_ads from E:\PDS_LIC\new_pds_584120290F2C.lic
Compiling verification operator library.
Loading technology operator library.
Compiling technology operator library.
Compiling technology operator (valence) library.
I: Enable Verilog2k features and keywords
Start rtl-analyze.
Executing : .rtl_analyze -work work -include_path {D:/Desktop/50G/34_hs_dual_ad/prj} D:/Desktop/50G/34_hs_dual_ad/rtl/hs_dual_ad.v
I: Verilog-0001: Analyzing file D:/Desktop/50G/34_hs_dual_ad/rtl/hs_dual_ad.v
I: Verilog-0002: [D:/Desktop/50G/34_hs_dual_ad/rtl/hs_dual_ad.v(line number: 22)] Analyzing module hs_dual_ad (library work)
Parsing done.
Executing : .rtl_analyze -work work -include_path {D:/Desktop/50G/34_hs_dual_ad/prj} D:/Desktop/50G/34_hs_dual_ad/rtl/hs_dual_ad.v successfully.
Executing : .rtl_analyze -include_path {D:/Desktop/50G/34_hs_dual_ad/prj} D:/Desktop/50G/34_hs_dual_ad/prj/ipcore/pll_clk/pll_clk.v
I: Verilog-0001: Analyzing file D:/Desktop/50G/34_hs_dual_ad/prj/ipcore/pll_clk/pll_clk.v
I: Verilog-0002: [D:/Desktop/50G/34_hs_dual_ad/prj/ipcore/pll_clk/pll_clk.v(line number: 18)] Analyzing module pll_clk (library work)
Parsing done.
Executing : .rtl_analyze -include_path {D:/Desktop/50G/34_hs_dual_ad/prj} D:/Desktop/50G/34_hs_dual_ad/prj/ipcore/pll_clk/pll_clk.v successfully.
I: Module "hs_dual_ad" is set as top module.
Executing : rtl-analyze successfully. Time elapsed: 1.238s wall, 0.000s user + 0.016s system = 0.016s CPU (1.3%)

Start rtl-elaborate.
I: Verilog-0003: [D:/Desktop/50G/34_hs_dual_ad/rtl/hs_dual_ad.v(line number: 22)] Elaborating module hs_dual_ad
I: Verilog-0004: [D:/Desktop/50G/34_hs_dual_ad/rtl/hs_dual_ad.v(line number: 61)] Elaborating instance u_pll_clk
I: Verilog-0003: [D:/Desktop/50G/34_hs_dual_ad/prj/ipcore/pll_clk/pll_clk.v(line number: 18)] Elaborating module pll_clk
I: Verilog-0004: [D:/Desktop/50G/34_hs_dual_ad/prj/ipcore/pll_clk/pll_clk.v(line number: 230)] Elaborating instance u_pll_e3
W: Verilog-2021: [D:/Desktop/50G/34_hs_dual_ad/prj/ipcore/pll_clk/pll_clk.v(line number: 117)] Net clkfb in pll_clk(original module pll_clk) does not have a driver, tie it to 0
W: Verilog-2021: [D:/Desktop/50G/34_hs_dual_ad/prj/ipcore/pll_clk/pll_clk.v(line number: 120)] Net pfden in pll_clk(original module pll_clk) does not have a driver, tie it to 0
W: Verilog-2021: [D:/Desktop/50G/34_hs_dual_ad/prj/ipcore/pll_clk/pll_clk.v(line number: 121)] Net clkout0_gate in pll_clk(original module pll_clk) does not have a driver, tie it to 0
W: Verilog-2021: [D:/Desktop/50G/34_hs_dual_ad/prj/ipcore/pll_clk/pll_clk.v(line number: 122)] Net clkout0_2pad_gate in pll_clk(original module pll_clk) does not have a driver, tie it to 0
W: Verilog-2021: [D:/Desktop/50G/34_hs_dual_ad/prj/ipcore/pll_clk/pll_clk.v(line number: 123)] Net clkout1_gate in pll_clk(original module pll_clk) does not have a driver, tie it to 0
W: Verilog-2021: [D:/Desktop/50G/34_hs_dual_ad/prj/ipcore/pll_clk/pll_clk.v(line number: 124)] Net clkout2_gate in pll_clk(original module pll_clk) does not have a driver, tie it to 0
W: Verilog-2021: [D:/Desktop/50G/34_hs_dual_ad/prj/ipcore/pll_clk/pll_clk.v(line number: 125)] Net clkout3_gate in pll_clk(original module pll_clk) does not have a driver, tie it to 0
W: Verilog-2021: [D:/Desktop/50G/34_hs_dual_ad/prj/ipcore/pll_clk/pll_clk.v(line number: 126)] Net clkout4_gate in pll_clk(original module pll_clk) does not have a driver, tie it to 0
W: Verilog-2021: [D:/Desktop/50G/34_hs_dual_ad/prj/ipcore/pll_clk/pll_clk.v(line number: 127)] Net clkout5_gate in pll_clk(original module pll_clk) does not have a driver, tie it to 0
W: Verilog-2021: [D:/Desktop/50G/34_hs_dual_ad/prj/ipcore/pll_clk/pll_clk.v(line number: 128)] Net dyn_idiv in pll_clk(original module pll_clk) does not have a driver, tie it to 0
W: Verilog-2021: [D:/Desktop/50G/34_hs_dual_ad/prj/ipcore/pll_clk/pll_clk.v(line number: 129)] Net dyn_odiv0 in pll_clk(original module pll_clk) does not have a driver, tie it to 0
W: Verilog-2021: [D:/Desktop/50G/34_hs_dual_ad/prj/ipcore/pll_clk/pll_clk.v(line number: 130)] Net dyn_odiv1 in pll_clk(original module pll_clk) does not have a driver, tie it to 0
W: Verilog-2021: [D:/Desktop/50G/34_hs_dual_ad/prj/ipcore/pll_clk/pll_clk.v(line number: 131)] Net dyn_odiv2 in pll_clk(original module pll_clk) does not have a driver, tie it to 0
W: Verilog-2021: [D:/Desktop/50G/34_hs_dual_ad/prj/ipcore/pll_clk/pll_clk.v(line number: 132)] Net dyn_odiv3 in pll_clk(original module pll_clk) does not have a driver, tie it to 0
W: Verilog-2021: [D:/Desktop/50G/34_hs_dual_ad/prj/ipcore/pll_clk/pll_clk.v(line number: 133)] Net dyn_odiv4 in pll_clk(original module pll_clk) does not have a driver, tie it to 0
W: Verilog-2021: [D:/Desktop/50G/34_hs_dual_ad/prj/ipcore/pll_clk/pll_clk.v(line number: 134)] Net dyn_fdiv in pll_clk(original module pll_clk) does not have a driver, tie it to 0
W: Verilog-2021: [D:/Desktop/50G/34_hs_dual_ad/prj/ipcore/pll_clk/pll_clk.v(line number: 135)] Net dyn_duty0 in pll_clk(original module pll_clk) does not have a driver, tie it to 0
W: Verilog-2021: [D:/Desktop/50G/34_hs_dual_ad/prj/ipcore/pll_clk/pll_clk.v(line number: 136)] Net dyn_duty1 in pll_clk(original module pll_clk) does not have a driver, tie it to 0
W: Verilog-2021: [D:/Desktop/50G/34_hs_dual_ad/prj/ipcore/pll_clk/pll_clk.v(line number: 137)] Net dyn_duty2 in pll_clk(original module pll_clk) does not have a driver, tie it to 0
W: Verilog-2021: [D:/Desktop/50G/34_hs_dual_ad/prj/ipcore/pll_clk/pll_clk.v(line number: 138)] Net dyn_duty3 in pll_clk(original module pll_clk) does not have a driver, tie it to 0
W: Verilog-2021: [D:/Desktop/50G/34_hs_dual_ad/prj/ipcore/pll_clk/pll_clk.v(line number: 139)] Net dyn_duty4 in pll_clk(original module pll_clk) does not have a driver, tie it to 0
Executing : rtl-elaborate successfully. Time elapsed: 0.001s wall, 0.000s user + 0.000s system = 0.000s CPU (n/a%)

Start rtl-prep.
Executing : rtl-prep successfully. Time elapsed: 0.001s wall, 0.000s user + 0.000s system = 0.000s CPU (n/a%)

Start rtl-infer.
Start DFF-inference.
Executing : DFF-inference successfully.
Executing : rtl-infer successfully. Time elapsed: 0.001s wall, 0.000s user + 0.000s system = 0.000s CPU (n/a%)

Start rtl-control-opt.
Executing : rtl-control-opt successfully. Time elapsed: 0.000s wall, 0.000s user + 0.000s system = 0.000s CPU (n/a%)

Start rtl-data-opt.
Executing : rtl-data-opt successfully. Time elapsed: 0.001s wall, 0.000s user + 0.000s system = 0.000s CPU (n/a%)

Start FSM inference.
Executing : FSM inference successfully. Time elapsed: 0.000s wall, 0.000s user + 0.000s system = 0.000s CPU (n/a%)

Start sdm2adm.
Executing : sdm2adm successfully. Time elapsed: 0.004s wall, 0.000s user + 0.000s system = 0.000s CPU (n/a%)

Saving design to DB.
Action compile: Real time elapsed is 0h:0m:3s
Action compile: CPU time elapsed is 0h:0m:0s
Action compile: Process CPU time elapsed is 0h:0m:0s
Current time: Mon Oct 16 14:41:09 2023
Action compile: Peak memory pool usage is 135 MB
