#Build: Fabric Compiler 2022.2-SP4.2, Build 132111, Aug 13 06:22 2023
#Install: E:\SoftWare\PDS\PDS_2022.2-SP4.2-ads\bin
#Application name: pds_shell.exe
#OS: Windows 10 10.0.23620
#Hostname: 1917Redbanner
Generated by Fabric Compiler (version 2022.2-SP4.2 build 132111) at Tue Jul 23 10:41:17 2024
Compiling verification operator library.
Compiling common defs.
Compiling prim grid devices.
Compiling gate devices.
Compiling gate operators.
Building architecture model.
Loading device packaging model.
Reading design from DB.
Start Generating Programming File...
Reading design from DB takes 0.000000 sec.
Generating architecture configuration.
The bitstream file is "E:/NEU/FPGA/Learn/Learn_DigitalLogic/4WithHardware/logos/led/led_pango/generate_bitstream/led.sbit"
Generate programming file takes 0.234375 sec.
Generating Programming File done.
Action gen_bit_stream: Real time elapsed is 0h:0m:5s
Action gen_bit_stream: CPU time elapsed is 0h:0m:1s
Action gen_bit_stream: Process CPU time elapsed is 0h:0m:1s
Current time: Tue Jul 23 10:41:20 2024
Action gen_bit_stream: Peak memory pool usage is 381 MB
