[Info] [2023-10-16 14:29:13] /***************************Start Configuration***************************/
[Info] [2023-10-16 14:29:13] Path: C:/pango/PDS_2022.2-SP4.2-ads/bin
[Info] [2023-10-16 14:29:13] Version: 132111
[Info] [2023-10-16 14:29:14] Current Path: D:/Desktop/50G/34_hs_dual_ad/prj
[Info] [2023-10-16 14:29:14] PDS Dir Path: D:/Desktop/50G/34_hs_dual_ad/prj
[Info] [2023-10-16 14:29:21] /***************************End Configration***************************/
[Info] [2023-10-16 15:14:18] /***************************Start Configuration***************************/
[Info] [2023-10-16 15:14:18] Path: C:/pango/PDS_2022.2-SP4.2-ads/bin
[Info] [2023-10-16 15:14:18] Version: 132111
[Info] [2023-10-16 15:14:19] Current Path: D:/Desktop/50G/34_hs_dual_ad/prj
[Info] [2023-10-16 15:14:19] PDS Dir Path: D:/Desktop/50G/34_hs_dual_ad/prj
[Debug] [2023-10-16 15:14:38] Begin to Converte file.
[Debug] [2023-10-16 15:15:12] End to Converte file.
[Info] [2023-10-16 15:15:15] Configuration is not connect with server. connect first then scan chain.
[Debug] [2023-10-16 15:15:15] Client Local host name:DESKTOP-4RPI1H2
[Debug] [2023-10-16 15:15:15] Client Local Address:192.168.2.201
[Debug] [2023-10-16 15:15:15] Server Address:127.0.0.1, Port:65420
[Info] [2023-10-16 15:15:16] Connect OK, Server: 127.0.0.1  Port: 65420
[Debug] [2023-10-16 15:15:16] Finish.
[Info] [2023-10-16 15:15:16] Connect server succeeded
[Debug] [2023-10-16 15:15:16] Send RPC:1
[Debug] [2023-10-16 15:15:16] Send cmd [check version information:40004] OK
[Debug] [2023-10-16 15:15:17] Send RPC:2
[Debug] [2023-10-16 15:15:17] Send cmd [get_cable_paras:40010] OK
[Debug] [2023-10-16 15:15:17] Begin to send initialize chain cmd...
[Debug] [2023-10-16 15:15:17] Send RPC:3
[Debug] [2023-10-16 15:15:17] Send cmd [Open config cable:20001] OK
[Debug] [2023-10-16 15:15:17] End to send initialize chain cmd.
[Debug] [2023-10-16 15:15:17] COMMAND[check version information] execute successfully, takes 1.3 secs.
[Debug] [2023-10-16 15:15:19] COMMAND[get_cable_paras] execute successfully, takes 2.2 secs.
[Debug] [2023-10-16 15:15:20] begin the exec of open cable cmd...
[Debug] [2023-10-16 15:15:20] Begin to deal with chain from server...
[Debug] [2023-10-16 15:15:20] Begin to set user chain...
[Debug] [2023-10-16 15:15:20] End to set user chain.
[Debug] [2023-10-16 15:15:20] Begin to update graphic item and tree item ...
[Debug] [2023-10-16 15:15:20] End to update graphic item and tree item ...
[Debug] [2023-10-16 15:15:25] selected file name is empty and ignore.
[Debug] [2023-10-16 15:15:25] Begin to update graphic item and tree item ...
[Debug] [2023-10-16 15:15:25] End to update graphic item and tree item ...
[Debug] [2023-10-16 15:15:25] End to deal wiht chain from server.
[Debug] [2023-10-16 15:15:25] end the exec of open cable cmd.
[Debug] [2023-10-16 15:15:25] COMMAND[Open config cable] execute successfully, takes 8.4 secs.
[Debug] [2023-10-16 15:15:27] Begin to send scan outer flash cmd...
[Debug] [2023-10-16 15:15:27] Send RPC:4
[Debug] [2023-10-16 15:15:27] Send cmd [Scan Outer SPI Flash:20300] OK
[Debug] [2023-10-16 15:15:27] End to send scan outer flash cmd.
[Debug] [2023-10-16 15:15:28] begin to exec scan jtag flash cmd...
[Debug] [2023-10-16 15:15:28] Begin to initialize JtagFlash for selected FPGA Device...
[Debug] [2023-10-16 15:15:28] Begin to update graphic item and tree item ...
[Debug] [2023-10-16 15:15:28] End to update graphic item and tree item ...
[Debug] [2023-10-16 15:15:50] selected file name is empty and ignore.
[Debug] [2023-10-16 15:15:50] End to initialize OuterFlash for selected FPGA Device...
[Debug] [2023-10-16 15:15:50] end to exec scan jtag flash cmd...
[Debug] [2023-10-16 15:15:50] COMMAND[Scan Outer SPI Flash] execute successfully, takes 23.1 secs.
[Debug] [2023-10-16 15:15:55] Begin to assign configuration file...
[Info] [2023-10-16 15:16:01] set OpenLastPath: D:/Desktop/test_top.sfc
[Debug] [2023-10-16 15:16:01] begin to check SFC File and Flash Device Read Mode.
[Debug] [2023-10-16 15:16:01] end to check SFC File and Flash Device Read Mode.
[Debug] [2023-10-16 15:16:01] Begin to update graphic item and tree item ...
[Debug] [2023-10-16 15:16:01] End to update graphic item and tree item ...
[Debug] [2023-10-16 15:16:01] End to assign configuration file...
[Debug] [2023-10-16 15:16:03] begin to send promgram jtag flash cmd.
[Debug] [2023-10-16 15:16:03] begin to send jtag flash erase cmd
[Debug] [2023-10-16 15:16:03] Send RPC:5
[Debug] [2023-10-16 15:16:03] Begin to send embed flash erase data.
[Debug] [2023-10-16 15:16:03] Begin to send flash erase data.
[Debug] [2023-10-16 15:16:03] End to send flash erase data.
[Debug] [2023-10-16 15:16:03] End to send embed flash erase data.
[Debug] [2023-10-16 15:16:03] Send cmd [Erase Outer Flash:20302] OK
[Debug] [2023-10-16 15:16:04] The value of Progress is 1
[Debug] [2023-10-16 15:16:04] The value of Progress is 6
[Debug] [2023-10-16 15:16:04] The value of Progress is 12
[Debug] [2023-10-16 15:16:04] The value of Progress is 18
[Debug] [2023-10-16 15:16:04] The value of Progress is 25
[Debug] [2023-10-16 15:16:04] The value of Progress is 31
[Debug] [2023-10-16 15:16:04] The value of Progress is 37
[Debug] [2023-10-16 15:16:04] The value of Progress is 43
[Debug] [2023-10-16 15:16:05] The value of Progress is 50
[Debug] [2023-10-16 15:16:05] The value of Progress is 56
[Debug] [2023-10-16 15:16:05] The value of Progress is 62
[Debug] [2023-10-16 15:16:05] The value of Progress is 68
[Debug] [2023-10-16 15:16:05] The value of Progress is 75
[Debug] [2023-10-16 15:16:05] The value of Progress is 81
[Debug] [2023-10-16 15:16:05] The value of Progress is 87
[Debug] [2023-10-16 15:16:05] The value of Progress is 93
[Debug] [2023-10-16 15:16:05] The value of Progress is 100
[Debug] [2023-10-16 15:16:06] COMMAND[Erase Outer Flash] execute finish, takes 2.5 secs.
[Debug] [2023-10-16 15:16:06] end to send jtag flash erase cmd.
[Debug] [2023-10-16 15:16:06] Send RPC:6
[Debug] [2023-10-16 15:16:06] Begin to send jtag flash program data.
[Debug] [2023-10-16 15:16:06] Begin to send flash program data.
[Debug] [2023-10-16 15:16:06] End to send flash program data.
[Debug] [2023-10-16 15:16:06] End to send embed flash program data.
[Debug] [2023-10-16 15:16:06] Send cmd [Program Outer Flash:20301] OK
[Debug] [2023-10-16 15:16:06] The value of Progress is 1
[Debug] [2023-10-16 15:16:07] The value of Progress is 6
[Debug] [2023-10-16 15:16:08] The value of Progress is 10
[Debug] [2023-10-16 15:16:08] The value of Progress is 15
[Debug] [2023-10-16 15:16:09] The value of Progress is 20
[Debug] [2023-10-16 15:16:10] The value of Progress is 25
[Debug] [2023-10-16 15:16:11] The value of Progress is 30
[Debug] [2023-10-16 15:16:12] The value of Progress is 35
[Debug] [2023-10-16 15:16:12] The value of Progress is 40
[Debug] [2023-10-16 15:16:13] The value of Progress is 45
[Debug] [2023-10-16 15:16:14] The value of Progress is 50
[Debug] [2023-10-16 15:16:15] The value of Progress is 55
[Debug] [2023-10-16 15:16:15] The value of Progress is 60
[Debug] [2023-10-16 15:16:16] The value of Progress is 65
[Debug] [2023-10-16 15:16:17] The value of Progress is 70
[Debug] [2023-10-16 15:16:18] The value of Progress is 75
[Debug] [2023-10-16 15:16:19] The value of Progress is 80
[Debug] [2023-10-16 15:16:19] The value of Progress is 85
[Debug] [2023-10-16 15:16:20] The value of Progress is 90
[Debug] [2023-10-16 15:16:21] The value of Progress is 95
[Debug] [2023-10-16 15:16:22] The value of Progress is 100
[Debug] [2023-10-16 15:16:22] COMMAND[Program Outer Flash] execute finish, takes 16.5 secs.
[Debug] [2023-10-16 15:16:22] begin to send jtag flash verify cmd
[Debug] [2023-10-16 15:16:22] Send RPC:7
[Debug] [2023-10-16 15:16:22] Begin to send embed flash verify data.
[Debug] [2023-10-16 15:16:22] Begin to send flash verify data.
[Debug] [2023-10-16 15:16:22] End to send flash verify data.
[Debug] [2023-10-16 15:16:22] End to send embed flash verify data.
[Debug] [2023-10-16 15:16:22] Send cmd [Verify Outer Flash:20303] OK
[Debug] [2023-10-16 15:16:23] The value of Progress is 1
[Debug] [2023-10-16 15:16:23] The value of Progress is 6
[Debug] [2023-10-16 15:16:23] The value of Progress is 10
[Debug] [2023-10-16 15:16:23] The value of Progress is 15
[Debug] [2023-10-16 15:16:23] The value of Progress is 20
[Debug] [2023-10-16 15:16:23] The value of Progress is 25
[Debug] [2023-10-16 15:16:23] The value of Progress is 30
[Debug] [2023-10-16 15:16:23] The value of Progress is 35
[Debug] [2023-10-16 15:16:23] The value of Progress is 40
[Debug] [2023-10-16 15:16:23] The value of Progress is 45
[Debug] [2023-10-16 15:16:23] The value of Progress is 50
[Debug] [2023-10-16 15:16:23] The value of Progress is 55
[Debug] [2023-10-16 15:16:23] The value of Progress is 60
[Debug] [2023-10-16 15:16:23] The value of Progress is 65
[Debug] [2023-10-16 15:16:23] The value of Progress is 70
[Debug] [2023-10-16 15:16:23] The value of Progress is 75
[Debug] [2023-10-16 15:16:23] The value of Progress is 80
[Debug] [2023-10-16 15:16:23] The value of Progress is 85
[Debug] [2023-10-16 15:16:23] The value of Progress is 90
[Debug] [2023-10-16 15:16:24] The value of Progress is 95
[Debug] [2023-10-16 15:16:24] The value of Progress is 100
[Debug] [2023-10-16 15:16:24] COMMAND[Verify Outer Flash] execute successfully, takes 1.7 secs.
[Debug] [2023-10-16 15:16:24] end to send jtag flash verify cmd
[Debug] [2023-10-16 15:16:24] end to send jtag flash program cmd.
[Debug] [2023-10-16 15:17:40] begin to send promgram jtag flash cmd.
[Debug] [2023-10-16 15:17:40] begin to send jtag flash erase cmd
[Debug] [2023-10-16 15:17:40] Send RPC:8
[Debug] [2023-10-16 15:17:40] Begin to send embed flash erase data.
[Debug] [2023-10-16 15:17:40] Begin to send flash erase data.
[Debug] [2023-10-16 15:17:40] End to send flash erase data.
[Debug] [2023-10-16 15:17:40] End to send embed flash erase data.
[Debug] [2023-10-16 15:17:40] Send cmd [Erase Outer Flash:20302] OK
[Debug] [2023-10-16 15:17:41] The value of Progress is 1
[Debug] [2023-10-16 15:17:41] The value of Progress is 6
[Debug] [2023-10-16 15:17:41] The value of Progress is 12
[Debug] [2023-10-16 15:17:41] The value of Progress is 18
[Debug] [2023-10-16 15:17:42] The value of Progress is 25
[Debug] [2023-10-16 15:17:42] The value of Progress is 31
[Debug] [2023-10-16 15:17:42] The value of Progress is 37
[Debug] [2023-10-16 15:17:42] The value of Progress is 43
[Debug] [2023-10-16 15:17:42] The value of Progress is 50
[Debug] [2023-10-16 15:17:42] The value of Progress is 56
[Debug] [2023-10-16 15:17:42] The value of Progress is 62
[Debug] [2023-10-16 15:17:42] The value of Progress is 68
[Debug] [2023-10-16 15:17:43] The value of Progress is 75
[Debug] [2023-10-16 15:17:43] The value of Progress is 81
[Debug] [2023-10-16 15:17:43] The value of Progress is 87
[Debug] [2023-10-16 15:17:43] The value of Progress is 93
[Debug] [2023-10-16 15:17:43] The value of Progress is 100
[Debug] [2023-10-16 15:17:43] COMMAND[Erase Outer Flash] execute finish, takes 2.8 secs.
[Debug] [2023-10-16 15:17:43] end to send jtag flash erase cmd.
[Debug] [2023-10-16 15:17:43] Send RPC:9
[Debug] [2023-10-16 15:17:43] Begin to send jtag flash program data.
[Debug] [2023-10-16 15:17:43] Begin to send flash program data.
[Debug] [2023-10-16 15:17:43] End to send flash program data.
[Debug] [2023-10-16 15:17:43] End to send embed flash program data.
[Debug] [2023-10-16 15:17:43] Send cmd [Program Outer Flash:20301] OK
[Debug] [2023-10-16 15:17:44] The value of Progress is 1
[Debug] [2023-10-16 15:17:45] The value of Progress is 6
[Debug] [2023-10-16 15:17:45] The value of Progress is 10
[Debug] [2023-10-16 15:17:46] The value of Progress is 15
[Debug] [2023-10-16 15:17:47] The value of Progress is 20
[Debug] [2023-10-16 15:17:48] The value of Progress is 25
[Debug] [2023-10-16 15:17:48] The value of Progress is 30
[Debug] [2023-10-16 15:17:49] The value of Progress is 35
[Debug] [2023-10-16 15:17:50] The value of Progress is 40
[Debug] [2023-10-16 15:17:51] The value of Progress is 45
[Debug] [2023-10-16 15:17:51] The value of Progress is 50
[Debug] [2023-10-16 15:17:52] The value of Progress is 55
[Debug] [2023-10-16 15:17:53] The value of Progress is 60
[Debug] [2023-10-16 15:17:54] The value of Progress is 65
[Debug] [2023-10-16 15:17:55] The value of Progress is 70
[Debug] [2023-10-16 15:17:55] The value of Progress is 75
[Debug] [2023-10-16 15:17:56] The value of Progress is 80
[Debug] [2023-10-16 15:17:57] The value of Progress is 85
[Debug] [2023-10-16 15:17:58] The value of Progress is 90
[Debug] [2023-10-16 15:17:59] The value of Progress is 95
[Debug] [2023-10-16 15:17:59] The value of Progress is 100
[Debug] [2023-10-16 15:18:00] COMMAND[Program Outer Flash] execute finish, takes 16.5 secs.
[Debug] [2023-10-16 15:18:00] begin to send jtag flash verify cmd
[Debug] [2023-10-16 15:18:00] Send RPC:10
[Debug] [2023-10-16 15:18:00] Begin to send embed flash verify data.
[Debug] [2023-10-16 15:18:00] Begin to send flash verify data.
[Debug] [2023-10-16 15:18:00] End to send flash verify data.
[Debug] [2023-10-16 15:18:00] End to send embed flash verify data.
[Debug] [2023-10-16 15:18:00] Send cmd [Verify Outer Flash:20303] OK
[Debug] [2023-10-16 15:18:00] The value of Progress is 1
[Debug] [2023-10-16 15:18:00] The value of Progress is 6
[Debug] [2023-10-16 15:18:00] The value of Progress is 10
[Debug] [2023-10-16 15:18:00] The value of Progress is 15
[Debug] [2023-10-16 15:18:00] The value of Progress is 20
[Debug] [2023-10-16 15:18:00] The value of Progress is 25
[Debug] [2023-10-16 15:18:00] The value of Progress is 30
[Debug] [2023-10-16 15:18:01] The value of Progress is 35
[Debug] [2023-10-16 15:18:01] The value of Progress is 40
[Debug] [2023-10-16 15:18:01] The value of Progress is 45
[Debug] [2023-10-16 15:18:01] The value of Progress is 50
[Debug] [2023-10-16 15:18:01] The value of Progress is 55
[Debug] [2023-10-16 15:18:01] The value of Progress is 60
[Debug] [2023-10-16 15:18:01] The value of Progress is 65
[Debug] [2023-10-16 15:18:01] The value of Progress is 70
[Debug] [2023-10-16 15:18:01] The value of Progress is 75
[Debug] [2023-10-16 15:18:01] The value of Progress is 80
[Debug] [2023-10-16 15:18:01] The value of Progress is 85
[Debug] [2023-10-16 15:18:01] The value of Progress is 90
[Debug] [2023-10-16 15:18:01] The value of Progress is 95
[Debug] [2023-10-16 15:18:01] The value of Progress is 100
[Debug] [2023-10-16 15:18:01] COMMAND[Verify Outer Flash] execute successfully, takes 1.7 secs.
[Debug] [2023-10-16 15:18:01] end to send jtag flash verify cmd
[Debug] [2023-10-16 15:18:01] end to send jtag flash program cmd.
[Debug] [2023-10-16 15:18:58] Begin to assign configuration file...
[Debug] [2023-10-16 15:19:02] selected file name is empty and ignore.
[Debug] [2023-10-16 15:19:02] End to assign configuration file...
[Debug] [2023-10-16 15:19:05] Begin to assign configuration file...
[Info] [2023-10-16 15:19:09] set OpenLastPath: D:/Desktop/50G/test_top50G.sfc
[Debug] [2023-10-16 15:19:09] begin to check SFC File and Flash Device Read Mode.
[Debug] [2023-10-16 15:19:09] end to check SFC File and Flash Device Read Mode.
[Debug] [2023-10-16 15:19:09] Begin to update graphic item and tree item ...
[Debug] [2023-10-16 15:19:09] End to update graphic item and tree item ...
[Debug] [2023-10-16 15:19:09] End to assign configuration file...
[Debug] [2023-10-16 15:19:11] begin to send promgram jtag flash cmd.
[Debug] [2023-10-16 15:19:11] begin to send jtag flash erase cmd
[Debug] [2023-10-16 15:19:11] Send RPC:11
[Debug] [2023-10-16 15:19:11] Begin to send embed flash erase data.
[Debug] [2023-10-16 15:19:11] Begin to send flash erase data.
[Debug] [2023-10-16 15:19:11] End to send flash erase data.
[Debug] [2023-10-16 15:19:11] End to send embed flash erase data.
[Debug] [2023-10-16 15:19:11] Send cmd [Erase Outer Flash:20302] OK
[Debug] [2023-10-16 15:19:11] The value of Progress is 1
[Debug] [2023-10-16 15:19:12] The value of Progress is 6
[Debug] [2023-10-16 15:19:12] The value of Progress is 12
[Debug] [2023-10-16 15:19:12] The value of Progress is 15
[Debug] [2023-10-16 15:19:12] The value of Progress is 21
[Debug] [2023-10-16 15:19:13] The value of Progress is 27
[Debug] [2023-10-16 15:19:13] The value of Progress is 30
[Debug] [2023-10-16 15:19:13] The value of Progress is 36
[Debug] [2023-10-16 15:19:13] The value of Progress is 42
[Debug] [2023-10-16 15:19:13] The value of Progress is 45
[Debug] [2023-10-16 15:19:14] The value of Progress is 51
[Debug] [2023-10-16 15:19:14] The value of Progress is 57
[Debug] [2023-10-16 15:19:14] The value of Progress is 60
[Debug] [2023-10-16 15:19:14] The value of Progress is 66
[Debug] [2023-10-16 15:19:14] The value of Progress is 72
[Debug] [2023-10-16 15:19:15] The value of Progress is 75
[Debug] [2023-10-16 15:19:15] The value of Progress is 81
[Debug] [2023-10-16 15:19:15] The value of Progress is 87
[Debug] [2023-10-16 15:19:15] The value of Progress is 90
[Debug] [2023-10-16 15:19:15] The value of Progress is 96
[Debug] [2023-10-16 15:19:15] The value of Progress is 100
[Debug] [2023-10-16 15:19:16] COMMAND[Erase Outer Flash] execute finish, takes 4.8 secs.
[Debug] [2023-10-16 15:19:16] end to send jtag flash erase cmd.
[Debug] [2023-10-16 15:19:16] Send RPC:12
[Debug] [2023-10-16 15:19:16] Begin to send jtag flash program data.
[Debug] [2023-10-16 15:19:16] Begin to send flash program data.
[Debug] [2023-10-16 15:19:16] End to send flash program data.
[Debug] [2023-10-16 15:19:16] End to send embed flash program data.
[Debug] [2023-10-16 15:19:16] Send cmd [Program Outer Flash:20301] OK
[Debug] [2023-10-16 15:19:16] The value of Progress is 1
[Debug] [2023-10-16 15:19:18] The value of Progress is 6
[Debug] [2023-10-16 15:19:19] The value of Progress is 10
[Debug] [2023-10-16 15:19:21] The value of Progress is 15
[Debug] [2023-10-16 15:19:23] The value of Progress is 20
[Debug] [2023-10-16 15:19:24] The value of Progress is 25
[Debug] [2023-10-16 15:19:26] The value of Progress is 30
[Debug] [2023-10-16 15:19:28] The value of Progress is 35
[Debug] [2023-10-16 15:19:29] The value of Progress is 40
[Debug] [2023-10-16 15:19:31] The value of Progress is 45
[Debug] [2023-10-16 15:19:32] The value of Progress is 50
[Debug] [2023-10-16 15:19:34] The value of Progress is 55
[Debug] [2023-10-16 15:19:36] The value of Progress is 60
[Debug] [2023-10-16 15:19:37] The value of Progress is 65
[Debug] [2023-10-16 15:19:39] The value of Progress is 70
[Debug] [2023-10-16 15:19:41] The value of Progress is 75
[Debug] [2023-10-16 15:19:42] The value of Progress is 80
[Debug] [2023-10-16 15:19:44] The value of Progress is 85
[Debug] [2023-10-16 15:19:46] The value of Progress is 90
[Debug] [2023-10-16 15:19:47] The value of Progress is 95
[Debug] [2023-10-16 15:19:49] The value of Progress is 100
[Debug] [2023-10-16 15:19:49] COMMAND[Program Outer Flash] execute finish, takes 33.4 secs.
[Debug] [2023-10-16 15:19:49] begin to send jtag flash verify cmd
[Debug] [2023-10-16 15:19:49] Send RPC:13
[Debug] [2023-10-16 15:19:49] Begin to send embed flash verify data.
[Debug] [2023-10-16 15:19:49] Begin to send flash verify data.
[Debug] [2023-10-16 15:19:49] End to send flash verify data.
[Debug] [2023-10-16 15:19:49] End to send embed flash verify data.
[Debug] [2023-10-16 15:19:49] Send cmd [Verify Outer Flash:20303] OK
[Debug] [2023-10-16 15:19:49] The value of Progress is 1
[Debug] [2023-10-16 15:19:50] The value of Progress is 6
[Debug] [2023-10-16 15:19:50] The value of Progress is 10
[Debug] [2023-10-16 15:19:50] The value of Progress is 15
[Debug] [2023-10-16 15:19:50] The value of Progress is 20
[Debug] [2023-10-16 15:19:50] The value of Progress is 25
[Debug] [2023-10-16 15:19:50] The value of Progress is 30
[Debug] [2023-10-16 15:19:50] The value of Progress is 35
[Debug] [2023-10-16 15:19:50] The value of Progress is 40
[Debug] [2023-10-16 15:19:50] The value of Progress is 45
[Debug] [2023-10-16 15:19:51] The value of Progress is 50
[Debug] [2023-10-16 15:19:51] The value of Progress is 55
[Debug] [2023-10-16 15:19:51] The value of Progress is 60
[Debug] [2023-10-16 15:19:51] The value of Progress is 65
[Debug] [2023-10-16 15:19:51] The value of Progress is 70
[Debug] [2023-10-16 15:19:51] The value of Progress is 75
[Debug] [2023-10-16 15:19:51] The value of Progress is 80
[Debug] [2023-10-16 15:19:51] The value of Progress is 85
[Debug] [2023-10-16 15:19:51] The value of Progress is 90
[Debug] [2023-10-16 15:19:51] The value of Progress is 95
[Debug] [2023-10-16 15:19:52] The value of Progress is 100
[Debug] [2023-10-16 15:19:52] COMMAND[Verify Outer Flash] execute successfully, takes 2.8 secs.
[Debug] [2023-10-16 15:19:52] end to send jtag flash verify cmd
[Debug] [2023-10-16 15:19:52] end to send jtag flash program cmd.
[Info] [2023-10-16 15:20:55] /***************************End Configration***************************/
[Info] [2024-7-25 15:21:29] /***************************Start Configuration***************************/
[Info] [2024-7-25 15:21:29] Path: E:/SoftWare/PDS/PDS_2022.2-SP4.2-ads/bin
[Info] [2024-7-25 15:21:29] Version: 132111
[Info] [2024-7-25 15:21:30] Current Path: E:/NEU/FPGA/Learn/Learn_DigitalLogic/4WithHardware/logos/Dual_AD/37_hs_dual_ad/prj
[Info] [2024-7-25 15:21:30] PDS Dir Path: E:/NEU/FPGA/Learn/Learn_DigitalLogic/4WithHardware/logos/Dual_AD/37_hs_dual_ad/prj
[Info] [2024-7-25 15:21:32] Configuration is not connect with server. connect first then scan chain.
[Debug] [2024-7-25 15:21:33] Client Local host name:1917Redbanner
[Debug] [2024-7-25 15:21:33] Client Local Address:26.72.101.115
[Debug] [2024-7-25 15:21:33] Client Local Address:169.254.91.53
[Debug] [2024-7-25 15:21:33] Client Local Address:169.254.216.215
[Debug] [2024-7-25 15:21:33] Client Local Address:58.154.169.81
[Debug] [2024-7-25 15:21:33] Server Address:127.0.0.1, Port:65420
[Info] [2024-7-25 15:21:33] Connect OK, Server: 127.0.0.1  Port: 65420
[Debug] [2024-7-25 15:21:33] Finish.
[Info] [2024-7-25 15:21:33] Connect server succeeded
[Debug] [2024-7-25 15:21:33] Send RPC:1
[Debug] [2024-7-25 15:21:33] Send cmd [check version information:40004] OK
[Debug] [2024-7-25 15:21:35] Send RPC:2
[Debug] [2024-7-25 15:21:35] Send cmd [get_cable_paras:40010] OK
[Debug] [2024-7-25 15:21:35] Begin to send initialize chain cmd...
[Debug] [2024-7-25 15:21:35] Send RPC:3
[Debug] [2024-7-25 15:21:35] Send cmd [Open config cable:20001] OK
[Debug] [2024-7-25 15:21:35] End to send initialize chain cmd.
[Debug] [2024-7-25 15:21:35] COMMAND[check version information] execute successfully, takes 1.5 secs.
[Debug] [2024-7-25 15:21:37] COMMAND[get_cable_paras] execute successfully, takes 1.9 secs.
[Debug] [2024-7-25 15:21:37] begin the exec of open cable cmd...
[Debug] [2024-7-25 15:21:37] Begin to deal with chain from server...
[Debug] [2024-7-25 15:21:37] Begin to set user chain...
[Debug] [2024-7-25 15:21:37] End to set user chain.
[Debug] [2024-7-25 15:21:37] Begin to update graphic item and tree item ...
[Debug] [2024-7-25 15:21:37] End to update graphic item and tree item ...
[Info] [2024-7-25 15:21:42] set OpenLastPath: E:/NEU/FPGA/Learn/Learn_DigitalLogic/4WithHardware/logos/Dual_AD/37_hs_dual_ad/prj/generate_bitstream/hs_dual_ad.sbit
[Debug] [2024-7-25 15:21:42] begin to get device info from CFG file...
[Debug] [2024-7-25 15:21:42] end to get device info from CFG file...
[Debug] [2024-7-25 15:21:42] Begin to update graphic item and tree item ...
[Debug] [2024-7-25 15:21:42] End to update graphic item and tree item ...
[Debug] [2024-7-25 15:21:42] Begin to update graphic item and tree item ...
[Debug] [2024-7-25 15:21:42] End to update graphic item and tree item ...
[Debug] [2024-7-25 15:21:42] End to deal wiht chain from server.
[Debug] [2024-7-25 15:21:42] end the exec of open cable cmd.
[Debug] [2024-7-25 15:21:42] COMMAND[Open config cable] execute successfully, takes 7.5 secs.
[Debug] [2024-7-25 15:21:48] Begin to send scan outer flash cmd...
[Debug] [2024-7-25 15:21:48] Send RPC:4
[Debug] [2024-7-25 15:21:48] Send cmd [Scan Outer SPI Flash:20300] OK
[Debug] [2024-7-25 15:21:48] End to send scan outer flash cmd.
[Debug] [2024-7-25 15:21:48] begin to exec scan jtag flash cmd...
[Debug] [2024-7-25 15:21:48] Begin to initialize JtagFlash for selected FPGA Device...
[Debug] [2024-7-25 15:21:48] Begin to update graphic item and tree item ...
[Debug] [2024-7-25 15:21:48] End to update graphic item and tree item ...
[Debug] [2024-7-25 15:21:50] selected file name is empty and ignore.
[Debug] [2024-7-25 15:21:50] End to initialize OuterFlash for selected FPGA Device...
[Debug] [2024-7-25 15:21:50] end to exec scan jtag flash cmd...
[Debug] [2024-7-25 15:21:50] COMMAND[Scan Outer SPI Flash] execute successfully, takes 2.9 secs.
[Debug] [2024-7-25 15:21:53] Begin to send programming cmd...
[Debug] [2024-7-25 15:21:53] Send RPC:5
[Debug] [2024-7-25 15:21:53] Begin to send program data.
[Debug] [2024-7-25 15:21:53] End to send program data.
[Debug] [2024-7-25 15:21:53] Send cmd [Program:20002] OK
[Debug] [2024-7-25 15:21:54] The value of Progress is 6
[Debug] [2024-7-25 15:21:54] The value of Progress is 10
[Debug] [2024-7-25 15:21:54] The value of Progress is 15
[Debug] [2024-7-25 15:21:54] The value of Progress is 20
[Debug] [2024-7-25 15:21:54] The value of Progress is 25
[Debug] [2024-7-25 15:21:54] The value of Progress is 30
[Debug] [2024-7-25 15:21:54] The value of Progress is 35
[Debug] [2024-7-25 15:21:54] The value of Progress is 40
[Debug] [2024-7-25 15:21:54] The value of Progress is 45
[Debug] [2024-7-25 15:21:54] The value of Progress is 50
[Debug] [2024-7-25 15:21:54] The value of Progress is 55
[Debug] [2024-7-25 15:21:54] The value of Progress is 60
[Debug] [2024-7-25 15:21:54] The value of Progress is 65
[Debug] [2024-7-25 15:21:54] The value of Progress is 70
[Debug] [2024-7-25 15:21:54] The value of Progress is 75
[Debug] [2024-7-25 15:21:54] The value of Progress is 80
[Debug] [2024-7-25 15:21:54] The value of Progress is 85
[Debug] [2024-7-25 15:21:54] The value of Progress is 90
[Debug] [2024-7-25 15:21:54] The value of Progress is 95
[Debug] [2024-7-25 15:21:54] The value of Progress is 100
[Debug] [2024-7-25 15:21:55] COMMAND[Program] execute successfully, takes 1.5 secs.
[Debug] [2024-7-25 15:21:55] End to send programming cmd.
[Debug] [2024-7-25 15:21:59] Begin to send test chain integrity cmd.
[Debug] [2024-7-25 15:21:59] Send RPC:6
[Debug] [2024-7-25 15:21:59] Send cmd [Jtag chain integrity test:20400] OK
[Debug] [2024-7-25 15:21:59] End to send test chain integrity cmd.
[Debug] [2024-7-25 15:21:59] Show Info: The total device number in the chain is : 1
[Debug] [2024-7-25 15:22:00] COMMAND[Jtag chain integrity test] execute successfully, takes 0.7 secs.
[Debug] [2024-7-25 16:16:00] Begin to Converte file.
[Debug] [2024-7-25 16:16:10] begin to parse sfc file.
[Debug] [2024-7-25 16:16:10] begin to get device info from CFG file...
[Debug] [2024-7-25 16:16:10] end to get device info from CFG file...
[Debug] [2024-7-25 16:16:10] begin to get device info from CFG file...
[Debug] [2024-7-25 16:16:10] end to get device info from CFG file...
[Debug] [2024-7-25 16:16:10] end to parse sfc file.
[Debug] [2024-7-25 16:16:12] End to Converte file.
[Debug] [2024-7-25 16:16:25] Begin to send scan outer flash cmd...
[Debug] [2024-7-25 16:16:25] Send RPC:7
[Debug] [2024-7-25 16:16:25] Send cmd [Scan Outer SPI Flash:20300] OK
[Debug] [2024-7-25 16:16:25] End to send scan outer flash cmd.
[Debug] [2024-7-25 16:16:26] begin to exec scan jtag flash cmd...
[Debug] [2024-7-25 16:16:26] Begin to initialize JtagFlash for selected FPGA Device...
[Debug] [2024-7-25 16:16:26] Begin to update graphic item and tree item ...
[Debug] [2024-7-25 16:16:26] End to update graphic item and tree item ...
[Info] [2024-7-25 16:16:28] set OpenLastPath: E:/NEU/FPGA/Learn/Learn_DigitalLogic/4WithHardware/logos/Dual_AD/37_hs_dual_ad/prj/generate_bitstream/hs_dual_ad.sfc
[Debug] [2024-7-25 16:16:28] begin to check SFC File and Flash Device Read Mode.
[Debug] [2024-7-25 16:16:28] end to check SFC File and Flash Device Read Mode.
[Debug] [2024-7-25 16:16:28] Begin to update graphic item and tree item ...
[Debug] [2024-7-25 16:16:28] End to update graphic item and tree item ...
[Debug] [2024-7-25 16:16:28] End to initialize OuterFlash for selected FPGA Device...
[Debug] [2024-7-25 16:16:28] end to exec scan jtag flash cmd...
[Debug] [2024-7-25 16:16:28] COMMAND[Scan Outer SPI Flash] execute successfully, takes 3.0 secs.
[Debug] [2024-7-25 16:16:30] begin to send promgram jtag flash cmd.
[Debug] [2024-7-25 16:16:30] begin to send jtag flash erase cmd
[Debug] [2024-7-25 16:16:30] Send RPC:8
[Debug] [2024-7-25 16:16:30] Begin to send embed flash erase data.
[Debug] [2024-7-25 16:16:30] Begin to send flash erase data.
[Debug] [2024-7-25 16:16:30] End to send flash erase data.
[Debug] [2024-7-25 16:16:30] End to send embed flash erase data.
[Debug] [2024-7-25 16:16:30] Send cmd [Erase Outer Flash:20302] OK
[Debug] [2024-7-25 16:16:30] The value of Progress is 1
[Debug] [2024-7-25 16:16:30] The value of Progress is 6
[Debug] [2024-7-25 16:16:31] The value of Progress is 12
[Debug] [2024-7-25 16:16:31] The value of Progress is 18
[Debug] [2024-7-25 16:16:31] The value of Progress is 25
[Debug] [2024-7-25 16:16:31] The value of Progress is 31
[Debug] [2024-7-25 16:16:31] The value of Progress is 37
[Debug] [2024-7-25 16:16:31] The value of Progress is 43
[Debug] [2024-7-25 16:16:31] The value of Progress is 50
[Debug] [2024-7-25 16:16:31] The value of Progress is 56
[Debug] [2024-7-25 16:16:31] The value of Progress is 62
[Debug] [2024-7-25 16:16:32] The value of Progress is 68
[Debug] [2024-7-25 16:16:32] The value of Progress is 75
[Debug] [2024-7-25 16:16:32] The value of Progress is 81
[Debug] [2024-7-25 16:16:32] The value of Progress is 87
[Debug] [2024-7-25 16:16:32] The value of Progress is 93
[Debug] [2024-7-25 16:16:32] The value of Progress is 100
[Debug] [2024-7-25 16:16:32] COMMAND[Erase Outer Flash] execute finish, takes 2.5 secs.
[Debug] [2024-7-25 16:16:32] end to send jtag flash erase cmd.
[Debug] [2024-7-25 16:16:32] Send RPC:9
[Debug] [2024-7-25 16:16:32] Begin to send jtag flash program data.
[Debug] [2024-7-25 16:16:32] Begin to send flash program data.
[Debug] [2024-7-25 16:16:32] End to send flash program data.
[Debug] [2024-7-25 16:16:32] End to send embed flash program data.
[Debug] [2024-7-25 16:16:32] Send cmd [Program Outer Flash:20301] OK
[Debug] [2024-7-25 16:16:33] The value of Progress is 1
[Debug] [2024-7-25 16:16:34] The value of Progress is 6
[Debug] [2024-7-25 16:16:34] The value of Progress is 10
[Debug] [2024-7-25 16:16:35] The value of Progress is 15
[Debug] [2024-7-25 16:16:36] The value of Progress is 20
[Debug] [2024-7-25 16:16:37] The value of Progress is 25
[Debug] [2024-7-25 16:16:37] The value of Progress is 30
[Debug] [2024-7-25 16:16:38] The value of Progress is 35
[Debug] [2024-7-25 16:16:39] The value of Progress is 40
[Debug] [2024-7-25 16:16:40] The value of Progress is 45
[Debug] [2024-7-25 16:16:41] The value of Progress is 50
[Debug] [2024-7-25 16:16:41] The value of Progress is 55
[Debug] [2024-7-25 16:16:42] The value of Progress is 60
[Debug] [2024-7-25 16:16:43] The value of Progress is 65
[Debug] [2024-7-25 16:16:44] The value of Progress is 70
[Debug] [2024-7-25 16:16:45] The value of Progress is 75
[Debug] [2024-7-25 16:16:45] The value of Progress is 80
[Debug] [2024-7-25 16:16:46] The value of Progress is 85
[Debug] [2024-7-25 16:16:47] The value of Progress is 90
[Debug] [2024-7-25 16:16:48] The value of Progress is 95
[Debug] [2024-7-25 16:16:49] The value of Progress is 100
[Debug] [2024-7-25 16:16:49] COMMAND[Program Outer Flash] execute finish, takes 16.6 secs.
[Debug] [2024-7-25 16:16:49] begin to send jtag flash verify cmd
[Debug] [2024-7-25 16:16:49] Send RPC:10
[Debug] [2024-7-25 16:16:49] Begin to send embed flash verify data.
[Debug] [2024-7-25 16:16:49] Begin to send flash verify data.
[Debug] [2024-7-25 16:16:49] End to send flash verify data.
[Debug] [2024-7-25 16:16:49] End to send embed flash verify data.
[Debug] [2024-7-25 16:16:49] Send cmd [Verify Outer Flash:20303] OK
[Debug] [2024-7-25 16:16:49] The value of Progress is 1
[Debug] [2024-7-25 16:16:49] The value of Progress is 6
[Debug] [2024-7-25 16:16:49] The value of Progress is 10
[Debug] [2024-7-25 16:16:50] The value of Progress is 15
[Debug] [2024-7-25 16:16:50] The value of Progress is 20
[Debug] [2024-7-25 16:16:50] The value of Progress is 25
[Debug] [2024-7-25 16:16:50] The value of Progress is 30
[Debug] [2024-7-25 16:16:50] The value of Progress is 35
[Debug] [2024-7-25 16:16:50] The value of Progress is 40
[Debug] [2024-7-25 16:16:50] The value of Progress is 45
[Debug] [2024-7-25 16:16:50] The value of Progress is 50
[Debug] [2024-7-25 16:16:50] The value of Progress is 55
[Debug] [2024-7-25 16:16:50] The value of Progress is 60
[Debug] [2024-7-25 16:16:50] The value of Progress is 65
[Debug] [2024-7-25 16:16:50] The value of Progress is 70
[Debug] [2024-7-25 16:16:50] The value of Progress is 75
[Debug] [2024-7-25 16:16:50] The value of Progress is 80
[Debug] [2024-7-25 16:16:50] The value of Progress is 85
[Debug] [2024-7-25 16:16:50] The value of Progress is 90
[Debug] [2024-7-25 16:16:50] The value of Progress is 95
[Debug] [2024-7-25 16:16:50] The value of Progress is 100
[Debug] [2024-7-25 16:16:51] COMMAND[Verify Outer Flash] execute successfully, takes 1.7 secs.
[Debug] [2024-7-25 16:16:51] end to send jtag flash verify cmd
[Debug] [2024-7-25 16:16:51] end to send jtag flash program cmd.
[Info] [2024-7-25 16:16:57] /***************************End Configration***************************/
