#Build: Fabric Compiler 2022.2-SP4.2, Build 132111, Aug 13 06:22 2023
#Install: C:\pango\PDS_2022.2-SP4.2-ads\bin
#Application name: pds_shell.exe
#OS: Windows 10 10.0.19045
#Hostname: DESKTOP-4RPI1H2
Generated by Fabric Compiler (version 2022.2-SP4.2 build 132111) at Mon Oct 16 14:34:57 2023
Compiling verification operator library.
Compiling common defs.
Compiling prim grid devices.
Compiling gate devices.
Compiling gate operators.
Building architecture model.
Loading device packaging model.
Reading design from pnr DB.
Start Report Post-PnR timing.
Constructing timing graph ...
Timing graph has been constructed successfully
W: Timing-4087: Port 'ad_clk_1' is not constrained, it is treated as combinational output.
W: Timing-4087: Port 'ad_clk_2' is not constrained, it is treated as combinational output.
W: Timing-4087: Port 'ad_oe_1' is not constrained, it is treated as combinational output.
W: Timing-4087: Port 'ad_oe_2' is not constrained, it is treated as combinational output.
W: Timing-4086: Port 'ad_data_1[0]' is not constrained, it is treated as combinational input.
W: Timing-4086: Port 'ad_data_1[1]' is not constrained, it is treated as combinational input.
W: Timing-4086: Port 'ad_data_1[2]' is not constrained, it is treated as combinational input.
W: Timing-4086: Port 'ad_data_1[3]' is not constrained, it is treated as combinational input.
W: Timing-4086: Port 'ad_data_1[4]' is not constrained, it is treated as combinational input.
W: Timing-4086: Port 'ad_data_1[5]' is not constrained, it is treated as combinational input.
W: Timing-4086: Port 'ad_data_1[6]' is not constrained, it is treated as combinational input.
W: Timing-4086: Port 'ad_data_1[7]' is not constrained, it is treated as combinational input.
W: Timing-4086: Port 'ad_data_1[8]' is not constrained, it is treated as combinational input.
W: Timing-4086: Port 'ad_data_1[9]' is not constrained, it is treated as combinational input.
W: Timing-4086: Port 'ad_data_2[0]' is not constrained, it is treated as combinational input.
W: Timing-4086: Port 'ad_data_2[1]' is not constrained, it is treated as combinational input.
W: Timing-4086: Port 'ad_data_2[2]' is not constrained, it is treated as combinational input.
W: Timing-4086: Port 'ad_data_2[3]' is not constrained, it is treated as combinational input.
W: Timing-4086: Port 'ad_data_2[4]' is not constrained, it is treated as combinational input.
W: Timing-4086: Port 'ad_data_2[5]' is not constrained, it is treated as combinational input.
W: Timing-4086: Port 'ad_data_2[6]' is not constrained, it is treated as combinational input.
W: Timing-4086: Port 'ad_data_2[7]' is not constrained, it is treated as combinational input.
W: Timing-4086: Port 'ad_data_2[8]' is not constrained, it is treated as combinational input.
W: Timing-4086: Port 'ad_data_2[9]' is not constrained, it is treated as combinational input.
W: Timing-4086: Port 'ad_otr_1' is not constrained, it is treated as combinational input.
W: Timing-4086: Port 'ad_otr_2' is not constrained, it is treated as combinational input.
Report timing is finished successfully.
Action report_timing: Real time elapsed is 0h:0m:7s
Action report_timing: CPU time elapsed is 0h:0m:5s
Action report_timing: Process CPU time elapsed is 0h:0m:5s
Current time: Mon Oct 16 14:35:03 2023
Action report_timing: Peak memory pool usage is 893 MB
