#Build: Fabric Configuration 2022.2-SP4.2, Build 132111, Aug 13 06:22 2023
#Install: E:\SoftWare\PDS\PDS_2022.2-SP4.2-ads\bin
#Application name: cdt_cfg.exe
#OS: Windows 10 10.0.23620
#Hostname: 1917Redbanner
Generated by Fabric Configuration (version 2022.2-SP4.2 build 132111) at Wed Jul 24 20:25:06 2024
M_PROCESS_FINISH_STARTED

Connecting to server[127.0.0.1 : 65420].
Connect to server[127.0.0.1 : 65420] successfully.
COMMAND[check version information] execute successfully, takes 2.5 secs.
The cable List : 
Cable index 0:USB Cable II/fffffffffffffffe 

COMMAND[get_cable_paras] execute successfully, takes 2.5 secs.
PANGO USB CABLE II cable driver: D2XX DLL
PGL25G
This device configure situation (done bit): 1
COMMAND[Open config cable] execute successfully, takes 5.6 secs.
The done bit is 1
COMMAND[Program] execute successfully, takes 1.8 secs.
The done bit is 1
COMMAND[Program] execute successfully, takes 1.5 secs.
The done bit is 1
COMMAND[Program] execute successfully, takes 1.5 secs.
The done bit is 1
COMMAND[Program] execute successfully, takes 1.5 secs.
