[Info] [2024-7-24 20:25:21] /***************************Start jtagserver***************************/
[Info] [2024-7-24 20:25:21] Path: E:/SoftWare/PDS/PDS_2022.2-SP4.2-ads/bin
[Info] [2024-7-24 20:25:21] Version: 132111
[Debug] [2024-7-24 20:25:24] Add a new user_thread, socket descriptor is 976 user_thread id is 000000000000A950
[Debug] [2024-7-24 20:25:24] After adding, map size is : 1
[Debug] [2024-7-24 20:25:24] Add a new user_thread, socket descriptor is 1148 user_thread id is 000000000000A950
[Debug] [2024-7-24 20:25:24] After adding, map size is : 2
[Debug] [2024-7-24 20:25:24] IP address of connecting client is : ::ffff:127.0.0.1
[Debug] [2024-7-24 20:25:24] IP address of connecting client is : ::ffff:127.0.0.1
[Debug] [2024-7-24 20:25:24] Remove the header data from the client, index : 0
[Debug] [2024-7-24 20:25:24] _total_bytes_size : 160
[Debug] [2024-7-24 20:25:24] Remove the header data from the client, index : 0
[Debug] [2024-7-24 20:25:24] _total_bytes_size : 96
[Debug] [2024-7-24 20:25:24] cmd id :40010cmd name : get_cable_paras
[Debug] [2024-7-24 20:25:26] cmd operation get_cable_paras releases locker
[Debug] [2024-7-24 20:25:26] Remove the header data from the client, index : 0
[Debug] [2024-7-24 20:25:26] _total_bytes_size : 101
[Debug] [2024-7-24 20:25:26] cmd id :20001cmd name : Open config cable
[Debug] [2024-7-24 20:25:27] the idcode from the scanning is: 0x10511899
[Debug] [2024-7-24 20:25:27] the idcode from the scanning is: 0x0
[Debug] [2024-7-24 20:25:27] the idcode from the scanning is: 0x0
[Debug] [2024-7-24 20:25:27] the idcode from the scanning is: 0x0
[Debug] [2024-7-24 20:25:27] the idcode from the scanning is: 0x0
[Debug] [2024-7-24 20:25:27] cmd operation Open config cable releases locker
[Debug] [2024-7-24 20:25:38] Remove the header data from the client, index : 0
[Debug] [2024-7-24 20:25:38] _total_bytes_size : 2c6
[Debug] [2024-7-24 20:25:38] cmd id :4e22cmd name : Program
[Debug] [2024-7-24 20:25:38] the idcode from the scanning is: 0x10511899
[Debug] [2024-7-24 20:25:38] the idcode from the scanning is: 0x0
[Debug] [2024-7-24 20:25:38] the idcode from the scanning is: 0x0
[Debug] [2024-7-24 20:25:38] the idcode from the scanning is: 0x0
[Debug] [2024-7-24 20:25:38] the idcode from the scanning is: 0x0
[Debug] [2024-7-24 20:25:38] begin to read back config registerregAddr is 4
[Debug] [2024-7-24 20:25:38] progress bar is 6
[Debug] [2024-7-24 20:25:38] progress bar is 10
[Debug] [2024-7-24 20:25:38] progress bar is 15
[Debug] [2024-7-24 20:25:38] progress bar is 20
[Debug] [2024-7-24 20:25:38] progress bar is 25
[Debug] [2024-7-24 20:25:38] progress bar is 30
[Debug] [2024-7-24 20:25:39] progress bar is 35
[Debug] [2024-7-24 20:25:39] progress bar is 40
[Debug] [2024-7-24 20:25:39] progress bar is 45
[Debug] [2024-7-24 20:25:39] progress bar is 50
[Debug] [2024-7-24 20:25:39] progress bar is 55
[Debug] [2024-7-24 20:25:39] progress bar is 60
[Debug] [2024-7-24 20:25:39] progress bar is 65
[Debug] [2024-7-24 20:25:39] progress bar is 70
[Debug] [2024-7-24 20:25:39] progress bar is 75
[Debug] [2024-7-24 20:25:39] progress bar is 80
[Debug] [2024-7-24 20:25:39] progress bar is 85
[Debug] [2024-7-24 20:25:39] progress bar is 90
[Debug] [2024-7-24 20:25:39] progress bar is 95
[Debug] [2024-7-24 20:25:39] progress bar is 100
[Debug] [2024-7-24 20:25:39] the value in the status register is :2096288
[Debug] [2024-7-24 20:25:40] cmd operation Program releases locker
[Debug] [2024-7-24 20:57:37] Remove the header data from the client, index : 0
[Debug] [2024-7-24 20:57:37] _total_bytes_size : 710
[Debug] [2024-7-24 20:57:37] cmd id :20002cmd name : Program
[Debug] [2024-7-24 20:57:37] the idcode from the scanning is: 0x10511899
[Debug] [2024-7-24 20:57:37] the idcode from the scanning is: 0x0
[Debug] [2024-7-24 20:57:37] the idcode from the scanning is: 0x0
[Debug] [2024-7-24 20:57:37] the idcode from the scanning is: 0x0
[Debug] [2024-7-24 20:57:37] the idcode from the scanning is: 0x0
[Debug] [2024-7-24 20:57:37] begin to read back config registerregAddr is 4
[Debug] [2024-7-24 20:57:37] progress bar is 6
[Debug] [2024-7-24 20:57:37] progress bar is 10
[Debug] [2024-7-24 20:57:37] progress bar is 15
[Debug] [2024-7-24 20:57:37] progress bar is 20
[Debug] [2024-7-24 20:57:37] progress bar is 25
[Debug] [2024-7-24 20:57:37] progress bar is 30
[Debug] [2024-7-24 20:57:37] progress bar is 35
[Debug] [2024-7-24 20:57:37] progress bar is 40
[Debug] [2024-7-24 20:57:37] progress bar is 45
[Debug] [2024-7-24 20:57:37] progress bar is 50
[Debug] [2024-7-24 20:57:38] progress bar is 55
[Debug] [2024-7-24 20:57:38] progress bar is 60
[Debug] [2024-7-24 20:57:38] progress bar is 65
[Debug] [2024-7-24 20:57:38] progress bar is 70
[Debug] [2024-7-24 20:57:38] progress bar is 75
[Debug] [2024-7-24 20:57:38] progress bar is 80
[Debug] [2024-7-24 20:57:38] progress bar is 85
[Debug] [2024-7-24 20:57:38] progress bar is 90
[Debug] [2024-7-24 20:57:38] progress bar is 95
[Debug] [2024-7-24 20:57:38] progress bar is 100
[Debug] [2024-7-24 20:57:38] the value in the status register is :2096288
[Debug] [2024-7-24 20:57:38] cmd operation Program releases locker
[Debug] [2024-7-24 21:04:51] Remove the header data from the client, index : 0
[Debug] [2024-7-24 21:04:51] _total_bytes_size : 710
[Debug] [2024-7-24 21:04:51] cmd id :20002cmd name : Program
[Debug] [2024-7-24 21:04:51] the idcode from the scanning is: 0x10511899
[Debug] [2024-7-24 21:04:51] the idcode from the scanning is: 0x0
[Debug] [2024-7-24 21:04:51] the idcode from the scanning is: 0x0
[Debug] [2024-7-24 21:04:51] the idcode from the scanning is: 0x0
[Debug] [2024-7-24 21:04:51] the idcode from the scanning is: 0x0
[Debug] [2024-7-24 21:04:51] begin to read back config registerregAddr is 4
[Debug] [2024-7-24 21:04:51] progress bar is 6
[Debug] [2024-7-24 21:04:51] progress bar is 10
[Debug] [2024-7-24 21:04:51] progress bar is 15
[Debug] [2024-7-24 21:04:51] progress bar is 20
[Debug] [2024-7-24 21:04:51] progress bar is 25
[Debug] [2024-7-24 21:04:51] progress bar is 30
[Debug] [2024-7-24 21:04:51] progress bar is 35
[Debug] [2024-7-24 21:04:51] progress bar is 40
[Debug] [2024-7-24 21:04:51] progress bar is 45
[Debug] [2024-7-24 21:04:51] progress bar is 50
[Debug] [2024-7-24 21:04:51] progress bar is 55
[Debug] [2024-7-24 21:04:52] progress bar is 60
[Debug] [2024-7-24 21:04:52] progress bar is 65
[Debug] [2024-7-24 21:04:52] progress bar is 70
[Debug] [2024-7-24 21:04:52] progress bar is 75
[Debug] [2024-7-24 21:04:52] progress bar is 80
[Debug] [2024-7-24 21:04:52] progress bar is 85
[Debug] [2024-7-24 21:04:52] progress bar is 90
[Debug] [2024-7-24 21:04:52] progress bar is 95
[Debug] [2024-7-24 21:04:52] progress bar is 100
[Debug] [2024-7-24 21:04:52] the value in the status register is :2096288
[Debug] [2024-7-24 21:04:52] cmd operation Program releases locker
[Debug] [2024-7-24 21:05:04] Remove the header data from the client, index : 0
[Debug] [2024-7-24 21:05:04] _total_bytes_size : 710
[Debug] [2024-7-24 21:05:04] cmd id :20002cmd name : Program
[Debug] [2024-7-24 21:05:04] the idcode from the scanning is: 0x10511899
[Debug] [2024-7-24 21:05:04] the idcode from the scanning is: 0x0
[Debug] [2024-7-24 21:05:04] the idcode from the scanning is: 0x0
[Debug] [2024-7-24 21:05:04] the idcode from the scanning is: 0x0
[Debug] [2024-7-24 21:05:04] the idcode from the scanning is: 0x0
[Debug] [2024-7-24 21:05:04] begin to read back config registerregAddr is 4
[Debug] [2024-7-24 21:05:04] progress bar is 6
[Debug] [2024-7-24 21:05:04] progress bar is 10
[Debug] [2024-7-24 21:05:04] progress bar is 15
[Debug] [2024-7-24 21:05:05] progress bar is 20
[Debug] [2024-7-24 21:05:05] progress bar is 25
[Debug] [2024-7-24 21:05:05] progress bar is 30
[Debug] [2024-7-24 21:05:05] progress bar is 35
[Debug] [2024-7-24 21:05:05] progress bar is 40
[Debug] [2024-7-24 21:05:05] progress bar is 45
[Debug] [2024-7-24 21:05:05] progress bar is 50
[Debug] [2024-7-24 21:05:05] progress bar is 55
[Debug] [2024-7-24 21:05:05] progress bar is 60
[Debug] [2024-7-24 21:05:05] progress bar is 65
[Debug] [2024-7-24 21:05:05] progress bar is 70
[Debug] [2024-7-24 21:05:05] progress bar is 75
[Debug] [2024-7-24 21:05:05] progress bar is 80
[Debug] [2024-7-24 21:05:05] progress bar is 85
[Debug] [2024-7-24 21:05:05] progress bar is 90
[Debug] [2024-7-24 21:05:05] progress bar is 95
[Debug] [2024-7-24 21:05:05] progress bar is 100
[Debug] [2024-7-24 21:05:05] the value in the status register is :2096288
[Debug] [2024-7-24 21:05:05] cmd operation Program releases locker
