# Reading E:/SoftWare/modelsim/tcl/vsim/pref.tcl
# //  ModelSim SE-64 10.5 Feb 13 2016 
# //
# //  Copyright 1991-2016 Mentor Graphics Corporation
# //  All Rights Reserved.
# //
# //  ModelSim SE-64 and its associated documentation contain trade
# //  secrets and commercial or financial information that are the property of
# //  Mentor Graphics Corporation and are privileged, confidential,
# //  and exempt from disclosure under the Freedom of Information Act,
# //  5 U.S.C. Section 552. Furthermore, this information
# //  is prohibited from disclosure under the Trade Secrets Act,
# //  18 U.S.C. Section 1905.
# //
# do {run_behav_compile.tcl}
# Model Technology ModelSim SE-64 vmap 10.5 Lib Mapping Utility 2016.02 Feb 13 2016
# vmap work ./work 
# Modifying modelsim.ini
# Model Technology ModelSim SE-64 vmap 10.5 Lib Mapping Utility 2016.02 Feb 13 2016
# vmap usim E:/SoftWare/modelsim/PDS2020.2_sp4.2_lib/usim 
# Modifying modelsim.ini
# Model Technology ModelSim SE-64 vmap 10.5 Lib Mapping Utility 2016.02 Feb 13 2016
# vmap adc E:/SoftWare/modelsim/PDS2020.2_sp4.2_lib/adc 
# Modifying modelsim.ini
# Model Technology ModelSim SE-64 vmap 10.5 Lib Mapping Utility 2016.02 Feb 13 2016
# vmap ddrc E:/SoftWare/modelsim/PDS2020.2_sp4.2_lib/ddrc 
# Modifying modelsim.ini
# Model Technology ModelSim SE-64 vmap 10.5 Lib Mapping Utility 2016.02 Feb 13 2016
# vmap ddrphy E:/SoftWare/modelsim/PDS2020.2_sp4.2_lib/ddrphy 
# Modifying modelsim.ini
# Model Technology ModelSim SE-64 vmap 10.5 Lib Mapping Utility 2016.02 Feb 13 2016
# vmap hsst_e2 E:/SoftWare/modelsim/PDS2020.2_sp4.2_lib/hsst_e2 
# Modifying modelsim.ini
# Model Technology ModelSim SE-64 vmap 10.5 Lib Mapping Utility 2016.02 Feb 13 2016
# vmap iolhr_dft E:/SoftWare/modelsim/PDS2020.2_sp4.2_lib/iolhr_dft 
# Modifying modelsim.ini
# Model Technology ModelSim SE-64 vmap 10.5 Lib Mapping Utility 2016.02 Feb 13 2016
# vmap ipal_e1 E:/SoftWare/modelsim/PDS2020.2_sp4.2_lib/ipal_e1 
# Modifying modelsim.ini
# Model Technology ModelSim SE-64 vmap 10.5 Lib Mapping Utility 2016.02 Feb 13 2016
# vmap pciegen2 E:/SoftWare/modelsim/PDS2020.2_sp4.2_lib/pciegen2 
# Modifying modelsim.ini
# Model Technology ModelSim SE-64 vlog 10.5 Compiler 2016.02 Feb 13 2016
# Start time: 19:47:38 on Jul 24,2024
# vlog -reportprogress 300 -work work E:/NEU/FPGA/Learn/Learn_DigitalLogic/4WithHardware/logos/ip_pll/ip_pll/ip_pll.v E:/NEU/FPGA/Learn/Learn_DigitalLogic/4WithHardware/logos/ip_pll/ip_pll/ipcore/pll_clk/pll_clk.v E:/NEU/FPGA/Learn/Learn_DigitalLogic/4WithHardware/logos/ip_pll/ip_pll/tb_ip_pll.v 
# -- Compiling module ip_pll
# -- Compiling module pll_clk
# -- Compiling module tb_ip_pll
# 
# Top level modules:
# 	tb_ip_pll
# End time: 19:47:38 on Jul 24,2024, Elapsed time: 0:00:00
# Errors: 0, Warnings: 0
# do {run_behav_simulate.tcl}
# vsim -novopt -L work -L usim -L adc -L ddrc -L ddrphy -L hsst_e2 -L iolhr_dft -L ipal_e1 -L pciegen2 tb_ip_pll usim.GTP_GRS 
# Start time: 19:47:39 on Jul 24,2024
# ** Warning: (vsim-8891) All optimizations are turned off because the -novopt switch is in effect. This will cause your simulation to run very slowly. If you are using this switch to preserve visibility for Debug or PLI features please see the User's Manual section on Preserving Object Visibility with vopt.
# Refreshing E:/NEU/FPGA/Learn/Learn_DigitalLogic/4WithHardware/logos/ip_pll/ip_pll/sim/behav/work.tb_ip_pll
# Loading work.tb_ip_pll
# Refreshing E:/NEU/FPGA/Learn/Learn_DigitalLogic/4WithHardware/logos/ip_pll/ip_pll/sim/behav/work.ip_pll
# Loading work.ip_pll
# Refreshing E:/NEU/FPGA/Learn/Learn_DigitalLogic/4WithHardware/logos/ip_pll/ip_pll/sim/behav/work.pll_clk
# Loading work.pll_clk
# Refreshing E:/SoftWare/modelsim/PDS2020.2_sp4.2_lib/usim.GTP_PLL_E3
# Loading usim.GTP_PLL_E3
# Refreshing E:/SoftWare/modelsim/PDS2020.2_sp4.2_lib/usim.GTP_GRS
# Loading usim.GTP_GRS
# .main_pane.wave.interior.cs.body.pw.wf
# .main_pane.structure.interior.cs.body.struct
# .main_pane.objects.interior.cs.body.tree
restart
# ** Warning: (vsim-8891) All optimizations are turned off because the -novopt switch is in effect. This will cause your simulation to run very slowly. If you are using this switch to preserve visibility for Debug or PLI features please see the User's Manual section on Preserving Object Visibility with vopt.
run
# Causality operation skipped due to absence of debug database file
run
# End time: 21:51:58 on Jul 24,2024, Elapsed time: 2:04:19
# Errors: 0, Warnings: 3
