#Build: Fabric Compiler 2022.2-SP4.2, Build 132111, Aug 13 06:22 2023
#Install: D:\ywd\pds_2022.2-sp4.2-ads-win64\PDS_2022.2-SP4.2-ads\bin
#Application name: pds_shell.exe
#OS: Windows 10 10.0.19045
#Hostname: DESKTOP-HN5R6GK
Generated by Fabric Compiler (version 2022.2-SP4.2 build 132111) at Tue May 14 09:08:06 2024
Compiling verification operator library.
Compiling common defs.
Compiling prim grid devices.
Compiling gate devices.
Compiling gate operators.
Building architecture model.
Loading device packaging model.
Reading design from DB.
Start Generating Programming File...
Reading design from DB takes 0.203125 sec.
Generating architecture configuration.
The bitstream file is "C:/Users/VIDEO/Desktop/37_hs_dual_ad/prj/generate_bitstream/hs_dual_ad.sbit"
Generate programming file takes 3.375000 sec.
Generating Programming File done.
Action gen_bit_stream: Real time elapsed is 0h:0m:11s
Action gen_bit_stream: CPU time elapsed is 0h:0m:8s
Action gen_bit_stream: Process CPU time elapsed is 0h:0m:8s
Current time: Tue May 14 09:08:15 2024
Action gen_bit_stream: Peak memory pool usage is 408 MB
