#Build: Fabric Compiler 2022.2-SP4.2, Build 132111, Aug 13 06:22 2023
#Install: C:\pango\PDS_2022.2-SP4.2-ads\bin
#Application name: pds_shell.exe
#OS: Windows 10 10.0.19045
#Hostname: DESKTOP-4RPI1H2
Generated by Fabric Compiler (version 2022.2-SP4.2 build 132111) at Mon Oct 16 14:24:55 2023
Compiling verification operator library.
Compiling common defs.
Compiling prim grid devices.
Compiling gate devices.
Compiling gate operators.
Building architecture model.
Loading device packaging model.
Reading design from DB.
Start Generating Programming File...
Reading design from DB takes 0.125000 sec.
Generating architecture configuration.
The bitstream file is "D:/Desktop/50G/34_hs_dual_ad/prj/generate_bitstream/hs_dual_ad.sbit"
Generate programming file takes 4.109375 sec.
Generating Programming File done.
Action gen_bit_stream: Real time elapsed is 0h:0m:9s
Action gen_bit_stream: CPU time elapsed is 0h:0m:8s
Action gen_bit_stream: Process CPU time elapsed is 0h:0m:8s
Current time: Mon Oct 16 14:25:03 2023
Action gen_bit_stream: Peak memory pool usage is 611 MB
