#Build: Fabric Compiler 2022.2-SP4.2, Build 132111, Aug 13 06:22 2023
#Install: E:\SoftWare\PDS\PDS_2022.2-SP4.2-ads\bin
#Application name: pds_shell.exe
#OS: Windows 10 10.0.23620
#Hostname: 1917Redbanner
Generated by Fabric Compiler (version 2022.2-SP4.2 build 132111) at Tue Jul 23 10:37:09 2024
Compiling verification operator library.
Compiling common defs.
Compiling prim grid devices.
Compiling gate devices.
Compiling gate operators.
Building architecture model.
Loading device packaging model.
pnr strategy configuration : 
strategy name : 0
Building architecture floorplan logic view.
Constraint check start.
Executing : def_port {led} LOC=M14 VCCIO=1.5 IOSTANDARD=HSTL15D_I DRIVE=8 SLEW=SLOW NONE=TRUE
E: ConstraintEditor-0007: [E:/NEU/FPGA/Learn/Learn_DigitalLogic/4WithHardware/logos/led/led_pango/device_map/led.pcf(line number: 3)] IOSTANDARD value HSTL15D_I is illegal, please use other values.
Executing : def_port {led} LOC=M14 VCCIO=1.5 IOSTANDARD=HSTL15D_I DRIVE=8 SLEW=SLOW NONE=TRUE failed
Executing : def_port {key} LOC=N5 VCCIO=3.3 IOSTANDARD=LVCMOS12 NONE=TRUE
C: ConstraintEditor-2002: [E:/NEU/FPGA/Learn/Learn_DigitalLogic/4WithHardware/logos/led/led_pango/device_map/led.pcf(line number: 4)] | Port key has been placed at location N5, whose type is share pin.
Executing : def_port {key} LOC=N5 VCCIO=3.3 IOSTANDARD=LVCMOS12 NONE=TRUE successfully
Constraint check end.
Action pnr: Real time elapsed is 0h:0m:4s
Action pnr: CPU time elapsed is 0h:0m:0s
Action pnr: Process CPU time elapsed is 0h:0m:0s
Current time: Tue Jul 23 10:37:11 2024
Action pnr: Peak memory pool usage is 229 MB
