#Build: Fabric Compiler 2022.2-SP4.2, Build 132111, Aug 13 06:22 2023
#Install: E:\SoftWare\PDS\PDS_2022.2-SP4.2-ads\bin
#Application name: pds.exe
#OS: Windows 10 10.0.23620
#Hostname: 1917Redbanner
Generated by Fabric Compiler (version 2022.2-SP4.2 build 132111) at Thu Jul 25 15:18:20 2024
Parse module hierarchy of project 'E:/NEU/FPGA/Learn/Learn_DigitalLogic/4WithHardware/logos/Dual_AD/dual_ad/temp_projects/Main_Flow/Main_Flow.pds' (ADS Parser)
Open IP Compiler ...
Parse module hierarchy of project 'E:/NEU/FPGA/Learn/Learn_DigitalLogic/4WithHardware/logos/Dual_AD/dual_ad/temp_projects/Main_Flow/Main_Flow.pds' (ADS Parser)
I: Flow-6004: Design file modified: "E:/NEU/FPGA/Learn/Learn_DigitalLogic/4WithHardware/logos/Dual_AD/dual_ad/ipcore/pll_clk/pll_clk.v". 
Parse module hierarchy of project 'E:/NEU/FPGA/Learn/Learn_DigitalLogic/4WithHardware/logos/Dual_AD/dual_ad/temp_projects/Main_Flow/Main_Flow.pds' (ADS Parser)
IP Compiler exited.


Process "Compile" started.
Current time: Thu Jul 25 15:18:45 2024
Compiling architecture definition.
Analyzing project file 'E:/NEU/FPGA/Learn/Learn_DigitalLogic/4WithHardware/logos/Dual_AD/dual_ad/dual_ad.pds'.
License checkout: fabric_ads from E:\SoftWare\PDS\PDS_2022.2-SP4.2-ads\new_pds_584120290F2C.lic
Compiling verification operator library.
Loading technology operator library.
Compiling technology operator library.
Compiling technology operator (valence) library.
I: Enable Verilog2k features and keywords
Start rtl-analyze.
Executing : .rtl_analyze -work work -include_path {E:/NEU/FPGA/Learn/Learn_DigitalLogic/4WithHardware/logos/Dual_AD/dual_ad} E:/NEU/FPGA/Learn/Learn_DigitalLogic/4WithHardware/logos/Dual_AD/dual_ad/ipcore/pll_clk/pll_clk.v
I: Verilog-0001: Analyzing file E:/NEU/FPGA/Learn/Learn_DigitalLogic/4WithHardware/logos/Dual_AD/dual_ad/ipcore/pll_clk/pll_clk.v
I: Verilog-0002: [E:/NEU/FPGA/Learn/Learn_DigitalLogic/4WithHardware/logos/Dual_AD/dual_ad/ipcore/pll_clk/pll_clk.v(line number: 18)] Analyzing module pll_clk (library work)
Parsing done.
Executing : .rtl_analyze -work work -include_path {E:/NEU/FPGA/Learn/Learn_DigitalLogic/4WithHardware/logos/Dual_AD/dual_ad} E:/NEU/FPGA/Learn/Learn_DigitalLogic/4WithHardware/logos/Dual_AD/dual_ad/ipcore/pll_clk/pll_clk.v successfully.
Executing : .rtl_analyze -work work -include_path {E:/NEU/FPGA/Learn/Learn_DigitalLogic/4WithHardware/logos/Dual_AD/dual_ad} E:/NEU/FPGA/Learn/Learn_DigitalLogic/4WithHardware/logos/Dual_AD/dual_ad/dual_ad.v
I: Verilog-0001: Analyzing file E:/NEU/FPGA/Learn/Learn_DigitalLogic/4WithHardware/logos/Dual_AD/dual_ad/dual_ad.v
I: Verilog-0002: [E:/NEU/FPGA/Learn/Learn_DigitalLogic/4WithHardware/logos/Dual_AD/dual_ad/dual_ad.v(line number: 1)] Analyzing module dual_ad (library work)
Parsing done.
Executing : .rtl_analyze -work work -include_path {E:/NEU/FPGA/Learn/Learn_DigitalLogic/4WithHardware/logos/Dual_AD/dual_ad} E:/NEU/FPGA/Learn/Learn_DigitalLogic/4WithHardware/logos/Dual_AD/dual_ad/dual_ad.v successfully.
I: Module "dual_ad" is set as top module.
Executing : rtl-analyze successfully. Time elapsed: 1.864s wall, 0.000s user + 0.000s system = 0.000s CPU (n/a%)

Start rtl-elaborate.
I: Verilog-0003: [E:/NEU/FPGA/Learn/Learn_DigitalLogic/4WithHardware/logos/Dual_AD/dual_ad/dual_ad.v(line number: 1)] Elaborating module dual_ad
I: Verilog-0004: [E:/NEU/FPGA/Learn/Learn_DigitalLogic/4WithHardware/logos/Dual_AD/dual_ad/dual_ad.v(line number: 29)] Elaborating instance u_pll_clk
I: Verilog-0003: [E:/NEU/FPGA/Learn/Learn_DigitalLogic/4WithHardware/logos/Dual_AD/dual_ad/ipcore/pll_clk/pll_clk.v(line number: 18)] Elaborating module pll_clk
I: Verilog-0004: [E:/NEU/FPGA/Learn/Learn_DigitalLogic/4WithHardware/logos/Dual_AD/dual_ad/ipcore/pll_clk/pll_clk.v(line number: 230)] Elaborating instance u_pll_e3
W: Verilog-2021: [E:/NEU/FPGA/Learn/Learn_DigitalLogic/4WithHardware/logos/Dual_AD/dual_ad/ipcore/pll_clk/pll_clk.v(line number: 117)] Net clkfb in pll_clk(original module pll_clk) does not have a driver, tie it to 0
W: Verilog-2021: [E:/NEU/FPGA/Learn/Learn_DigitalLogic/4WithHardware/logos/Dual_AD/dual_ad/ipcore/pll_clk/pll_clk.v(line number: 120)] Net pfden in pll_clk(original module pll_clk) does not have a driver, tie it to 0
W: Verilog-2021: [E:/NEU/FPGA/Learn/Learn_DigitalLogic/4WithHardware/logos/Dual_AD/dual_ad/ipcore/pll_clk/pll_clk.v(line number: 121)] Net clkout0_gate in pll_clk(original module pll_clk) does not have a driver, tie it to 0
W: Verilog-2021: [E:/NEU/FPGA/Learn/Learn_DigitalLogic/4WithHardware/logos/Dual_AD/dual_ad/ipcore/pll_clk/pll_clk.v(line number: 122)] Net clkout0_2pad_gate in pll_clk(original module pll_clk) does not have a driver, tie it to 0
W: Verilog-2021: [E:/NEU/FPGA/Learn/Learn_DigitalLogic/4WithHardware/logos/Dual_AD/dual_ad/ipcore/pll_clk/pll_clk.v(line number: 123)] Net clkout1_gate in pll_clk(original module pll_clk) does not have a driver, tie it to 0
W: Verilog-2021: [E:/NEU/FPGA/Learn/Learn_DigitalLogic/4WithHardware/logos/Dual_AD/dual_ad/ipcore/pll_clk/pll_clk.v(line number: 124)] Net clkout2_gate in pll_clk(original module pll_clk) does not have a driver, tie it to 0
W: Verilog-2021: [E:/NEU/FPGA/Learn/Learn_DigitalLogic/4WithHardware/logos/Dual_AD/dual_ad/ipcore/pll_clk/pll_clk.v(line number: 125)] Net clkout3_gate in pll_clk(original module pll_clk) does not have a driver, tie it to 0
W: Verilog-2021: [E:/NEU/FPGA/Learn/Learn_DigitalLogic/4WithHardware/logos/Dual_AD/dual_ad/ipcore/pll_clk/pll_clk.v(line number: 126)] Net clkout4_gate in pll_clk(original module pll_clk) does not have a driver, tie it to 0
W: Verilog-2021: [E:/NEU/FPGA/Learn/Learn_DigitalLogic/4WithHardware/logos/Dual_AD/dual_ad/ipcore/pll_clk/pll_clk.v(line number: 127)] Net clkout5_gate in pll_clk(original module pll_clk) does not have a driver, tie it to 0
W: Verilog-2021: [E:/NEU/FPGA/Learn/Learn_DigitalLogic/4WithHardware/logos/Dual_AD/dual_ad/ipcore/pll_clk/pll_clk.v(line number: 128)] Net dyn_idiv in pll_clk(original module pll_clk) does not have a driver, tie it to 0
W: Verilog-2021: [E:/NEU/FPGA/Learn/Learn_DigitalLogic/4WithHardware/logos/Dual_AD/dual_ad/ipcore/pll_clk/pll_clk.v(line number: 129)] Net dyn_odiv0 in pll_clk(original module pll_clk) does not have a driver, tie it to 0
W: Verilog-2021: [E:/NEU/FPGA/Learn/Learn_DigitalLogic/4WithHardware/logos/Dual_AD/dual_ad/ipcore/pll_clk/pll_clk.v(line number: 130)] Net dyn_odiv1 in pll_clk(original module pll_clk) does not have a driver, tie it to 0
W: Verilog-2021: [E:/NEU/FPGA/Learn/Learn_DigitalLogic/4WithHardware/logos/Dual_AD/dual_ad/ipcore/pll_clk/pll_clk.v(line number: 131)] Net dyn_odiv2 in pll_clk(original module pll_clk) does not have a driver, tie it to 0
W: Verilog-2021: [E:/NEU/FPGA/Learn/Learn_DigitalLogic/4WithHardware/logos/Dual_AD/dual_ad/ipcore/pll_clk/pll_clk.v(line number: 132)] Net dyn_odiv3 in pll_clk(original module pll_clk) does not have a driver, tie it to 0
W: Verilog-2021: [E:/NEU/FPGA/Learn/Learn_DigitalLogic/4WithHardware/logos/Dual_AD/dual_ad/ipcore/pll_clk/pll_clk.v(line number: 133)] Net dyn_odiv4 in pll_clk(original module pll_clk) does not have a driver, tie it to 0
W: Verilog-2021: [E:/NEU/FPGA/Learn/Learn_DigitalLogic/4WithHardware/logos/Dual_AD/dual_ad/ipcore/pll_clk/pll_clk.v(line number: 134)] Net dyn_fdiv in pll_clk(original module pll_clk) does not have a driver, tie it to 0
W: Verilog-2021: [E:/NEU/FPGA/Learn/Learn_DigitalLogic/4WithHardware/logos/Dual_AD/dual_ad/ipcore/pll_clk/pll_clk.v(line number: 135)] Net dyn_duty0 in pll_clk(original module pll_clk) does not have a driver, tie it to 0
W: Verilog-2021: [E:/NEU/FPGA/Learn/Learn_DigitalLogic/4WithHardware/logos/Dual_AD/dual_ad/ipcore/pll_clk/pll_clk.v(line number: 136)] Net dyn_duty1 in pll_clk(original module pll_clk) does not have a driver, tie it to 0
W: Verilog-2021: [E:/NEU/FPGA/Learn/Learn_DigitalLogic/4WithHardware/logos/Dual_AD/dual_ad/ipcore/pll_clk/pll_clk.v(line number: 137)] Net dyn_duty2 in pll_clk(original module pll_clk) does not have a driver, tie it to 0
W: Verilog-2021: [E:/NEU/FPGA/Learn/Learn_DigitalLogic/4WithHardware/logos/Dual_AD/dual_ad/ipcore/pll_clk/pll_clk.v(line number: 138)] Net dyn_duty3 in pll_clk(original module pll_clk) does not have a driver, tie it to 0
W: Verilog-2021: [E:/NEU/FPGA/Learn/Learn_DigitalLogic/4WithHardware/logos/Dual_AD/dual_ad/ipcore/pll_clk/pll_clk.v(line number: 139)] Net dyn_duty4 in pll_clk(original module pll_clk) does not have a driver, tie it to 0
Executing : rtl-elaborate successfully. Time elapsed: 0.002s wall, 0.000s user + 0.000s system = 0.000s CPU (n/a%)

Start rtl-prep.
Executing : rtl-prep successfully. Time elapsed: 0.001s wall, 0.000s user + 0.000s system = 0.000s CPU (n/a%)

Start rtl-infer.
Start DFF-inference.
Executing : DFF-inference successfully.
Executing : rtl-infer successfully. Time elapsed: 0.001s wall, 0.000s user + 0.000s system = 0.000s CPU (n/a%)

Start rtl-control-opt.
Executing : rtl-control-opt successfully. Time elapsed: 0.000s wall, 0.000s user + 0.000s system = 0.000s CPU (n/a%)

Start rtl-data-opt.
Executing : rtl-data-opt successfully. Time elapsed: 0.000s wall, 0.000s user + 0.000s system = 0.000s CPU (n/a%)

Start FSM inference.
Executing : FSM inference successfully. Time elapsed: 0.000s wall, 0.000s user + 0.000s system = 0.000s CPU (n/a%)

Start sdm2adm.
Executing : sdm2adm successfully. Time elapsed: 0.005s wall, 0.000s user + 0.000s system = 0.000s CPU (n/a%)

Saving design to DB.
Action compile: Real time elapsed is 0h:0m:4s
Action compile: CPU time elapsed is 0h:0m:0s
Action compile: Process CPU time elapsed is 0h:0m:0s
Current time: Thu Jul 25 15:18:49 2024
Action compile: Peak memory pool usage is 138 MB
Action from compile to compile: Total Real Time elapsed is 0h:0m:4s
Action from compile to compile: Total CPU time elapsed is 0h:0m:0s
Action from compile to compile: Total Process CPU Time elapsed is 0h:0m:0s
Process "Compile" done.


Process "Synthesize" started.
Current time: Thu Jul 25 15:18:49 2024
Compiling architecture definition.
Analyzing project file 'E:/NEU/FPGA/Learn/Learn_DigitalLogic/4WithHardware/logos/Dual_AD/dual_ad/dual_ad.pds'.
License checkout: fabric_ads from E:\SoftWare\PDS\PDS_2022.2-SP4.2-ads\new_pds_584120290F2C.lic
Compiling verification operator library.
Compiling common defs.
Loading technology operator library.
Compiling technology operator library.
Compiling technology operator (valence) library.
Reading design from compile DB
Reading design from compile DB successfully.
NOTE: The technology fpga was specified.
NOTE: delay_model specified was generic_cmos.
NOTE: Using the fpga syntax tables...
Totals:
 Calls to malloc = 0
 Calls to calloc = 77795

Constraint check start.
Compiling prim grid devices.
Building architecture model.
Loading device packaging model.
Building architecture floorplan logic view.
Executing : get_ports sys_clk
Executing : get_ports sys_clk successfully.
Executing : create_clock -name sys_clk [get_ports sys_clk] -period 20.000 -waveform {0.000 10.000}
Executing : create_clock -name sys_clk [get_ports sys_clk] -period 20.000 -waveform {0.000 10.000} successfully.
Constraint check end.

Start pre-mapping.
Executing : pre-mapping successfully. Time elapsed: 0.007s wall, 0.000s user + 0.000s system = 0.000s CPU (n/a%)

Start mod-gen.
Executing : mod-gen successfully. Time elapsed: 0.010s wall, 0.000s user + 0.000s system = 0.000s CPU (n/a%)

Start logic-optimization.
Executing : logic-optimization successfully. Time elapsed: 0.011s wall, 0.000s user + 0.000s system = 0.000s CPU (n/a%)

Start tech-mapping phase 1.
Executing : tech-mapping phase 1 successfully. Time elapsed: 0.001s wall, 0.000s user + 0.000s system = 0.000s CPU (n/a%)

Start tech-mapping phase 2.
Executing : tech-mapping phase 2 successfully. Time elapsed: 0.004s wall, 0.000s user + 0.000s system = 0.000s CPU (n/a%)

Start tech-optimization.
Executing : tech-optimization successfully. Time elapsed: 0.003s wall, 0.000s user + 0.000s system = 0.000s CPU (n/a%)

Start phys-optimization.
Executing : phys-optimization successfully. Time elapsed: 0.000s wall, 0.000s user + 0.000s system = 0.000s CPU (n/a%)

Start restore-hierarchy.
Executing : restore-hierarchy successfully. Time elapsed: 0.000s wall, 0.000s user + 0.000s system = 0.000s CPU (n/a%)


Cell Usage:
GTP_GRS                       1 use
GTP_PLL_E3                    1 use

I/O ports: 27
GTP_INBUF                  23 uses
GTP_OUTBUF                  4 uses

Mapping Summary:
Total LUTs: 0 of 22560 (0.00%)
	LUTs as dram: 0 of 7568 (0.00%)
	LUTs as logic: 0
Total Registers: 0 of 33840 (0.00%)
Total Latches: 0

DRM18K:
Total DRM18K = 0.0 of 60 (0.00%)

APMs:
Total APMs = 0.00 of 40 (0.00%)

Total I/O ports = 27 of 226 (11.95%)


Overview of Control Sets:

Number of unique control sets : 0

Histogram:
*************************************************************
  Fanout     | Count    | Sync Set/Reset    Async Set/Reset
-------------------------------------------------------------
  [0, Inf)   | 0        | 0                 0
-------------------------------------------------------------
  The maximum fanout: 0
=============================================================

Flip-Flop Distribution:
************************************************************************
  Clock Enable    Sync Set/Reset    Async Set/Reset    Total Registers
------------------------------------------------------------------------
  NO              NO                NO                 0
  NO              NO                YES                0
  NO              YES               NO                 0
  YES             NO                NO                 0
  YES             NO                YES                0
  YES             YES               NO                 0
========================================================================

Latch Distribution:
************************************************
  Gate Enable    Preset/Clear    Total Latches
************************************************
  NO             NO              0
  NO             YES             0
  YES            NO              0
  YES            YES             0
************************************************

Design 'dual_ad' has been successfully synthesized to architecture-specific objects.
Saving design to DB.
I: Adm-6003: Trying to disconnect un-connected pin 'Z[0]' of instance 'ND1'.
I: Adm-6003: Trying to disconnect un-connected pin 'Z[0]' of instance 'ND3'.
I: Adm-6003: Trying to disconnect un-connected pin 'Z[0]' of instance 'ND4'.
I: Adm-6003: Trying to disconnect un-connected pin 'Z[0]' of instance 'ND0[0]'.
I: Adm-6003: Trying to disconnect un-connected pin 'Z[0]' of instance 'ND0[1]'.
I: Adm-6003: Trying to disconnect un-connected pin 'Z[0]' of instance 'ND0[2]'.
I: Adm-6003: Trying to disconnect un-connected pin 'Z[0]' of instance 'ND0[3]'.
I: Adm-6003: Trying to disconnect un-connected pin 'Z[0]' of instance 'ND0[4]'.
I: Adm-6003: Trying to disconnect un-connected pin 'Z[0]' of instance 'ND0[5]'.
I: Adm-6003: Trying to disconnect un-connected pin 'Z[0]' of instance 'ND0[6]'.
I: Adm-6003: Trying to disconnect un-connected pin 'Z[0]' of instance 'ND0[7]'.
I: Adm-6003: Trying to disconnect un-connected pin 'Z[0]' of instance 'ND0[8]'.
I: Adm-6003: Trying to disconnect un-connected pin 'Z[0]' of instance 'ND0[9]'.
I: Adm-6003: Trying to disconnect un-connected pin 'Z[0]' of instance 'ND2[0]'.
I: Adm-6003: Trying to disconnect un-connected pin 'Z[0]' of instance 'ND2[1]'.
I: Adm-6003: Trying to disconnect un-connected pin 'Z[0]' of instance 'ND2[2]'.
I: Adm-6003: Trying to disconnect un-connected pin 'Z[0]' of instance 'ND2[3]'.
I: Adm-6003: Trying to disconnect un-connected pin 'Z[0]' of instance 'ND2[4]'.
I: Adm-6003: Trying to disconnect un-connected pin 'Z[0]' of instance 'ND2[5]'.
I: Adm-6003: Trying to disconnect un-connected pin 'Z[0]' of instance 'ND2[6]'.
I: Adm-6003: Trying to disconnect un-connected pin 'Z[0]' of instance 'ND2[7]'.
I: Adm-6003: Trying to disconnect un-connected pin 'Z[0]' of instance 'ND2[8]'.
I: Adm-6003: Trying to disconnect un-connected pin 'Z[0]' of instance 'ND2[9]'.
Saving design to dual_ad_syn.vm
Constructing timing graph ...
Timing graph has been constructed successfully
W: Timing-4087: Port 'ad_clk_1' is not constrained, it is treated as combinational output.
W: Timing-4087: Port 'ad_clk_2' is not constrained, it is treated as combinational output.
W: Timing-4087: Port 'ad_oe_1' is not constrained, it is treated as combinational output.
W: Timing-4087: Port 'ad_oe_2' is not constrained, it is treated as combinational output.
Action synthesize: Real time elapsed is 0h:0m:3s
Action synthesize: CPU time elapsed is 0h:0m:0s
Action synthesize: Process CPU time elapsed is 0h:0m:0s
Current time: Thu Jul 25 15:18:51 2024
Action synthesize: Peak memory pool usage is 220 MB
Action from compile to synthesize: Total Real Time elapsed is 0h:0m:7s
Action from compile to synthesize: Total CPU time elapsed is 0h:0m:0s
Action from compile to synthesize: Total Process CPU Time elapsed is 0h:0m:0s
Process "Synthesize" done.


Process "Device Map" started.
Current time: Thu Jul 25 15:18:52 2024
Compiling architecture definition.
Analyzing project file 'E:/NEU/FPGA/Learn/Learn_DigitalLogic/4WithHardware/logos/Dual_AD/dual_ad/dual_ad.pds'.
Compiling verification operator library.
Compiling common defs.
Loading technology operator library.
Compiling technology operator library.
Compiling technology operator (valence) library.
Compiling operator packing rules.
Compiling prim grid devices.
Compiling gate devices.
Compiling gate operators.
Compiling tech operator impls.
Building architecture model.
Loading device packaging model.
NOTE: The technology fpga was specified.
NOTE: delay_model specified was generic_cmos.
NOTE: Using the fpga syntax tables...
Totals:
 Calls to malloc = 0
 Calls to calloc = 77795

Flattening design 'dual_ad'
Device mapping started.
Optimizing circuit logic.
Checking design netlist.
Processing tech operator.
Converting tech operator to gate operator.
Processing gate operator.
Device Utilization Summary:
+------------------------------------------------------------------------+
| Logic Utilization     | Used     | Available     | Utilization(%)     
+------------------------------------------------------------------------+
| APM                   | 0        | 40            | 0                  
| IOCKDLY               | 0        | 32            | 0                  
| FF                    | 0        | 33840         | 0                  
| LUT                   | 0        | 22560         | 0                  
| Distributed RAM       | 0        | 7568          | 0                  
| DLL                   | 0        | 8             | 0                  
| DQSL                  | 0        | 12            | 0                  
| DRM                   | 0        | 60            | 0                  
| FUSECODE              | 0        | 1             | 0                  
| IO                    | 5        | 226           | 3                  
| IOCKDIV               | 0        | 16            | 0                  
| IOCKGATE              | 0        | 16            | 0                  
| IPAL                  | 0        | 1             | 0                  
| PLL                   | 1        | 4             | 25                 
| RCKB                  | 0        | 16            | 0                  
| SCANCHAIN             | 0        | 2             | 0                  
| START                 | 0        | 1             | 0                  
| USCM                  | 0        | 30            | 0                  
| OSC                   | 0        | 1             | 0                  
| CRYSTAL               | 0        | 4             | 0                  
| RESCAL                | 0        | 4             | 0                  
| UDID                  | 0        | 1             | 0                  
+------------------------------------------------------------------------+

Device mapping done.
Total device mapping takes 0.00 sec.

Design 'dual_ad' has been successfully mapped to architecture-specific objects.
Saving design to DB.
W: Public-4010: Pcf file E:/NEU/FPGA/Learn/Learn_DigitalLogic/4WithHardware/logos/Dual_AD/dual_ad/device_map/dual_ad.pcf has been covered.
Action dev_map: Real time elapsed is 0h:0m:3s
Action dev_map: CPU time elapsed is 0h:0m:0s
Action dev_map: Process CPU time elapsed is 0h:0m:0s
Current time: Thu Jul 25 15:18:54 2024
Action dev_map: Peak memory pool usage is 208 MB
Action from compile to dev_map: Total Real Time elapsed is 0h:0m:10s
Action from compile to dev_map: Total CPU time elapsed is 0h:0m:0s
Action from compile to dev_map: Total Process CPU Time elapsed is 0h:0m:0s
Process "Device Map" done.


Process "Place & Route" started.
Current time: Thu Jul 25 15:18:55 2024
Compiling architecture definition.
Analyzing project file 'E:/NEU/FPGA/Learn/Learn_DigitalLogic/4WithHardware/logos/Dual_AD/dual_ad/dual_ad.pds'.
Compiling verification operator library.
Compiling common defs.
Compiling prim grid devices.
Compiling gate devices.
Compiling gate operators.
Building architecture model.
Loading device packaging model.
pnr strategy configuration : 
strategy name : 0
Building architecture floorplan logic view.
Constraint check start.
Executing : def_port {ad_clk_1} LOC=L7 VCCIO=3.3 IOSTANDARD=LVCMOS33 DRIVE=8 SLEW=SLOW PULLUP=TRUE
Executing : def_port {ad_clk_1} LOC=L7 VCCIO=3.3 IOSTANDARD=LVCMOS33 DRIVE=8 SLEW=SLOW PULLUP=TRUE successfully
Executing : def_port {ad_clk_2} LOC=J3 VCCIO=3.3 IOSTANDARD=LVCMOS33 DRIVE=8 SLEW=SLOW PULLUP=TRUE
Executing : def_port {ad_clk_2} LOC=J3 VCCIO=3.3 IOSTANDARD=LVCMOS33 DRIVE=8 SLEW=SLOW PULLUP=TRUE successfully
Executing : def_port {ad_oe_1} LOC=K3 VCCIO=3.3 IOSTANDARD=LVCMOS33 DRIVE=8 SLEW=SLOW PULLUP=TRUE
Executing : def_port {ad_oe_1} LOC=K3 VCCIO=3.3 IOSTANDARD=LVCMOS33 DRIVE=8 SLEW=SLOW PULLUP=TRUE successfully
Executing : def_port {ad_oe_2} LOC=J6 VCCIO=3.3 IOSTANDARD=LVCMOS33 DRIVE=8 SLEW=SLOW PULLUP=TRUE
Executing : def_port {ad_oe_2} LOC=J6 VCCIO=3.3 IOSTANDARD=LVCMOS33 DRIVE=8 SLEW=SLOW PULLUP=TRUE successfully
Executing : def_port {ad_data_1[0]} LOC=H2 VCCIO=3.3 IOSTANDARD=LVCMOS33 PULLUP=TRUE
C: ConstraintEditor-2001: [E:/NEU/FPGA/Learn/Learn_DigitalLogic/4WithHardware/logos/Dual_AD/dual_ad/device_map/dual_ad.pcf(line number: 7)] Object 'ad_data_1[0]' is dangling, which has no connection. it will be ignored.
Executing : def_port {ad_data_1[0]} LOC=H2 VCCIO=3.3 IOSTANDARD=LVCMOS33 PULLUP=TRUE failed
Executing : def_port {ad_data_1[1]} LOC=H1 VCCIO=3.3 IOSTANDARD=LVCMOS33 PULLUP=TRUE
C: ConstraintEditor-2001: [E:/NEU/FPGA/Learn/Learn_DigitalLogic/4WithHardware/logos/Dual_AD/dual_ad/device_map/dual_ad.pcf(line number: 8)] Object 'ad_data_1[1]' is dangling, which has no connection. it will be ignored.
Executing : def_port {ad_data_1[1]} LOC=H1 VCCIO=3.3 IOSTANDARD=LVCMOS33 PULLUP=TRUE failed
Executing : def_port {ad_data_1[2]} LOC=H7 VCCIO=3.3 IOSTANDARD=LVCMOS33 PULLUP=TRUE
C: ConstraintEditor-2001: [E:/NEU/FPGA/Learn/Learn_DigitalLogic/4WithHardware/logos/Dual_AD/dual_ad/device_map/dual_ad.pcf(line number: 9)] Object 'ad_data_1[2]' is dangling, which has no connection. it will be ignored.
Executing : def_port {ad_data_1[2]} LOC=H7 VCCIO=3.3 IOSTANDARD=LVCMOS33 PULLUP=TRUE failed
Executing : def_port {ad_data_1[3]} LOC=G6 VCCIO=3.3 IOSTANDARD=LVCMOS33 PULLUP=TRUE
C: ConstraintEditor-2001: [E:/NEU/FPGA/Learn/Learn_DigitalLogic/4WithHardware/logos/Dual_AD/dual_ad/device_map/dual_ad.pcf(line number: 10)] Object 'ad_data_1[3]' is dangling, which has no connection. it will be ignored.
Executing : def_port {ad_data_1[3]} LOC=G6 VCCIO=3.3 IOSTANDARD=LVCMOS33 PULLUP=TRUE failed
Executing : def_port {ad_data_1[4]} LOC=G3 VCCIO=3.3 IOSTANDARD=LVCMOS33 PULLUP=TRUE
C: ConstraintEditor-2001: [E:/NEU/FPGA/Learn/Learn_DigitalLogic/4WithHardware/logos/Dual_AD/dual_ad/device_map/dual_ad.pcf(line number: 11)] Object 'ad_data_1[4]' is dangling, which has no connection. it will be ignored.
Executing : def_port {ad_data_1[4]} LOC=G3 VCCIO=3.3 IOSTANDARD=LVCMOS33 PULLUP=TRUE failed
Executing : def_port {ad_data_1[5]} LOC=G1 VCCIO=3.3 IOSTANDARD=LVCMOS33 PULLUP=TRUE
C: ConstraintEditor-2001: [E:/NEU/FPGA/Learn/Learn_DigitalLogic/4WithHardware/logos/Dual_AD/dual_ad/device_map/dual_ad.pcf(line number: 12)] Object 'ad_data_1[5]' is dangling, which has no connection. it will be ignored.
Executing : def_port {ad_data_1[5]} LOC=G1 VCCIO=3.3 IOSTANDARD=LVCMOS33 PULLUP=TRUE failed
Executing : def_port {ad_data_1[6]} LOC=E3 VCCIO=3.3 IOSTANDARD=LVCMOS33 PULLUP=TRUE
C: ConstraintEditor-2001: [E:/NEU/FPGA/Learn/Learn_DigitalLogic/4WithHardware/logos/Dual_AD/dual_ad/device_map/dual_ad.pcf(line number: 13)] Object 'ad_data_1[6]' is dangling, which has no connection. it will be ignored.
Executing : def_port {ad_data_1[6]} LOC=E3 VCCIO=3.3 IOSTANDARD=LVCMOS33 PULLUP=TRUE failed
Executing : def_port {ad_data_1[7]} LOC=E1 VCCIO=3.3 IOSTANDARD=LVCMOS33 PULLUP=TRUE
C: ConstraintEditor-2001: [E:/NEU/FPGA/Learn/Learn_DigitalLogic/4WithHardware/logos/Dual_AD/dual_ad/device_map/dual_ad.pcf(line number: 14)] Object 'ad_data_1[7]' is dangling, which has no connection. it will be ignored.
Executing : def_port {ad_data_1[7]} LOC=E1 VCCIO=3.3 IOSTANDARD=LVCMOS33 PULLUP=TRUE failed
Executing : def_port {ad_data_1[8]} LOC=L4 VCCIO=3.3 IOSTANDARD=LVCMOS33 PULLUP=TRUE
C: ConstraintEditor-2001: [E:/NEU/FPGA/Learn/Learn_DigitalLogic/4WithHardware/logos/Dual_AD/dual_ad/device_map/dual_ad.pcf(line number: 15)] Object 'ad_data_1[8]' is dangling, which has no connection. it will be ignored.
Executing : def_port {ad_data_1[8]} LOC=L4 VCCIO=3.3 IOSTANDARD=LVCMOS33 PULLUP=TRUE failed
Executing : def_port {ad_data_1[9]} LOC=L3 VCCIO=3.3 IOSTANDARD=LVCMOS33 PULLUP=TRUE
C: ConstraintEditor-2001: [E:/NEU/FPGA/Learn/Learn_DigitalLogic/4WithHardware/logos/Dual_AD/dual_ad/device_map/dual_ad.pcf(line number: 16)] Object 'ad_data_1[9]' is dangling, which has no connection. it will be ignored.
Executing : def_port {ad_data_1[9]} LOC=L3 VCCIO=3.3 IOSTANDARD=LVCMOS33 PULLUP=TRUE failed
Executing : def_port {ad_data_2[0]} LOC=H4 VCCIO=3.3 IOSTANDARD=LVCMOS33 PULLUP=TRUE
C: ConstraintEditor-2001: [E:/NEU/FPGA/Learn/Learn_DigitalLogic/4WithHardware/logos/Dual_AD/dual_ad/device_map/dual_ad.pcf(line number: 17)] Object 'ad_data_2[0]' is dangling, which has no connection. it will be ignored.
Executing : def_port {ad_data_2[0]} LOC=H4 VCCIO=3.3 IOSTANDARD=LVCMOS33 PULLUP=TRUE failed
Executing : def_port {ad_data_2[1]} LOC=H3 VCCIO=3.3 IOSTANDARD=LVCMOS33 PULLUP=TRUE
C: ConstraintEditor-2001: [E:/NEU/FPGA/Learn/Learn_DigitalLogic/4WithHardware/logos/Dual_AD/dual_ad/device_map/dual_ad.pcf(line number: 18)] Object 'ad_data_2[1]' is dangling, which has no connection. it will be ignored.
Executing : def_port {ad_data_2[1]} LOC=H3 VCCIO=3.3 IOSTANDARD=LVCMOS33 PULLUP=TRUE failed
Executing : def_port {ad_data_2[2]} LOC=F2 VCCIO=3.3 IOSTANDARD=LVCMOS33 PULLUP=TRUE
C: ConstraintEditor-2001: [E:/NEU/FPGA/Learn/Learn_DigitalLogic/4WithHardware/logos/Dual_AD/dual_ad/device_map/dual_ad.pcf(line number: 19)] Object 'ad_data_2[2]' is dangling, which has no connection. it will be ignored.
Executing : def_port {ad_data_2[2]} LOC=F2 VCCIO=3.3 IOSTANDARD=LVCMOS33 PULLUP=TRUE failed
Executing : def_port {ad_data_2[3]} LOC=F1 VCCIO=3.3 IOSTANDARD=LVCMOS33 PULLUP=TRUE
C: ConstraintEditor-2001: [E:/NEU/FPGA/Learn/Learn_DigitalLogic/4WithHardware/logos/Dual_AD/dual_ad/device_map/dual_ad.pcf(line number: 20)] Object 'ad_data_2[3]' is dangling, which has no connection. it will be ignored.
Executing : def_port {ad_data_2[3]} LOC=F1 VCCIO=3.3 IOSTANDARD=LVCMOS33 PULLUP=TRUE failed
Executing : def_port {ad_data_2[4]} LOC=K2 VCCIO=3.3 IOSTANDARD=LVCMOS33 PULLUP=TRUE
C: ConstraintEditor-2001: [E:/NEU/FPGA/Learn/Learn_DigitalLogic/4WithHardware/logos/Dual_AD/dual_ad/device_map/dual_ad.pcf(line number: 21)] Object 'ad_data_2[4]' is dangling, which has no connection. it will be ignored.
Executing : def_port {ad_data_2[4]} LOC=K2 VCCIO=3.3 IOSTANDARD=LVCMOS33 PULLUP=TRUE failed
Executing : def_port {ad_data_2[5]} LOC=K1 VCCIO=3.3 IOSTANDARD=LVCMOS33 PULLUP=TRUE
C: ConstraintEditor-2001: [E:/NEU/FPGA/Learn/Learn_DigitalLogic/4WithHardware/logos/Dual_AD/dual_ad/device_map/dual_ad.pcf(line number: 22)] Object 'ad_data_2[5]' is dangling, which has no connection. it will be ignored.
Executing : def_port {ad_data_2[5]} LOC=K1 VCCIO=3.3 IOSTANDARD=LVCMOS33 PULLUP=TRUE failed
Executing : def_port {ad_data_2[6]} LOC=L5 VCCIO=3.3 IOSTANDARD=LVCMOS33 PULLUP=TRUE
C: ConstraintEditor-2001: [E:/NEU/FPGA/Learn/Learn_DigitalLogic/4WithHardware/logos/Dual_AD/dual_ad/device_map/dual_ad.pcf(line number: 23)] Object 'ad_data_2[6]' is dangling, which has no connection. it will be ignored.
Executing : def_port {ad_data_2[6]} LOC=L5 VCCIO=3.3 IOSTANDARD=LVCMOS33 PULLUP=TRUE failed
Executing : def_port {ad_data_2[7]} LOC=K5 VCCIO=3.3 IOSTANDARD=LVCMOS33 PULLUP=TRUE
C: ConstraintEditor-2001: [E:/NEU/FPGA/Learn/Learn_DigitalLogic/4WithHardware/logos/Dual_AD/dual_ad/device_map/dual_ad.pcf(line number: 24)] Object 'ad_data_2[7]' is dangling, which has no connection. it will be ignored.
Executing : def_port {ad_data_2[7]} LOC=K5 VCCIO=3.3 IOSTANDARD=LVCMOS33 PULLUP=TRUE failed
Executing : def_port {ad_data_2[8]} LOC=D2 VCCIO=3.3 IOSTANDARD=LVCMOS33 PULLUP=TRUE
C: ConstraintEditor-2001: [E:/NEU/FPGA/Learn/Learn_DigitalLogic/4WithHardware/logos/Dual_AD/dual_ad/device_map/dual_ad.pcf(line number: 25)] Object 'ad_data_2[8]' is dangling, which has no connection. it will be ignored.
Executing : def_port {ad_data_2[8]} LOC=D2 VCCIO=3.3 IOSTANDARD=LVCMOS33 PULLUP=TRUE failed
Executing : def_port {ad_data_2[9]} LOC=D1 VCCIO=3.3 IOSTANDARD=LVCMOS33 PULLUP=TRUE
C: ConstraintEditor-2001: [E:/NEU/FPGA/Learn/Learn_DigitalLogic/4WithHardware/logos/Dual_AD/dual_ad/device_map/dual_ad.pcf(line number: 26)] Object 'ad_data_2[9]' is dangling, which has no connection. it will be ignored.
Executing : def_port {ad_data_2[9]} LOC=D1 VCCIO=3.3 IOSTANDARD=LVCMOS33 PULLUP=TRUE failed
Executing : def_port {ad_otr_1} LOC=K4 VCCIO=3.3 IOSTANDARD=LVCMOS33 PULLUP=TRUE
C: ConstraintEditor-2001: [E:/NEU/FPGA/Learn/Learn_DigitalLogic/4WithHardware/logos/Dual_AD/dual_ad/device_map/dual_ad.pcf(line number: 27)] Object 'ad_otr_1' is dangling, which has no connection. it will be ignored.
Executing : def_port {ad_otr_1} LOC=K4 VCCIO=3.3 IOSTANDARD=LVCMOS33 PULLUP=TRUE failed
Executing : def_port {ad_otr_2} LOC=J7 VCCIO=3.3 IOSTANDARD=LVCMOS33 PULLUP=TRUE
C: ConstraintEditor-2001: [E:/NEU/FPGA/Learn/Learn_DigitalLogic/4WithHardware/logos/Dual_AD/dual_ad/device_map/dual_ad.pcf(line number: 28)] Object 'ad_otr_2' is dangling, which has no connection. it will be ignored.
Executing : def_port {ad_otr_2} LOC=J7 VCCIO=3.3 IOSTANDARD=LVCMOS33 PULLUP=TRUE failed
Executing : def_port {sys_clk} LOC=V9 VCCIO=3.3 IOSTANDARD=LVCMOS33 PULLUP=TRUE
Executing : def_port {sys_clk} LOC=V9 VCCIO=3.3 IOSTANDARD=LVCMOS33 PULLUP=TRUE successfully
Executing : def_port {sys_rst_n} LOC=C4 VCCIO=1.8 IOSTANDARD=LVCMOS18 PULLUP=TRUE
C: ConstraintEditor-2001: [E:/NEU/FPGA/Learn/Learn_DigitalLogic/4WithHardware/logos/Dual_AD/dual_ad/device_map/dual_ad.pcf(line number: 30)] Object 'sys_rst_n' is dangling, which has no connection. it will be ignored.
Executing : def_port {sys_rst_n} LOC=C4 VCCIO=1.8 IOSTANDARD=LVCMOS18 PULLUP=TRUE failed
Constraint check end.
NOTE: The technology fpga was specified.
NOTE: delay_model specified was generic_cmos.
NOTE: Using the fpga syntax tables...
Totals:
 Calls to malloc = 0
 Calls to calloc = 5993935

I: Column Clock Check open.
Read Column Clock Map.

Placement started.
Phase 1 Pre global placement started.
Mapping instance u_pll_clk/u_pll_e3/goppll to PLL_122_55.
Phase 1.1 1st GP placement started.
Design Utilization : 0%.
First map gop timing takes 0.00 sec
Worst slack after clock region global placement is 2147483647
Wirelength after clock region global placement is 160 and checksum is 61EF7B881C4EAF6F.
1st GP placement takes 0.06 sec.

Phase 1.2 Clock placement started.
Clock placement takes 0.00 sec.

Wirelength after Pre Global Placement is 160 and checksum is 61EF7B881C4EAF6F.
Pre global placement takes 0.06 sec.

Phase 2 Global placement started.
Phase 2.1 Fixed placement started.
Placed fixed group with base inst ad_clk_1_obuf/opit_1 on IOL_7_141.
Placed fixed group with base inst ad_clk_2_obuf/opit_1 on IOL_7_109.
Placed fixed group with base inst ad_oe_1_obuf/opit_1 on IOL_7_118.
Placed fixed group with base inst ad_oe_2_obuf/opit_1 on IOL_7_150.
Placed fixed group with base inst sys_clk_ibuf/opit_1 on IOL_131_5.
Placed fixed instance u_pll_clk/u_pll_e3/goppll on PLL_122_55.
Placed fixed instance BKCL_auto_0 on BKCL_138_1.
Placed fixed instance BKCL_auto_1 on BKCL_1_144.
Fixed placement takes 0.00 sec.

Phase 2.2 Process placement started.
Process placement takes 0.00 sec.

Phase 2.3 IO placement started.
IO placement takes 0.00 sec.

Phase 2.4 2nd GP placement started.
Run super clustering :
	Initial slack 2147483647.
	1 iterations finished.
	Final slack 2147483647.
Super clustering done.
Design Utilization : 0%.
Worst slack after global placement is 2147483647
2nd GP placement takes 0.02 sec.

Wirelength after global placement is 107 and checksum is E504F28280C4CA04.
Global placement takes 0.02 sec.

Phase 3 Post global placement started.
Phase 3.1 Macro cell placement started.
I: Process macros using "Greedy".
Wirelength after macro cell placement is 107 and checksum is E504F28280C4CA04.
Macro cell placement takes 0.00 sec.

Phase 3.2 3rd GP placement started.
Run super clustering :
	Initial slack 2147483647.
	1 iterations finished.
	Final slack 2147483647.
Super clustering done.
Design Utilization : 0%.
Worst slack after post global placement is 2147483647
3rd GP placement takes 0.00 sec.

Wirelength after post global placement is 107 and checksum is E504F28280C4CA04.
Post global placement takes 0.00 sec.

Phase 4 Legalization started.
The average distance in LP is 78.000000.
Wirelength after legalization is 107 and checksum is EE254A89CFD3279.
Legalization takes 0.00 sec.

Phase 5 Timing-driven detailed placement started.
Phase 5.1 Replication placement started.
Worst slack before Replication Place is 2147483647.
Replication placement takes 0.00 sec.

Wirelength after replication placement is 107 and checksum is EE254A89CFD3279.
Phase 5.2 DP placement started.
Legalized cost 2147483647.000000.
The detailed placement ends at 0th iteration.
DP placement takes 0.00 sec.

Wirelength after detailed placement is 107 and checksum is EE254A89CFD3279.
Timing-driven detailed placement takes 0.00 sec.

Worst slack is 2147483647, TNS after placement is 0.
Placement done.
Total placement takes 0.09 sec.
Finished placement.

Routing started.
Building routing graph takes 0.09 sec.
Worst slack is 2147483647, TNS before global route is 0.
Processing design graph takes 0.03 sec.
Total memory for routing:
	63.195240 M.
Total nets for routing : 19.
Rcf routing step 1 processed 0 nets, it takes 0.00 sec.
Rcf routing step 2 processed 0 nets, it takes 0.00 sec.
Rcf routing step 3 processed 0 nets, it takes 0.00 sec.
Global Routing step 1 processed 0 nets, it takes 0.00 sec.
Global Routing step 2 processed 0 nets, it takes 0.00 sec.
Global Routing step 3 processed 0 nets, it takes 0.00 sec.
Global routing takes 0.00 sec.
Total 19 subnets.
    forward max bucket size 975 , backward 2036.
        Unrouted nets 0 at the end of iteration 0.
    route iteration 0, CPU time elapsed 0.000000 sec.
Detailed routing takes 0 iterations
Detailed routing takes 0.02 sec.
Start fix hold violation.
Build tmp routing results takes 0.00 sec.
Timing analysis takes 0.00 sec.
No hold violation.
Hold Violation Fix in router takes 0 iterations.
Fix hold violation Finished.
Hold Violation Fix in router takes 0.00 sec.

Dispose routing result:
    Collect routing result.
    Delete unused device instances.
    Annotate routing result.
    Change LUT configuration.
    Dispose misc instances.
    Annotate routing result again.
Finish routing takes 0.00 sec.
Used SRB routing arc is 185.
Cleanup routing takes 0.02 sec.
Routing done.
Total routing takes 0.25 sec.


Device Utilization Summary :
+---------------------------------------------------------------------------+
| Logic Utilization        | Used     | Available     | Utilization(%)     
+---------------------------------------------------------------------------+
| Use of APM               | 0        | 40            | 0                  
| Use of BKCL              | 2        | 4             | 50                 
| Use of CLMA              | 0        | 3748          | 0                  
|   FF                     | 0        | 22488         | 0                  
|   LUT                    | 0        | 14992         | 0                  
|   LUT-FF pairs           | 0        | 14992         | 0                  
| Use of CLMS              | 0        | 1892          | 0                  
|   FF                     | 0        | 11352         | 0                  
|   LUT                    | 0        | 7568          | 0                  
|   LUT-FF pairs           | 0        | 7568          | 0                  
|   Distributed RAM        | 0        | 7568          | 0                  
| Use of CRYSTAL           | 0        | 4             | 0                  
| Use of DLL               | 0        | 8             | 0                  
| Use of DQSL              | 0        | 12            | 0                  
| Use of DRM               | 0        | 60            | 0                  
| Use of FUSECODE          | 0        | 1             | 0                  
| Use of HARD0N1           | 6        | 3480          | 1                  
| Use of IO                | 5        | 226           | 3                  
|   IOBD                   | 0        | 57            | 0                  
|   IOBR                   | 0        | 12            | 0                  
|   IOBS                   | 5        | 157           | 4                  
| Use of IOCKDIV           | 0        | 16            | 0                  
| Use of IOCKDLY           | 0        | 32            | 0                  
| Use of IOCKGATE          | 0        | 16            | 0                  
| Use of IOCKGMUX_TEST     | 0        | 16            | 0                  
| Use of IOL               | 5        | 308           | 2                  
| Use of IPAL              | 0        | 1             | 0                  
| Use of MFG_TEST          | 0        | 1             | 0                  
| Use of OSC               | 0        | 1             | 0                  
| Use of PLL               | 1        | 4             | 25                 
| Use of PREGMUX_TEST      | 0        | 4             | 0                  
| Use of RCKB              | 0        | 16            | 0                  
|  RCKB dataused           | 0        | 16            | 0                  
| Use of RCKBMUX_TEST      | 0        | 8             | 0                  
| Use of RESCAL            | 0        | 4             | 0                  
| Use of SCANCHAIN         | 0        | 2             | 0                  
| Use of START             | 1        | 1             | 100                
| Use of UDID              | 0        | 1             | 0                  
| Use of USCM              | 1        | 30            | 4                  
|  USCM dataused           | 0        | 30            | 0                  
| Use of USCMMUX_TEST      | 0        | 30            | 0                  
| Use of VCKBMUX_TEST      | 0        | 8             | 0                  
+---------------------------------------------------------------------------+

Finished routing.
Design 'dual_ad' has been placed and routed successfully.
Saving design to DB.
Finished placement and routing.
Action pnr: Real time elapsed is 0h:0m:8s
Action pnr: CPU time elapsed is 0h:0m:0s
Action pnr: Process CPU time elapsed is 0h:0m:0s
Current time: Thu Jul 25 15:19:02 2024
Action pnr: Peak memory pool usage is 812 MB
Action from compile to pnr: Total Real Time elapsed is 0h:0m:18s
Action from compile to pnr: Total CPU time elapsed is 0h:0m:0s
Action from compile to pnr: Total Process CPU Time elapsed is 0h:0m:0s
Process "Place & Route" done.


Process "Report Timing" started.
Current time: Thu Jul 25 15:19:02 2024
Compiling architecture definition.
Analyzing project file 'E:/NEU/FPGA/Learn/Learn_DigitalLogic/4WithHardware/logos/Dual_AD/dual_ad/dual_ad.pds'.
Compiling verification operator library.
Compiling common defs.
Compiling prim grid devices.
Compiling gate devices.
Compiling gate operators.
Building architecture model.
Loading device packaging model.
Reading design from pnr DB.
Start Report Post-PnR timing.
Customize IP 'E:/NEU/FPGA/Learn/Learn_DigitalLogic/4WithHardware/logos/Dual_AD/dual_ad/ipcore/pll_clk/pll_clk.idf' ...
NOTE: The technology fpga was specified.
NOTE: delay_model specified was generic_cmos.
NOTE: Using the fpga syntax tables...
Totals:
 Calls to malloc = 0
 Calls to calloc = 5993935

Constructing timing graph ...
Timing graph has been constructed successfully
W: Timing-4087: Port 'ad_clk_1' is not constrained, it is treated as combinational output.
W: Timing-4087: Port 'ad_clk_2' is not constrained, it is treated as combinational output.
W: Timing-4087: Port 'ad_oe_1' is not constrained, it is treated as combinational output.
W: Timing-4087: Port 'ad_oe_2' is not constrained, it is treated as combinational output.
Report timing is finished successfully.
Action report_timing: Real time elapsed is 0h:0m:5s
Action report_timing: CPU time elapsed is 0h:0m:0s
Action report_timing: Process CPU time elapsed is 0h:0m:0s
Current time: Thu Jul 25 15:19:07 2024
Action report_timing: Peak memory pool usage is 811 MB
Action from compile to report_timing: Total Real Time elapsed is 0h:0m:23s
Action from compile to report_timing: Total CPU time elapsed is 0h:0m:0s
Action from compile to report_timing: Total Process CPU Time elapsed is 0h:0m:0s
Process "Report Timing" done.
C: Flow-2008: IP file modified: "E:/NEU/FPGA/Learn/Learn_DigitalLogic/4WithHardware/logos/Dual_AD/dual_ad/ipcore/pll_clk/pll_clk.idf". 
Parse module hierarchy of project 'E:/NEU/FPGA/Learn/Learn_DigitalLogic/4WithHardware/logos/Dual_AD/dual_ad/temp_projects/Main_Flow/Main_Flow.pds' (ADS Parser)
Parse module hierarchy of project 'E:/NEU/FPGA/Learn/Learn_DigitalLogic/4WithHardware/logos/Dual_AD/dual_ad/temp_projects/Main_Flow/Main_Flow.pds' (ADS Parser)
Parse module hierarchy of project 'E:/NEU/FPGA/Learn/Learn_DigitalLogic/4WithHardware/logos/Dual_AD/dual_ad/temp_projects/Main_Flow/Main_Flow.pds' (ADS Parser)
I: Flow-6004: Design file modified: "E:/NEU/FPGA/Learn/Learn_DigitalLogic/4WithHardware/logos/Dual_AD/dual_ad/ipcore/pll_clk/pll_clk.v". 
IP Compiler exited.


Process "Compile" started.
Current time: Thu Jul 25 15:19:49 2024
Compiling architecture definition.
Analyzing project file 'E:/NEU/FPGA/Learn/Learn_DigitalLogic/4WithHardware/logos/Dual_AD/dual_ad/dual_ad.pds'.
License checkout: fabric_ads from E:\SoftWare\PDS\PDS_2022.2-SP4.2-ads\new_pds_584120290F2C.lic
Compiling verification operator library.
Loading technology operator library.
Compiling technology operator library.
Compiling technology operator (valence) library.
I: Enable Verilog2k features and keywords
Start rtl-analyze.
Executing : .rtl_analyze -work work -include_path {E:/NEU/FPGA/Learn/Learn_DigitalLogic/4WithHardware/logos/Dual_AD/dual_ad} E:/NEU/FPGA/Learn/Learn_DigitalLogic/4WithHardware/logos/Dual_AD/dual_ad/ipcore/pll_clk/pll_clk.v
I: Verilog-0001: Analyzing file E:/NEU/FPGA/Learn/Learn_DigitalLogic/4WithHardware/logos/Dual_AD/dual_ad/ipcore/pll_clk/pll_clk.v
I: Verilog-0002: [E:/NEU/FPGA/Learn/Learn_DigitalLogic/4WithHardware/logos/Dual_AD/dual_ad/ipcore/pll_clk/pll_clk.v(line number: 18)] Analyzing module pll_clk (library work)
Parsing done.
Executing : .rtl_analyze -work work -include_path {E:/NEU/FPGA/Learn/Learn_DigitalLogic/4WithHardware/logos/Dual_AD/dual_ad} E:/NEU/FPGA/Learn/Learn_DigitalLogic/4WithHardware/logos/Dual_AD/dual_ad/ipcore/pll_clk/pll_clk.v successfully.
Executing : .rtl_analyze -work work -include_path {E:/NEU/FPGA/Learn/Learn_DigitalLogic/4WithHardware/logos/Dual_AD/dual_ad} E:/NEU/FPGA/Learn/Learn_DigitalLogic/4WithHardware/logos/Dual_AD/dual_ad/dual_ad.v
I: Verilog-0001: Analyzing file E:/NEU/FPGA/Learn/Learn_DigitalLogic/4WithHardware/logos/Dual_AD/dual_ad/dual_ad.v
I: Verilog-0002: [E:/NEU/FPGA/Learn/Learn_DigitalLogic/4WithHardware/logos/Dual_AD/dual_ad/dual_ad.v(line number: 1)] Analyzing module dual_ad (library work)
Parsing done.
Executing : .rtl_analyze -work work -include_path {E:/NEU/FPGA/Learn/Learn_DigitalLogic/4WithHardware/logos/Dual_AD/dual_ad} E:/NEU/FPGA/Learn/Learn_DigitalLogic/4WithHardware/logos/Dual_AD/dual_ad/dual_ad.v successfully.
I: Module "dual_ad" is set as top module.
Executing : rtl-analyze successfully. Time elapsed: 1.886s wall, 0.000s user + 0.000s system = 0.000s CPU (n/a%)

Start rtl-elaborate.
I: Verilog-0003: [E:/NEU/FPGA/Learn/Learn_DigitalLogic/4WithHardware/logos/Dual_AD/dual_ad/dual_ad.v(line number: 1)] Elaborating module dual_ad
I: Verilog-0004: [E:/NEU/FPGA/Learn/Learn_DigitalLogic/4WithHardware/logos/Dual_AD/dual_ad/dual_ad.v(line number: 29)] Elaborating instance u_pll_clk
I: Verilog-0003: [E:/NEU/FPGA/Learn/Learn_DigitalLogic/4WithHardware/logos/Dual_AD/dual_ad/ipcore/pll_clk/pll_clk.v(line number: 18)] Elaborating module pll_clk
I: Verilog-0004: [E:/NEU/FPGA/Learn/Learn_DigitalLogic/4WithHardware/logos/Dual_AD/dual_ad/ipcore/pll_clk/pll_clk.v(line number: 230)] Elaborating instance u_pll_e3
W: Verilog-2021: [E:/NEU/FPGA/Learn/Learn_DigitalLogic/4WithHardware/logos/Dual_AD/dual_ad/ipcore/pll_clk/pll_clk.v(line number: 117)] Net clkfb in pll_clk(original module pll_clk) does not have a driver, tie it to 0
W: Verilog-2021: [E:/NEU/FPGA/Learn/Learn_DigitalLogic/4WithHardware/logos/Dual_AD/dual_ad/ipcore/pll_clk/pll_clk.v(line number: 120)] Net pfden in pll_clk(original module pll_clk) does not have a driver, tie it to 0
W: Verilog-2021: [E:/NEU/FPGA/Learn/Learn_DigitalLogic/4WithHardware/logos/Dual_AD/dual_ad/ipcore/pll_clk/pll_clk.v(line number: 121)] Net clkout0_gate in pll_clk(original module pll_clk) does not have a driver, tie it to 0
W: Verilog-2021: [E:/NEU/FPGA/Learn/Learn_DigitalLogic/4WithHardware/logos/Dual_AD/dual_ad/ipcore/pll_clk/pll_clk.v(line number: 122)] Net clkout0_2pad_gate in pll_clk(original module pll_clk) does not have a driver, tie it to 0
W: Verilog-2021: [E:/NEU/FPGA/Learn/Learn_DigitalLogic/4WithHardware/logos/Dual_AD/dual_ad/ipcore/pll_clk/pll_clk.v(line number: 123)] Net clkout1_gate in pll_clk(original module pll_clk) does not have a driver, tie it to 0
W: Verilog-2021: [E:/NEU/FPGA/Learn/Learn_DigitalLogic/4WithHardware/logos/Dual_AD/dual_ad/ipcore/pll_clk/pll_clk.v(line number: 124)] Net clkout2_gate in pll_clk(original module pll_clk) does not have a driver, tie it to 0
W: Verilog-2021: [E:/NEU/FPGA/Learn/Learn_DigitalLogic/4WithHardware/logos/Dual_AD/dual_ad/ipcore/pll_clk/pll_clk.v(line number: 125)] Net clkout3_gate in pll_clk(original module pll_clk) does not have a driver, tie it to 0
W: Verilog-2021: [E:/NEU/FPGA/Learn/Learn_DigitalLogic/4WithHardware/logos/Dual_AD/dual_ad/ipcore/pll_clk/pll_clk.v(line number: 126)] Net clkout4_gate in pll_clk(original module pll_clk) does not have a driver, tie it to 0
W: Verilog-2021: [E:/NEU/FPGA/Learn/Learn_DigitalLogic/4WithHardware/logos/Dual_AD/dual_ad/ipcore/pll_clk/pll_clk.v(line number: 127)] Net clkout5_gate in pll_clk(original module pll_clk) does not have a driver, tie it to 0
W: Verilog-2021: [E:/NEU/FPGA/Learn/Learn_DigitalLogic/4WithHardware/logos/Dual_AD/dual_ad/ipcore/pll_clk/pll_clk.v(line number: 128)] Net dyn_idiv in pll_clk(original module pll_clk) does not have a driver, tie it to 0
W: Verilog-2021: [E:/NEU/FPGA/Learn/Learn_DigitalLogic/4WithHardware/logos/Dual_AD/dual_ad/ipcore/pll_clk/pll_clk.v(line number: 129)] Net dyn_odiv0 in pll_clk(original module pll_clk) does not have a driver, tie it to 0
W: Verilog-2021: [E:/NEU/FPGA/Learn/Learn_DigitalLogic/4WithHardware/logos/Dual_AD/dual_ad/ipcore/pll_clk/pll_clk.v(line number: 130)] Net dyn_odiv1 in pll_clk(original module pll_clk) does not have a driver, tie it to 0
W: Verilog-2021: [E:/NEU/FPGA/Learn/Learn_DigitalLogic/4WithHardware/logos/Dual_AD/dual_ad/ipcore/pll_clk/pll_clk.v(line number: 131)] Net dyn_odiv2 in pll_clk(original module pll_clk) does not have a driver, tie it to 0
W: Verilog-2021: [E:/NEU/FPGA/Learn/Learn_DigitalLogic/4WithHardware/logos/Dual_AD/dual_ad/ipcore/pll_clk/pll_clk.v(line number: 132)] Net dyn_odiv3 in pll_clk(original module pll_clk) does not have a driver, tie it to 0
W: Verilog-2021: [E:/NEU/FPGA/Learn/Learn_DigitalLogic/4WithHardware/logos/Dual_AD/dual_ad/ipcore/pll_clk/pll_clk.v(line number: 133)] Net dyn_odiv4 in pll_clk(original module pll_clk) does not have a driver, tie it to 0
W: Verilog-2021: [E:/NEU/FPGA/Learn/Learn_DigitalLogic/4WithHardware/logos/Dual_AD/dual_ad/ipcore/pll_clk/pll_clk.v(line number: 134)] Net dyn_fdiv in pll_clk(original module pll_clk) does not have a driver, tie it to 0
W: Verilog-2021: [E:/NEU/FPGA/Learn/Learn_DigitalLogic/4WithHardware/logos/Dual_AD/dual_ad/ipcore/pll_clk/pll_clk.v(line number: 135)] Net dyn_duty0 in pll_clk(original module pll_clk) does not have a driver, tie it to 0
W: Verilog-2021: [E:/NEU/FPGA/Learn/Learn_DigitalLogic/4WithHardware/logos/Dual_AD/dual_ad/ipcore/pll_clk/pll_clk.v(line number: 136)] Net dyn_duty1 in pll_clk(original module pll_clk) does not have a driver, tie it to 0
W: Verilog-2021: [E:/NEU/FPGA/Learn/Learn_DigitalLogic/4WithHardware/logos/Dual_AD/dual_ad/ipcore/pll_clk/pll_clk.v(line number: 137)] Net dyn_duty2 in pll_clk(original module pll_clk) does not have a driver, tie it to 0
W: Verilog-2021: [E:/NEU/FPGA/Learn/Learn_DigitalLogic/4WithHardware/logos/Dual_AD/dual_ad/ipcore/pll_clk/pll_clk.v(line number: 138)] Net dyn_duty3 in pll_clk(original module pll_clk) does not have a driver, tie it to 0
W: Verilog-2021: [E:/NEU/FPGA/Learn/Learn_DigitalLogic/4WithHardware/logos/Dual_AD/dual_ad/ipcore/pll_clk/pll_clk.v(line number: 139)] Net dyn_duty4 in pll_clk(original module pll_clk) does not have a driver, tie it to 0
Executing : rtl-elaborate successfully. Time elapsed: 0.001s wall, 0.000s user + 0.000s system = 0.000s CPU (n/a%)

Start rtl-prep.
Executing : rtl-prep successfully. Time elapsed: 0.001s wall, 0.000s user + 0.000s system = 0.000s CPU (n/a%)

Start rtl-infer.
Start DFF-inference.
Executing : DFF-inference successfully.
Executing : rtl-infer successfully. Time elapsed: 0.001s wall, 0.000s user + 0.000s system = 0.000s CPU (n/a%)

Start rtl-control-opt.
Executing : rtl-control-opt successfully. Time elapsed: 0.000s wall, 0.000s user + 0.000s system = 0.000s CPU (n/a%)

Start rtl-data-opt.
Executing : rtl-data-opt successfully. Time elapsed: 0.001s wall, 0.000s user + 0.000s system = 0.000s CPU (n/a%)

Start FSM inference.
Executing : FSM inference successfully. Time elapsed: 0.000s wall, 0.000s user + 0.000s system = 0.000s CPU (n/a%)

Start sdm2adm.
Executing : sdm2adm successfully. Time elapsed: 0.004s wall, 0.000s user + 0.000s system = 0.000s CPU (n/a%)

Saving design to DB.
Action compile: Real time elapsed is 0h:0m:4s
Action compile: CPU time elapsed is 0h:0m:0s
Action compile: Process CPU time elapsed is 0h:0m:0s
Current time: Thu Jul 25 15:19:52 2024
Action compile: Peak memory pool usage is 137 MB
Action from compile to compile: Total Real Time elapsed is 0h:0m:4s
Action from compile to compile: Total CPU time elapsed is 0h:0m:0s
Action from compile to compile: Total Process CPU Time elapsed is 0h:0m:0s
Process "Compile" done.


Process "Synthesize" started.
Current time: Thu Jul 25 15:19:52 2024
Compiling architecture definition.
Analyzing project file 'E:/NEU/FPGA/Learn/Learn_DigitalLogic/4WithHardware/logos/Dual_AD/dual_ad/dual_ad.pds'.
License checkout: fabric_ads from E:\SoftWare\PDS\PDS_2022.2-SP4.2-ads\new_pds_584120290F2C.lic
Compiling verification operator library.
Compiling common defs.
Loading technology operator library.
Compiling technology operator library.
Compiling technology operator (valence) library.
Reading design from compile DB
Reading design from compile DB successfully.
NOTE: The technology fpga was specified.
NOTE: delay_model specified was generic_cmos.
NOTE: Using the fpga syntax tables...
Totals:
 Calls to malloc = 0
 Calls to calloc = 77795

Constraint check start.
Compiling prim grid devices.
Building architecture model.
Loading device packaging model.
Building architecture floorplan logic view.
Executing : get_ports sys_clk
Executing : get_ports sys_clk successfully.
Executing : create_clock -name sys_clk [get_ports sys_clk] -period 20.000 -waveform {0.000 10.000}
Executing : create_clock -name sys_clk [get_ports sys_clk] -period 20.000 -waveform {0.000 10.000} successfully.
Constraint check end.

Start pre-mapping.
Executing : pre-mapping successfully. Time elapsed: 0.006s wall, 0.000s user + 0.000s system = 0.000s CPU (n/a%)

Start mod-gen.
Executing : mod-gen successfully. Time elapsed: 0.008s wall, 0.000s user + 0.000s system = 0.000s CPU (n/a%)

Start logic-optimization.
Executing : logic-optimization successfully. Time elapsed: 0.009s wall, 0.000s user + 0.000s system = 0.000s CPU (n/a%)

Start tech-mapping phase 1.
Executing : tech-mapping phase 1 successfully. Time elapsed: 0.001s wall, 0.000s user + 0.000s system = 0.000s CPU (n/a%)

Start tech-mapping phase 2.
Executing : tech-mapping phase 2 successfully. Time elapsed: 0.004s wall, 0.000s user + 0.000s system = 0.000s CPU (n/a%)

Start tech-optimization.
Executing : tech-optimization successfully. Time elapsed: 0.004s wall, 0.000s user + 0.000s system = 0.000s CPU (n/a%)

Start phys-optimization.
Executing : phys-optimization successfully. Time elapsed: 0.000s wall, 0.000s user + 0.000s system = 0.000s CPU (n/a%)

Start restore-hierarchy.
Executing : restore-hierarchy successfully. Time elapsed: 0.000s wall, 0.000s user + 0.000s system = 0.000s CPU (n/a%)


Cell Usage:
GTP_GRS                       1 use
GTP_PLL_E3                    1 use

I/O ports: 27
GTP_INBUF                  23 uses
GTP_OUTBUF                  4 uses

Mapping Summary:
Total LUTs: 0 of 22560 (0.00%)
	LUTs as dram: 0 of 7568 (0.00%)
	LUTs as logic: 0
Total Registers: 0 of 33840 (0.00%)
Total Latches: 0

DRM18K:
Total DRM18K = 0.0 of 60 (0.00%)

APMs:
Total APMs = 0.00 of 40 (0.00%)

Total I/O ports = 27 of 226 (11.95%)


Overview of Control Sets:

Number of unique control sets : 0

Histogram:
*************************************************************
  Fanout     | Count    | Sync Set/Reset    Async Set/Reset
-------------------------------------------------------------
  [0, Inf)   | 0        | 0                 0
-------------------------------------------------------------
  The maximum fanout: 0
=============================================================

Flip-Flop Distribution:
************************************************************************
  Clock Enable    Sync Set/Reset    Async Set/Reset    Total Registers
------------------------------------------------------------------------
  NO              NO                NO                 0
  NO              NO                YES                0
  NO              YES               NO                 0
  YES             NO                NO                 0
  YES             NO                YES                0
  YES             YES               NO                 0
========================================================================

Latch Distribution:
************************************************
  Gate Enable    Preset/Clear    Total Latches
************************************************
  NO             NO              0
  NO             YES             0
  YES            NO              0
  YES            YES             0
************************************************

Design 'dual_ad' has been successfully synthesized to architecture-specific objects.
Saving design to DB.
I: Adm-6003: Trying to disconnect un-connected pin 'Z[0]' of instance 'ND1'.
I: Adm-6003: Trying to disconnect un-connected pin 'Z[0]' of instance 'ND3'.
I: Adm-6003: Trying to disconnect un-connected pin 'Z[0]' of instance 'ND4'.
I: Adm-6003: Trying to disconnect un-connected pin 'Z[0]' of instance 'ND0[0]'.
I: Adm-6003: Trying to disconnect un-connected pin 'Z[0]' of instance 'ND0[1]'.
I: Adm-6003: Trying to disconnect un-connected pin 'Z[0]' of instance 'ND0[2]'.
I: Adm-6003: Trying to disconnect un-connected pin 'Z[0]' of instance 'ND0[3]'.
I: Adm-6003: Trying to disconnect un-connected pin 'Z[0]' of instance 'ND0[4]'.
I: Adm-6003: Trying to disconnect un-connected pin 'Z[0]' of instance 'ND0[5]'.
I: Adm-6003: Trying to disconnect un-connected pin 'Z[0]' of instance 'ND0[6]'.
I: Adm-6003: Trying to disconnect un-connected pin 'Z[0]' of instance 'ND0[7]'.
I: Adm-6003: Trying to disconnect un-connected pin 'Z[0]' of instance 'ND0[8]'.
I: Adm-6003: Trying to disconnect un-connected pin 'Z[0]' of instance 'ND0[9]'.
I: Adm-6003: Trying to disconnect un-connected pin 'Z[0]' of instance 'ND2[0]'.
I: Adm-6003: Trying to disconnect un-connected pin 'Z[0]' of instance 'ND2[1]'.
I: Adm-6003: Trying to disconnect un-connected pin 'Z[0]' of instance 'ND2[2]'.
I: Adm-6003: Trying to disconnect un-connected pin 'Z[0]' of instance 'ND2[3]'.
I: Adm-6003: Trying to disconnect un-connected pin 'Z[0]' of instance 'ND2[4]'.
I: Adm-6003: Trying to disconnect un-connected pin 'Z[0]' of instance 'ND2[5]'.
I: Adm-6003: Trying to disconnect un-connected pin 'Z[0]' of instance 'ND2[6]'.
I: Adm-6003: Trying to disconnect un-connected pin 'Z[0]' of instance 'ND2[7]'.
I: Adm-6003: Trying to disconnect un-connected pin 'Z[0]' of instance 'ND2[8]'.
I: Adm-6003: Trying to disconnect un-connected pin 'Z[0]' of instance 'ND2[9]'.
Saving design to dual_ad_syn.vm
Constructing timing graph ...
Timing graph has been constructed successfully
W: Timing-4087: Port 'ad_clk_1' is not constrained, it is treated as combinational output.
W: Timing-4087: Port 'ad_clk_2' is not constrained, it is treated as combinational output.
W: Timing-4087: Port 'ad_oe_1' is not constrained, it is treated as combinational output.
W: Timing-4087: Port 'ad_oe_2' is not constrained, it is treated as combinational output.
Action synthesize: Real time elapsed is 0h:0m:4s
Action synthesize: CPU time elapsed is 0h:0m:0s
Action synthesize: Process CPU time elapsed is 0h:0m:0s
Current time: Thu Jul 25 15:19:55 2024
Action synthesize: Peak memory pool usage is 219 MB
Action from compile to synthesize: Total Real Time elapsed is 0h:0m:8s
Action from compile to synthesize: Total CPU time elapsed is 0h:0m:0s
Action from compile to synthesize: Total Process CPU Time elapsed is 0h:0m:0s
Process "Synthesize" done.


Process "Device Map" started.
Current time: Thu Jul 25 15:19:55 2024
Compiling architecture definition.
Analyzing project file 'E:/NEU/FPGA/Learn/Learn_DigitalLogic/4WithHardware/logos/Dual_AD/dual_ad/dual_ad.pds'.
Compiling verification operator library.
Compiling common defs.
Loading technology operator library.
Compiling technology operator library.
Compiling technology operator (valence) library.
Compiling operator packing rules.
Compiling prim grid devices.
Compiling gate devices.
Compiling gate operators.
Compiling tech operator impls.
Building architecture model.
Loading device packaging model.
NOTE: The technology fpga was specified.
NOTE: delay_model specified was generic_cmos.
NOTE: Using the fpga syntax tables...
Totals:
 Calls to malloc = 0
 Calls to calloc = 77795

Flattening design 'dual_ad'
Device mapping started.
Optimizing circuit logic.
Checking design netlist.
Processing tech operator.
Converting tech operator to gate operator.
Processing gate operator.
Device Utilization Summary:
+------------------------------------------------------------------------+
| Logic Utilization     | Used     | Available     | Utilization(%)     
+------------------------------------------------------------------------+
| APM                   | 0        | 40            | 0                  
| IOCKDLY               | 0        | 32            | 0                  
| FF                    | 0        | 33840         | 0                  
| LUT                   | 0        | 22560         | 0                  
| Distributed RAM       | 0        | 7568          | 0                  
| DLL                   | 0        | 8             | 0                  
| DQSL                  | 0        | 12            | 0                  
| DRM                   | 0        | 60            | 0                  
| FUSECODE              | 0        | 1             | 0                  
| IO                    | 5        | 226           | 3                  
| IOCKDIV               | 0        | 16            | 0                  
| IOCKGATE              | 0        | 16            | 0                  
| IPAL                  | 0        | 1             | 0                  
| PLL                   | 1        | 4             | 25                 
| RCKB                  | 0        | 16            | 0                  
| SCANCHAIN             | 0        | 2             | 0                  
| START                 | 0        | 1             | 0                  
| USCM                  | 0        | 30            | 0                  
| OSC                   | 0        | 1             | 0                  
| CRYSTAL               | 0        | 4             | 0                  
| RESCAL                | 0        | 4             | 0                  
| UDID                  | 0        | 1             | 0                  
+------------------------------------------------------------------------+

Device mapping done.
Total device mapping takes 0.00 sec.

Design 'dual_ad' has been successfully mapped to architecture-specific objects.
Saving design to DB.
W: Public-4010: Pcf file E:/NEU/FPGA/Learn/Learn_DigitalLogic/4WithHardware/logos/Dual_AD/dual_ad/device_map/dual_ad.pcf has been covered.
Action dev_map: Real time elapsed is 0h:0m:4s
Action dev_map: CPU time elapsed is 0h:0m:0s
Action dev_map: Process CPU time elapsed is 0h:0m:0s
Current time: Thu Jul 25 15:19:58 2024
Action dev_map: Peak memory pool usage is 209 MB
Action from compile to dev_map: Total Real Time elapsed is 0h:0m:12s
Action from compile to dev_map: Total CPU time elapsed is 0h:0m:0s
Action from compile to dev_map: Total Process CPU Time elapsed is 0h:0m:0s
Process "Device Map" done.


Process "Place & Route" started.
Current time: Thu Jul 25 15:19:58 2024
Compiling architecture definition.
Analyzing project file 'E:/NEU/FPGA/Learn/Learn_DigitalLogic/4WithHardware/logos/Dual_AD/dual_ad/dual_ad.pds'.
Compiling verification operator library.
Compiling common defs.
Compiling prim grid devices.
Compiling gate devices.
Compiling gate operators.
Building architecture model.
Loading device packaging model.
pnr strategy configuration : 
strategy name : 0
Building architecture floorplan logic view.
Constraint check start.
Executing : def_port {ad_clk_1} LOC=L7 VCCIO=3.3 IOSTANDARD=LVCMOS33 DRIVE=8 SLEW=SLOW PULLUP=TRUE
Executing : def_port {ad_clk_1} LOC=L7 VCCIO=3.3 IOSTANDARD=LVCMOS33 DRIVE=8 SLEW=SLOW PULLUP=TRUE successfully
Executing : def_port {ad_clk_2} LOC=J3 VCCIO=3.3 IOSTANDARD=LVCMOS33 DRIVE=8 SLEW=SLOW PULLUP=TRUE
Executing : def_port {ad_clk_2} LOC=J3 VCCIO=3.3 IOSTANDARD=LVCMOS33 DRIVE=8 SLEW=SLOW PULLUP=TRUE successfully
Executing : def_port {ad_oe_1} LOC=K3 VCCIO=3.3 IOSTANDARD=LVCMOS33 DRIVE=8 SLEW=SLOW PULLUP=TRUE
Executing : def_port {ad_oe_1} LOC=K3 VCCIO=3.3 IOSTANDARD=LVCMOS33 DRIVE=8 SLEW=SLOW PULLUP=TRUE successfully
Executing : def_port {ad_oe_2} LOC=J6 VCCIO=3.3 IOSTANDARD=LVCMOS33 DRIVE=8 SLEW=SLOW PULLUP=TRUE
Executing : def_port {ad_oe_2} LOC=J6 VCCIO=3.3 IOSTANDARD=LVCMOS33 DRIVE=8 SLEW=SLOW PULLUP=TRUE successfully
Executing : def_port {ad_data_1[0]} LOC=H2 VCCIO=3.3 IOSTANDARD=LVCMOS33 PULLUP=TRUE
C: ConstraintEditor-2001: [E:/NEU/FPGA/Learn/Learn_DigitalLogic/4WithHardware/logos/Dual_AD/dual_ad/device_map/dual_ad.pcf(line number: 7)] Object 'ad_data_1[0]' is dangling, which has no connection. it will be ignored.
Executing : def_port {ad_data_1[0]} LOC=H2 VCCIO=3.3 IOSTANDARD=LVCMOS33 PULLUP=TRUE failed
Executing : def_port {ad_data_1[1]} LOC=H1 VCCIO=3.3 IOSTANDARD=LVCMOS33 PULLUP=TRUE
C: ConstraintEditor-2001: [E:/NEU/FPGA/Learn/Learn_DigitalLogic/4WithHardware/logos/Dual_AD/dual_ad/device_map/dual_ad.pcf(line number: 8)] Object 'ad_data_1[1]' is dangling, which has no connection. it will be ignored.
Executing : def_port {ad_data_1[1]} LOC=H1 VCCIO=3.3 IOSTANDARD=LVCMOS33 PULLUP=TRUE failed
Executing : def_port {ad_data_1[2]} LOC=H7 VCCIO=3.3 IOSTANDARD=LVCMOS33 PULLUP=TRUE
C: ConstraintEditor-2001: [E:/NEU/FPGA/Learn/Learn_DigitalLogic/4WithHardware/logos/Dual_AD/dual_ad/device_map/dual_ad.pcf(line number: 9)] Object 'ad_data_1[2]' is dangling, which has no connection. it will be ignored.
Executing : def_port {ad_data_1[2]} LOC=H7 VCCIO=3.3 IOSTANDARD=LVCMOS33 PULLUP=TRUE failed
Executing : def_port {ad_data_1[3]} LOC=G6 VCCIO=3.3 IOSTANDARD=LVCMOS33 PULLUP=TRUE
C: ConstraintEditor-2001: [E:/NEU/FPGA/Learn/Learn_DigitalLogic/4WithHardware/logos/Dual_AD/dual_ad/device_map/dual_ad.pcf(line number: 10)] Object 'ad_data_1[3]' is dangling, which has no connection. it will be ignored.
Executing : def_port {ad_data_1[3]} LOC=G6 VCCIO=3.3 IOSTANDARD=LVCMOS33 PULLUP=TRUE failed
Executing : def_port {ad_data_1[4]} LOC=G3 VCCIO=3.3 IOSTANDARD=LVCMOS33 PULLUP=TRUE
C: ConstraintEditor-2001: [E:/NEU/FPGA/Learn/Learn_DigitalLogic/4WithHardware/logos/Dual_AD/dual_ad/device_map/dual_ad.pcf(line number: 11)] Object 'ad_data_1[4]' is dangling, which has no connection. it will be ignored.
Executing : def_port {ad_data_1[4]} LOC=G3 VCCIO=3.3 IOSTANDARD=LVCMOS33 PULLUP=TRUE failed
Executing : def_port {ad_data_1[5]} LOC=G1 VCCIO=3.3 IOSTANDARD=LVCMOS33 PULLUP=TRUE
C: ConstraintEditor-2001: [E:/NEU/FPGA/Learn/Learn_DigitalLogic/4WithHardware/logos/Dual_AD/dual_ad/device_map/dual_ad.pcf(line number: 12)] Object 'ad_data_1[5]' is dangling, which has no connection. it will be ignored.
Executing : def_port {ad_data_1[5]} LOC=G1 VCCIO=3.3 IOSTANDARD=LVCMOS33 PULLUP=TRUE failed
Executing : def_port {ad_data_1[6]} LOC=E3 VCCIO=3.3 IOSTANDARD=LVCMOS33 PULLUP=TRUE
C: ConstraintEditor-2001: [E:/NEU/FPGA/Learn/Learn_DigitalLogic/4WithHardware/logos/Dual_AD/dual_ad/device_map/dual_ad.pcf(line number: 13)] Object 'ad_data_1[6]' is dangling, which has no connection. it will be ignored.
Executing : def_port {ad_data_1[6]} LOC=E3 VCCIO=3.3 IOSTANDARD=LVCMOS33 PULLUP=TRUE failed
Executing : def_port {ad_data_1[7]} LOC=E1 VCCIO=3.3 IOSTANDARD=LVCMOS33 PULLUP=TRUE
C: ConstraintEditor-2001: [E:/NEU/FPGA/Learn/Learn_DigitalLogic/4WithHardware/logos/Dual_AD/dual_ad/device_map/dual_ad.pcf(line number: 14)] Object 'ad_data_1[7]' is dangling, which has no connection. it will be ignored.
Executing : def_port {ad_data_1[7]} LOC=E1 VCCIO=3.3 IOSTANDARD=LVCMOS33 PULLUP=TRUE failed
Executing : def_port {ad_data_1[8]} LOC=L4 VCCIO=3.3 IOSTANDARD=LVCMOS33 PULLUP=TRUE
C: ConstraintEditor-2001: [E:/NEU/FPGA/Learn/Learn_DigitalLogic/4WithHardware/logos/Dual_AD/dual_ad/device_map/dual_ad.pcf(line number: 15)] Object 'ad_data_1[8]' is dangling, which has no connection. it will be ignored.
Executing : def_port {ad_data_1[8]} LOC=L4 VCCIO=3.3 IOSTANDARD=LVCMOS33 PULLUP=TRUE failed
Executing : def_port {ad_data_1[9]} LOC=L3 VCCIO=3.3 IOSTANDARD=LVCMOS33 PULLUP=TRUE
C: ConstraintEditor-2001: [E:/NEU/FPGA/Learn/Learn_DigitalLogic/4WithHardware/logos/Dual_AD/dual_ad/device_map/dual_ad.pcf(line number: 16)] Object 'ad_data_1[9]' is dangling, which has no connection. it will be ignored.
Executing : def_port {ad_data_1[9]} LOC=L3 VCCIO=3.3 IOSTANDARD=LVCMOS33 PULLUP=TRUE failed
Executing : def_port {ad_data_2[0]} LOC=H4 VCCIO=3.3 IOSTANDARD=LVCMOS33 PULLUP=TRUE
C: ConstraintEditor-2001: [E:/NEU/FPGA/Learn/Learn_DigitalLogic/4WithHardware/logos/Dual_AD/dual_ad/device_map/dual_ad.pcf(line number: 17)] Object 'ad_data_2[0]' is dangling, which has no connection. it will be ignored.
Executing : def_port {ad_data_2[0]} LOC=H4 VCCIO=3.3 IOSTANDARD=LVCMOS33 PULLUP=TRUE failed
Executing : def_port {ad_data_2[1]} LOC=H3 VCCIO=3.3 IOSTANDARD=LVCMOS33 PULLUP=TRUE
C: ConstraintEditor-2001: [E:/NEU/FPGA/Learn/Learn_DigitalLogic/4WithHardware/logos/Dual_AD/dual_ad/device_map/dual_ad.pcf(line number: 18)] Object 'ad_data_2[1]' is dangling, which has no connection. it will be ignored.
Executing : def_port {ad_data_2[1]} LOC=H3 VCCIO=3.3 IOSTANDARD=LVCMOS33 PULLUP=TRUE failed
Executing : def_port {ad_data_2[2]} LOC=F2 VCCIO=3.3 IOSTANDARD=LVCMOS33 PULLUP=TRUE
C: ConstraintEditor-2001: [E:/NEU/FPGA/Learn/Learn_DigitalLogic/4WithHardware/logos/Dual_AD/dual_ad/device_map/dual_ad.pcf(line number: 19)] Object 'ad_data_2[2]' is dangling, which has no connection. it will be ignored.
Executing : def_port {ad_data_2[2]} LOC=F2 VCCIO=3.3 IOSTANDARD=LVCMOS33 PULLUP=TRUE failed
Executing : def_port {ad_data_2[3]} LOC=F1 VCCIO=3.3 IOSTANDARD=LVCMOS33 PULLUP=TRUE
C: ConstraintEditor-2001: [E:/NEU/FPGA/Learn/Learn_DigitalLogic/4WithHardware/logos/Dual_AD/dual_ad/device_map/dual_ad.pcf(line number: 20)] Object 'ad_data_2[3]' is dangling, which has no connection. it will be ignored.
Executing : def_port {ad_data_2[3]} LOC=F1 VCCIO=3.3 IOSTANDARD=LVCMOS33 PULLUP=TRUE failed
Executing : def_port {ad_data_2[4]} LOC=K2 VCCIO=3.3 IOSTANDARD=LVCMOS33 PULLUP=TRUE
C: ConstraintEditor-2001: [E:/NEU/FPGA/Learn/Learn_DigitalLogic/4WithHardware/logos/Dual_AD/dual_ad/device_map/dual_ad.pcf(line number: 21)] Object 'ad_data_2[4]' is dangling, which has no connection. it will be ignored.
Executing : def_port {ad_data_2[4]} LOC=K2 VCCIO=3.3 IOSTANDARD=LVCMOS33 PULLUP=TRUE failed
Executing : def_port {ad_data_2[5]} LOC=K1 VCCIO=3.3 IOSTANDARD=LVCMOS33 PULLUP=TRUE
C: ConstraintEditor-2001: [E:/NEU/FPGA/Learn/Learn_DigitalLogic/4WithHardware/logos/Dual_AD/dual_ad/device_map/dual_ad.pcf(line number: 22)] Object 'ad_data_2[5]' is dangling, which has no connection. it will be ignored.
Executing : def_port {ad_data_2[5]} LOC=K1 VCCIO=3.3 IOSTANDARD=LVCMOS33 PULLUP=TRUE failed
Executing : def_port {ad_data_2[6]} LOC=L5 VCCIO=3.3 IOSTANDARD=LVCMOS33 PULLUP=TRUE
C: ConstraintEditor-2001: [E:/NEU/FPGA/Learn/Learn_DigitalLogic/4WithHardware/logos/Dual_AD/dual_ad/device_map/dual_ad.pcf(line number: 23)] Object 'ad_data_2[6]' is dangling, which has no connection. it will be ignored.
Executing : def_port {ad_data_2[6]} LOC=L5 VCCIO=3.3 IOSTANDARD=LVCMOS33 PULLUP=TRUE failed
Executing : def_port {ad_data_2[7]} LOC=K5 VCCIO=3.3 IOSTANDARD=LVCMOS33 PULLUP=TRUE
C: ConstraintEditor-2001: [E:/NEU/FPGA/Learn/Learn_DigitalLogic/4WithHardware/logos/Dual_AD/dual_ad/device_map/dual_ad.pcf(line number: 24)] Object 'ad_data_2[7]' is dangling, which has no connection. it will be ignored.
Executing : def_port {ad_data_2[7]} LOC=K5 VCCIO=3.3 IOSTANDARD=LVCMOS33 PULLUP=TRUE failed
Executing : def_port {ad_data_2[8]} LOC=D2 VCCIO=3.3 IOSTANDARD=LVCMOS33 PULLUP=TRUE
C: ConstraintEditor-2001: [E:/NEU/FPGA/Learn/Learn_DigitalLogic/4WithHardware/logos/Dual_AD/dual_ad/device_map/dual_ad.pcf(line number: 25)] Object 'ad_data_2[8]' is dangling, which has no connection. it will be ignored.
Executing : def_port {ad_data_2[8]} LOC=D2 VCCIO=3.3 IOSTANDARD=LVCMOS33 PULLUP=TRUE failed
Executing : def_port {ad_data_2[9]} LOC=D1 VCCIO=3.3 IOSTANDARD=LVCMOS33 PULLUP=TRUE
C: ConstraintEditor-2001: [E:/NEU/FPGA/Learn/Learn_DigitalLogic/4WithHardware/logos/Dual_AD/dual_ad/device_map/dual_ad.pcf(line number: 26)] Object 'ad_data_2[9]' is dangling, which has no connection. it will be ignored.
Executing : def_port {ad_data_2[9]} LOC=D1 VCCIO=3.3 IOSTANDARD=LVCMOS33 PULLUP=TRUE failed
Executing : def_port {ad_otr_1} LOC=K4 VCCIO=3.3 IOSTANDARD=LVCMOS33 PULLUP=TRUE
C: ConstraintEditor-2001: [E:/NEU/FPGA/Learn/Learn_DigitalLogic/4WithHardware/logos/Dual_AD/dual_ad/device_map/dual_ad.pcf(line number: 27)] Object 'ad_otr_1' is dangling, which has no connection. it will be ignored.
Executing : def_port {ad_otr_1} LOC=K4 VCCIO=3.3 IOSTANDARD=LVCMOS33 PULLUP=TRUE failed
Executing : def_port {ad_otr_2} LOC=J7 VCCIO=3.3 IOSTANDARD=LVCMOS33 PULLUP=TRUE
C: ConstraintEditor-2001: [E:/NEU/FPGA/Learn/Learn_DigitalLogic/4WithHardware/logos/Dual_AD/dual_ad/device_map/dual_ad.pcf(line number: 28)] Object 'ad_otr_2' is dangling, which has no connection. it will be ignored.
Executing : def_port {ad_otr_2} LOC=J7 VCCIO=3.3 IOSTANDARD=LVCMOS33 PULLUP=TRUE failed
Executing : def_port {sys_clk} LOC=V9 VCCIO=3.3 IOSTANDARD=LVCMOS33 PULLUP=TRUE
Executing : def_port {sys_clk} LOC=V9 VCCIO=3.3 IOSTANDARD=LVCMOS33 PULLUP=TRUE successfully
Executing : def_port {sys_rst_n} LOC=C4 VCCIO=1.8 IOSTANDARD=LVCMOS18 PULLUP=TRUE
C: ConstraintEditor-2001: [E:/NEU/FPGA/Learn/Learn_DigitalLogic/4WithHardware/logos/Dual_AD/dual_ad/device_map/dual_ad.pcf(line number: 30)] Object 'sys_rst_n' is dangling, which has no connection. it will be ignored.
Executing : def_port {sys_rst_n} LOC=C4 VCCIO=1.8 IOSTANDARD=LVCMOS18 PULLUP=TRUE failed
Constraint check end.
NOTE: The technology fpga was specified.
NOTE: delay_model specified was generic_cmos.
NOTE: Using the fpga syntax tables...
Totals:
 Calls to malloc = 0
 Calls to calloc = 5993935

I: Column Clock Check open.
Read Column Clock Map.

Placement started.
Phase 1 Pre global placement started.
Mapping instance u_pll_clk/u_pll_e3/goppll to PLL_122_55.
Phase 1.1 1st GP placement started.
Design Utilization : 0%.
First map gop timing takes 0.00 sec
Worst slack after clock region global placement is 2147483647
Wirelength after clock region global placement is 160 and checksum is 61EF7B881C4EAF6F.
1st GP placement takes 0.50 sec.

Phase 1.2 Clock placement started.
Clock placement takes 0.02 sec.

Wirelength after Pre Global Placement is 160 and checksum is 61EF7B881C4EAF6F.
Pre global placement takes 0.53 sec.

Phase 2 Global placement started.
Phase 2.1 Fixed placement started.
Placed fixed group with base inst ad_clk_1_obuf/opit_1 on IOL_7_141.
Placed fixed group with base inst ad_clk_2_obuf/opit_1 on IOL_7_109.
Placed fixed group with base inst ad_oe_1_obuf/opit_1 on IOL_7_118.
Placed fixed group with base inst ad_oe_2_obuf/opit_1 on IOL_7_150.
Placed fixed group with base inst sys_clk_ibuf/opit_1 on IOL_131_5.
Placed fixed instance u_pll_clk/u_pll_e3/goppll on PLL_122_55.
Placed fixed instance BKCL_auto_0 on BKCL_138_1.
Placed fixed instance BKCL_auto_1 on BKCL_1_144.
Fixed placement takes 0.00 sec.

Phase 2.2 Process placement started.
Process placement takes 0.00 sec.

Phase 2.3 IO placement started.
IO placement takes 0.00 sec.

Phase 2.4 2nd GP placement started.
Run super clustering :
	Initial slack 2147483647.
	1 iterations finished.
	Final slack 2147483647.
Super clustering done.
Design Utilization : 0%.
Worst slack after global placement is 2147483647
2nd GP placement takes 0.06 sec.

Wirelength after global placement is 107 and checksum is E504F28280C4CA04.
Global placement takes 0.06 sec.

Phase 3 Post global placement started.
Phase 3.1 Macro cell placement started.
I: Process macros using "Greedy".
Wirelength after macro cell placement is 107 and checksum is E504F28280C4CA04.
Macro cell placement takes 0.00 sec.

Phase 3.2 3rd GP placement started.
Run super clustering :
	Initial slack 2147483647.
	1 iterations finished.
	Final slack 2147483647.
Super clustering done.
Design Utilization : 0%.
Worst slack after post global placement is 2147483647
3rd GP placement takes 0.02 sec.

Wirelength after post global placement is 107 and checksum is E504F28280C4CA04.
Post global placement takes 0.02 sec.

Phase 4 Legalization started.
The average distance in LP is 78.000000.
Wirelength after legalization is 107 and checksum is EE254A89CFD3279.
Legalization takes 0.00 sec.

Phase 5 Timing-driven detailed placement started.
Phase 5.1 Replication placement started.
Worst slack before Replication Place is 2147483647.
Replication placement takes 0.00 sec.

Wirelength after replication placement is 107 and checksum is EE254A89CFD3279.
Phase 5.2 DP placement started.
Legalized cost 2147483647.000000.
The detailed placement ends at 0th iteration.
DP placement takes 0.00 sec.

Wirelength after detailed placement is 107 and checksum is EE254A89CFD3279.
Timing-driven detailed placement takes 0.00 sec.

Worst slack is 2147483647, TNS after placement is 0.
Placement done.
Total placement takes 0.61 sec.
Finished placement.

Routing started.
Building routing graph takes 0.05 sec.
Worst slack is 2147483647, TNS before global route is 0.
Processing design graph takes 0.00 sec.
Total memory for routing:
	63.195240 M.
Total nets for routing : 19.
Rcf routing step 1 processed 0 nets, it takes 0.00 sec.
Rcf routing step 2 processed 0 nets, it takes 0.00 sec.
Rcf routing step 3 processed 0 nets, it takes 0.00 sec.
Global Routing step 1 processed 0 nets, it takes 0.00 sec.
Global Routing step 2 processed 0 nets, it takes 0.00 sec.
Global Routing step 3 processed 0 nets, it takes 0.00 sec.
Global routing takes 0.00 sec.
Total 19 subnets.
    forward max bucket size 975 , backward 2036.
        Unrouted nets 0 at the end of iteration 0.
    route iteration 0, CPU time elapsed 0.000000 sec.
Detailed routing takes 0 iterations
Detailed routing takes 0.00 sec.
Start fix hold violation.
Build tmp routing results takes 0.00 sec.
Timing analysis takes 0.00 sec.
No hold violation.
Hold Violation Fix in router takes 0 iterations.
Fix hold violation Finished.
Hold Violation Fix in router takes 0.00 sec.

Dispose routing result:
    Collect routing result.
    Delete unused device instances.
    Annotate routing result.
    Change LUT configuration.
    Dispose misc instances.
    Annotate routing result again.
Finish routing takes 0.00 sec.
Used SRB routing arc is 185.
Cleanup routing takes 0.00 sec.
Routing done.
Total routing takes 0.08 sec.


Device Utilization Summary :
+---------------------------------------------------------------------------+
| Logic Utilization        | Used     | Available     | Utilization(%)     
+---------------------------------------------------------------------------+
| Use of APM               | 0        | 40            | 0                  
| Use of BKCL              | 2        | 4             | 50                 
| Use of CLMA              | 0        | 3748          | 0                  
|   FF                     | 0        | 22488         | 0                  
|   LUT                    | 0        | 14992         | 0                  
|   LUT-FF pairs           | 0        | 14992         | 0                  
| Use of CLMS              | 0        | 1892          | 0                  
|   FF                     | 0        | 11352         | 0                  
|   LUT                    | 0        | 7568          | 0                  
|   LUT-FF pairs           | 0        | 7568          | 0                  
|   Distributed RAM        | 0        | 7568          | 0                  
| Use of CRYSTAL           | 0        | 4             | 0                  
| Use of DLL               | 0        | 8             | 0                  
| Use of DQSL              | 0        | 12            | 0                  
| Use of DRM               | 0        | 60            | 0                  
| Use of FUSECODE          | 0        | 1             | 0                  
| Use of HARD0N1           | 6        | 3480          | 1                  
| Use of IO                | 5        | 226           | 3                  
|   IOBD                   | 0        | 57            | 0                  
|   IOBR                   | 0        | 12            | 0                  
|   IOBS                   | 5        | 157           | 4                  
| Use of IOCKDIV           | 0        | 16            | 0                  
| Use of IOCKDLY           | 0        | 32            | 0                  
| Use of IOCKGATE          | 0        | 16            | 0                  
| Use of IOCKGMUX_TEST     | 0        | 16            | 0                  
| Use of IOL               | 5        | 308           | 2                  
| Use of IPAL              | 0        | 1             | 0                  
| Use of MFG_TEST          | 0        | 1             | 0                  
| Use of OSC               | 0        | 1             | 0                  
| Use of PLL               | 1        | 4             | 25                 
| Use of PREGMUX_TEST      | 0        | 4             | 0                  
| Use of RCKB              | 0        | 16            | 0                  
|  RCKB dataused           | 0        | 16            | 0                  
| Use of RCKBMUX_TEST      | 0        | 8             | 0                  
| Use of RESCAL            | 0        | 4             | 0                  
| Use of SCANCHAIN         | 0        | 2             | 0                  
| Use of START             | 1        | 1             | 100                
| Use of UDID              | 0        | 1             | 0                  
| Use of USCM              | 1        | 30            | 4                  
|  USCM dataused           | 0        | 30            | 0                  
| Use of USCMMUX_TEST      | 0        | 30            | 0                  
| Use of VCKBMUX_TEST      | 0        | 8             | 0                  
+---------------------------------------------------------------------------+

Finished routing.
Design 'dual_ad' has been placed and routed successfully.
Saving design to DB.
Finished placement and routing.
Action pnr: Real time elapsed is 0h:0m:9s
Action pnr: CPU time elapsed is 0h:0m:1s
Action pnr: Process CPU time elapsed is 0h:0m:1s
Current time: Thu Jul 25 15:20:06 2024
Action pnr: Peak memory pool usage is 812 MB
Action from compile to pnr: Total Real Time elapsed is 0h:0m:21s
Action from compile to pnr: Total CPU time elapsed is 0h:0m:1s
Action from compile to pnr: Total Process CPU Time elapsed is 0h:0m:1s
Process "Place & Route" done.
