#Build: Fabric Compiler 2022.2-SP4.2, Build 132111, Aug 13 06:22 2023
#Install: E:\SoftWare\PDS\PDS_2022.2-SP4.2-ads\bin
#Application name: pds.exe
#OS: Windows 10 10.0.23620
#Hostname: 1917Redbanner
Generated by Fabric Compiler (version 2022.2-SP4.2 build 132111) at Tue Jul 23 10:39:12 2024
Compiling architecture definition.
Analyzing project file 'E:/NEU/FPGA/Learn/Learn_DigitalLogic/4WithHardware/logos/led/led_pango/led_pango.pds'.
License checkout: fabric_ads from E:\SoftWare\PDS\PDS_2022.2-SP4.2-ads\new_pds_584120290F2C.lic
Compiling verification operator library.
Loading technology operator library.
Compiling technology operator library.
Compiling technology operator (valence) library.
I: Enable Verilog2k features and keywords
Start rtl-analyze.
Executing : .rtl_analyze -work work -include_path {E:/NEU/FPGA/Learn/Learn_DigitalLogic/4WithHardware/logos/led/led_pango} E:/NEU/FPGA/Learn/Learn_DigitalLogic/4WithHardware/logos/led/led_pango/led.v
I: Verilog-0001: Analyzing file E:/NEU/FPGA/Learn/Learn_DigitalLogic/4WithHardware/logos/led/led_pango/led.v
I: Verilog-0002: [E:/NEU/FPGA/Learn/Learn_DigitalLogic/4WithHardware/logos/led/led_pango/led.v(line number: 1)] Analyzing module led (library work)
Parsing done.
Executing : .rtl_analyze -work work -include_path {E:/NEU/FPGA/Learn/Learn_DigitalLogic/4WithHardware/logos/led/led_pango} E:/NEU/FPGA/Learn/Learn_DigitalLogic/4WithHardware/logos/led/led_pango/led.v successfully.
I: Module "led" is set as top module.
Executing : rtl-analyze successfully. Time elapsed: 1.749s wall, 0.000s user + 0.000s system = 0.000s CPU (n/a%)

Start rtl-elaborate.
I: Verilog-0003: [E:/NEU/FPGA/Learn/Learn_DigitalLogic/4WithHardware/logos/led/led_pango/led.v(line number: 1)] Elaborating module led
Executing : rtl-elaborate successfully. Time elapsed: 0.000s wall, 0.000s user + 0.000s system = 0.000s CPU (n/a%)

Start rtl-prep.
Executing : rtl-prep successfully. Time elapsed: 0.000s wall, 0.000s user + 0.000s system = 0.000s CPU (n/a%)

Start rtl-infer.
Start DFF-inference.
Executing : DFF-inference successfully.
Executing : rtl-infer successfully. Time elapsed: 0.000s wall, 0.000s user + 0.000s system = 0.000s CPU (n/a%)

Start rtl-control-opt.
Executing : rtl-control-opt successfully. Time elapsed: 0.000s wall, 0.000s user + 0.000s system = 0.000s CPU (n/a%)

Start rtl-data-opt.
Executing : rtl-data-opt successfully. Time elapsed: 0.000s wall, 0.000s user + 0.000s system = 0.000s CPU (n/a%)

Start FSM inference.
Executing : FSM inference successfully. Time elapsed: 0.000s wall, 0.000s user + 0.000s system = 0.000s CPU (n/a%)

Start sdm2adm.
Executing : sdm2adm successfully. Time elapsed: 0.002s wall, 0.000s user + 0.000s system = 0.000s CPU (n/a%)

Saving design to DB.
Action compile: Real time elapsed is 0h:0m:3s
Action compile: CPU time elapsed is 0h:0m:0s
Action compile: Process CPU time elapsed is 0h:0m:0s
Current time: Tue Jul 23 10:39:14 2024
Action compile: Peak memory pool usage is 137 MB
Action from compile to compile: Total Real Time elapsed is 0h:0m:3s
Action from compile to compile: Total CPU time elapsed is 0h:0m:0s
Action from compile to compile: Total Process CPU Time elapsed is 0h:0m:0s
Compiling architecture definition.
Analyzing project file 'E:/NEU/FPGA/Learn/Learn_DigitalLogic/4WithHardware/logos/led/led_pango/led_pango.pds'.
License checkout: fabric_ads from E:\SoftWare\PDS\PDS_2022.2-SP4.2-ads\new_pds_584120290F2C.lic
Compiling verification operator library.
Compiling common defs.
Loading technology operator library.
Compiling technology operator library.
Compiling technology operator (valence) library.
Reading design from compile DB
Reading design from compile DB successfully.
NOTE: The technology fpga was specified.
NOTE: delay_model specified was generic_cmos.
NOTE: Using the fpga syntax tables...
Totals:
 Calls to malloc = 0
 Calls to calloc = 77795

Constraint check start.
Compiling prim grid devices.
Building architecture model.
Loading device packaging model.
Building architecture floorplan logic view.
C: ConstraintEditor-2002: [E:/NEU/FPGA/Learn/Learn_DigitalLogic/4WithHardware/logos/led/led_pango/led_pango.fdc(line number: 9)] | Port key has been placed at location N5, whose type is share pin.
Constraint check end.

Start pre-mapping.
Executing : pre-mapping successfully. Time elapsed: 0.007s wall, 0.000s user + 0.000s system = 0.000s CPU (n/a%)

Start mod-gen.
Executing : mod-gen successfully. Time elapsed: 0.005s wall, 0.000s user + 0.000s system = 0.000s CPU (n/a%)

Start logic-optimization.
Executing : logic-optimization successfully. Time elapsed: 0.015s wall, 0.000s user + 0.000s system = 0.000s CPU (n/a%)

Start tech-mapping phase 1.
Executing : tech-mapping phase 1 successfully. Time elapsed: 0.000s wall, 0.000s user + 0.000s system = 0.000s CPU (n/a%)

Start tech-mapping phase 2.
Executing : tech-mapping phase 2 successfully. Time elapsed: 0.008s wall, 0.000s user + 0.000s system = 0.000s CPU (n/a%)

Start tech-optimization.
Executing : tech-optimization successfully. Time elapsed: 0.004s wall, 0.000s user + 0.000s system = 0.000s CPU (n/a%)

Start phys-optimization.
Executing : phys-optimization successfully. Time elapsed: 0.000s wall, 0.000s user + 0.000s system = 0.000s CPU (n/a%)

Start restore-hierarchy.
Executing : restore-hierarchy successfully. Time elapsed: 0.000s wall, 0.000s user + 0.000s system = 0.000s CPU (n/a%)


Cell Usage:
GTP_GRS                       1 use
GTP_LUT1                      1 use

I/O ports: 2
GTP_INBUF                   1 use
GTP_OUTBUF                  1 use

Mapping Summary:
Total LUTs: 1 of 22560 (0.00%)
	LUTs as dram: 0 of 7568 (0.00%)
	LUTs as logic: 1
Total Registers: 0 of 33840 (0.00%)
Total Latches: 0

DRM18K:
Total DRM18K = 0.0 of 60 (0.00%)

APMs:
Total APMs = 0.00 of 40 (0.00%)

Total I/O ports = 2 of 226 (0.88%)


Overview of Control Sets:

Number of unique control sets : 0

Histogram:
*************************************************************
  Fanout     | Count    | Sync Set/Reset    Async Set/Reset
-------------------------------------------------------------
  [0, Inf)   | 0        | 0                 0
-------------------------------------------------------------
  The maximum fanout: 0
=============================================================

Flip-Flop Distribution:
************************************************************************
  Clock Enable    Sync Set/Reset    Async Set/Reset    Total Registers
------------------------------------------------------------------------
  NO              NO                NO                 0
  NO              NO                YES                0
  NO              YES               NO                 0
  YES             NO                NO                 0
  YES             NO                YES                0
  YES             YES               NO                 0
========================================================================

Latch Distribution:
************************************************
  Gate Enable    Preset/Clear    Total Latches
************************************************
  NO             NO              0
  NO             YES             0
  YES            NO              0
  YES            YES             0
************************************************

Design 'led' has been successfully synthesized to architecture-specific objects.
Saving design to DB.
Saving design to led_syn.vm
Constructing timing graph ...
Timing graph has been constructed successfully
W: Timing-4087: Port 'led' is not constrained, it is treated as combinational output.
W: Timing-4086: Port 'key' is not constrained, it is treated as combinational input.
Action synthesize: Real time elapsed is 0h:0m:3s
Action synthesize: CPU time elapsed is 0h:0m:0s
Action synthesize: Process CPU time elapsed is 0h:0m:0s
Current time: Tue Jul 23 10:39:17 2024
Action synthesize: Peak memory pool usage is 216 MB
Action from compile to synthesize: Total Real Time elapsed is 0h:0m:6s
Action from compile to synthesize: Total CPU time elapsed is 0h:0m:0s
Action from compile to synthesize: Total Process CPU Time elapsed is 0h:0m:0s
Compiling architecture definition.
Analyzing project file 'E:/NEU/FPGA/Learn/Learn_DigitalLogic/4WithHardware/logos/led/led_pango/led_pango.pds'.
Compiling verification operator library.
Compiling common defs.
Loading technology operator library.
Compiling technology operator library.
Compiling technology operator (valence) library.
Compiling operator packing rules.
Compiling prim grid devices.
Compiling gate devices.
Compiling gate operators.
Compiling tech operator impls.
Building architecture model.
Loading device packaging model.
NOTE: The technology fpga was specified.
NOTE: delay_model specified was generic_cmos.
NOTE: Using the fpga syntax tables...
Totals:
 Calls to malloc = 0
 Calls to calloc = 77795

Flattening design 'led'
Device mapping started.
Optimizing circuit logic.
Checking design netlist.
Processing tech operator.
Converting tech operator to gate operator.
Processing gate operator.
Device Utilization Summary:
+------------------------------------------------------------------------+
| Logic Utilization     | Used     | Available     | Utilization(%)     
+------------------------------------------------------------------------+
| APM                   | 0        | 40            | 0                  
| IOCKDLY               | 0        | 32            | 0                  
| FF                    | 0        | 33840         | 0                  
| LUT                   | 1        | 22560         | 1                  
| Distributed RAM       | 0        | 7568          | 0                  
| DLL                   | 0        | 8             | 0                  
| DQSL                  | 0        | 12            | 0                  
| DRM                   | 0        | 60            | 0                  
| FUSECODE              | 0        | 1             | 0                  
| IO                    | 2        | 226           | 1                  
| IOCKDIV               | 0        | 16            | 0                  
| IOCKGATE              | 0        | 16            | 0                  
| IPAL                  | 0        | 1             | 0                  
| PLL                   | 0        | 4             | 0                  
| RCKB                  | 0        | 16            | 0                  
| SCANCHAIN             | 0        | 2             | 0                  
| START                 | 0        | 1             | 0                  
| USCM                  | 0        | 30            | 0                  
| OSC                   | 0        | 1             | 0                  
| CRYSTAL               | 0        | 4             | 0                  
| RESCAL                | 0        | 4             | 0                  
| UDID                  | 0        | 1             | 0                  
+------------------------------------------------------------------------+

Device mapping done.
Total device mapping takes 0.00 sec.

Design 'led' has been successfully mapped to architecture-specific objects.
Saving design to DB.
W: Public-4010: Pcf file E:/NEU/FPGA/Learn/Learn_DigitalLogic/4WithHardware/logos/led/led_pango/device_map/led.pcf has been covered.
Action dev_map: Real time elapsed is 0h:0m:4s
Action dev_map: CPU time elapsed is 0h:0m:0s
Action dev_map: Process CPU time elapsed is 0h:0m:0s
Current time: Tue Jul 23 10:39:29 2024
Action dev_map: Peak memory pool usage is 208 MB
Action from compile to dev_map: Total Real Time elapsed is 0h:0m:10s
Action from compile to dev_map: Total CPU time elapsed is 0h:0m:0s
Action from compile to dev_map: Total Process CPU Time elapsed is 0h:0m:0s
Compiling architecture definition.
Analyzing project file 'E:/NEU/FPGA/Learn/Learn_DigitalLogic/4WithHardware/logos/led/led_pango/led_pango.pds'.
Compiling verification operator library.
Compiling common defs.
Compiling prim grid devices.
Compiling gate devices.
Compiling gate operators.
Building architecture model.
Loading device packaging model.
pnr strategy configuration : 
strategy name : 0
Building architecture floorplan logic view.
Constraint check start.
Executing : def_port {led} LOC=M14 VCCIO=1.5 IOSTANDARD=LVCMOS15 DRIVE=8 SLEW=SLOW PULLUP=TRUE
Executing : def_port {led} LOC=M14 VCCIO=1.5 IOSTANDARD=LVCMOS15 DRIVE=8 SLEW=SLOW PULLUP=TRUE successfully
Executing : def_port {key} LOC=N5 VCCIO=3.3 IOSTANDARD=LVCMOS33 PULLUP=TRUE
C: ConstraintEditor-2002: [E:/NEU/FPGA/Learn/Learn_DigitalLogic/4WithHardware/logos/led/led_pango/device_map/led.pcf(line number: 4)] | Port key has been placed at location N5, whose type is share pin.
Executing : def_port {key} LOC=N5 VCCIO=3.3 IOSTANDARD=LVCMOS33 PULLUP=TRUE successfully
Constraint check end.
NOTE: The technology fpga was specified.
NOTE: delay_model specified was generic_cmos.
NOTE: Using the fpga syntax tables...
Totals:
 Calls to malloc = 0
 Calls to calloc = 5993935

I: Column Clock Check open.
Read Column Clock Map.

Placement started.
Phase 1 Pre global placement started.
Phase 1.1 1st GP placement started.
Design Utilization : 1%.
First map gop timing takes 0.00 sec
Worst slack after clock region global placement is 2147483647
Wirelength after clock region global placement is 180 and checksum is ABDB51C731EF663F.
1st GP placement takes 0.42 sec.

Phase 1.2 Clock placement started.
Clock placement takes 0.02 sec.

Wirelength after Pre Global Placement is 180 and checksum is ABDB51C731EF663F.
Pre global placement takes 0.45 sec.

Phase 2 Global placement started.
Phase 2.1 Fixed placement started.
Placed fixed group with base inst key_ibuf/opit_1 on IOL_15_6.
Placed fixed group with base inst led_obuf/opit_1 on IOL_243_42.
Placed fixed instance BKCL_auto_0 on BKCL_245_144.
Placed fixed instance BKCL_auto_1 on BKCL_138_1.
Fixed placement takes 0.02 sec.

Phase 2.2 Process placement started.
Process placement takes 0.00 sec.

Phase 2.3 IO placement started.
IO placement takes 0.00 sec.

Phase 2.4 2nd GP placement started.
Run super clustering :
	Initial slack 2147483647.
	1 iterations finished.
	Final slack 2147483647.
Super clustering done.
Design Utilization : 1%.
Worst slack after global placement is 2147483647
2nd GP placement takes 0.06 sec.

Wirelength after global placement is 126 and checksum is 12D380A714C1ED23.
Global placement takes 0.08 sec.

Phase 3 Post global placement started.
Phase 3.1 Macro cell placement started.
I: Process macros using "Greedy".
Wirelength after macro cell placement is 126 and checksum is 12D380A714C1ED23.
Macro cell placement takes 0.00 sec.

Phase 3.2 3rd GP placement started.
Run super clustering :
	Initial slack 2147483647.
	1 iterations finished.
	Final slack 2147483647.
Super clustering done.
Design Utilization : 1%.
Worst slack after post global placement is 2147483647
3rd GP placement takes 0.02 sec.

Wirelength after post global placement is 126 and checksum is 12D380A714C1ED23.
Post global placement takes 0.02 sec.

Phase 4 Legalization started.
The average distance in LP is 36.500000.
Wirelength after legalization is 126 and checksum is 15D420671812972.
Legalization takes 0.00 sec.

Phase 5 Timing-driven detailed placement started.
Phase 5.1 Replication placement started.
Worst slack before Replication Place is 2147483647.
Replication placement takes 0.00 sec.

Wirelength after replication placement is 126 and checksum is 15D420671812972.
Phase 5.2 DP placement started.
Legalized cost 2147483647.000000.
The detailed placement ends at 0th iteration.
DP placement takes 0.00 sec.

Wirelength after detailed placement is 126 and checksum is 15D420671812972.
Timing-driven detailed placement takes 0.00 sec.

Worst slack is 2147483647, TNS after placement is 0.
Placement done.
Total placement takes 0.55 sec.
Finished placement.

Routing started.
Building routing graph takes 0.17 sec.
Worst slack is 2147483647, TNS before global route is 0.
Processing design graph takes 0.03 sec.
Total memory for routing:
	63.185057 M.
Total nets for routing : 6.
Rcf routing step 1 processed 0 nets, it takes 0.00 sec.
Rcf routing step 2 processed 0 nets, it takes 0.00 sec.
Rcf routing step 3 processed 0 nets, it takes 0.00 sec.
Global Routing step 1 processed 0 nets, it takes 0.00 sec.
Global Routing step 2 processed 0 nets, it takes 0.00 sec.
Unrouted nets 0 at the end of iteration 0.
Global Routing step 3 processed 2 nets, it takes 0.00 sec.
Global routing takes 0.00 sec.
Total 8 subnets.
    forward max bucket size 8 , backward 3.
        Unrouted nets 0 at the end of iteration 0.
    route iteration 0, CPU time elapsed 0.000000 sec.
Detailed routing takes 0 iterations
Detailed routing takes 0.00 sec.
Start fix hold violation.
Build tmp routing results takes 0.00 sec.
Timing analysis takes 0.00 sec.
No hold violation.
Hold Violation Fix in router takes 0 iterations.
Fix hold violation Finished.
Hold Violation Fix in router takes 0.00 sec.

Dispose routing result:
    Collect routing result.
    Delete unused device instances.
    Annotate routing result.
    Change LUT configuration.
    Dispose misc instances.
    Annotate routing result again.
Finish routing takes 0.00 sec.
Used SRB routing arc is 16.
Cleanup routing takes 0.00 sec.
Routing done.
Total routing takes 0.22 sec.


Device Utilization Summary :
+---------------------------------------------------------------------------+
| Logic Utilization        | Used     | Available     | Utilization(%)     
+---------------------------------------------------------------------------+
| Use of APM               | 0        | 40            | 0                  
| Use of BKCL              | 2        | 4             | 50                 
| Use of CLMA              | 0        | 3748          | 0                  
|   FF                     | 0        | 22488         | 0                  
|   LUT                    | 0        | 14992         | 0                  
|   LUT-FF pairs           | 0        | 14992         | 0                  
| Use of CLMS              | 1        | 1892          | 1                  
|   FF                     | 0        | 11352         | 0                  
|   LUT                    | 1        | 7568          | 1                  
|   LUT-FF pairs           | 0        | 7568          | 0                  
|   Distributed RAM        | 0        | 7568          | 0                  
| Use of CRYSTAL           | 0        | 4             | 0                  
| Use of DLL               | 0        | 8             | 0                  
| Use of DQSL              | 0        | 12            | 0                  
| Use of DRM               | 0        | 60            | 0                  
| Use of FUSECODE          | 0        | 1             | 0                  
| Use of HARD0N1           | 0        | 3480          | 0                  
| Use of IO                | 2        | 226           | 1                  
|   IOBD                   | 1        | 57            | 2                  
|   IOBR                   | 0        | 12            | 0                  
|   IOBS                   | 1        | 157           | 1                  
| Use of IOCKDIV           | 0        | 16            | 0                  
| Use of IOCKDLY           | 0        | 32            | 0                  
| Use of IOCKGATE          | 0        | 16            | 0                  
| Use of IOCKGMUX_TEST     | 0        | 16            | 0                  
| Use of IOL               | 2        | 308           | 1                  
| Use of IPAL              | 0        | 1             | 0                  
| Use of MFG_TEST          | 0        | 1             | 0                  
| Use of OSC               | 0        | 1             | 0                  
| Use of PLL               | 0        | 4             | 0                  
| Use of PREGMUX_TEST      | 0        | 4             | 0                  
| Use of RCKB              | 0        | 16            | 0                  
|  RCKB dataused           | 0        | 16            | 0                  
| Use of RCKBMUX_TEST      | 0        | 8             | 0                  
| Use of RESCAL            | 0        | 4             | 0                  
| Use of SCANCHAIN         | 0        | 2             | 0                  
| Use of START             | 1        | 1             | 100                
| Use of UDID              | 0        | 1             | 0                  
| Use of USCM              | 0        | 30            | 0                  
|  USCM dataused           | 0        | 30            | 0                  
| Use of USCMMUX_TEST      | 0        | 30            | 0                  
| Use of VCKBMUX_TEST      | 0        | 8             | 0                  
+---------------------------------------------------------------------------+

Finished routing.
Design 'led' has been placed and routed successfully.
Saving design to DB.
Finished placement and routing.
Action pnr: Real time elapsed is 0h:0m:8s
Action pnr: CPU time elapsed is 0h:0m:1s
Action pnr: Process CPU time elapsed is 0h:0m:1s
Current time: Tue Jul 23 10:39:38 2024
Action pnr: Peak memory pool usage is 811 MB
Action from compile to pnr: Total Real Time elapsed is 0h:0m:18s
Action from compile to pnr: Total CPU time elapsed is 0h:0m:1s
Action from compile to pnr: Total Process CPU Time elapsed is 0h:0m:1s
Compiling architecture definition.
Analyzing project file 'E:/NEU/FPGA/Learn/Learn_DigitalLogic/4WithHardware/logos/led/led_pango/led_pango.pds'.
Compiling verification operator library.
Compiling common defs.
Compiling prim grid devices.
Compiling gate devices.
Compiling gate operators.
Building architecture model.
Loading device packaging model.
Reading design from pnr DB.
Start Report Post-PnR timing.
NOTE: The technology fpga was specified.
NOTE: delay_model specified was generic_cmos.
NOTE: Using the fpga syntax tables...
Totals:
 Calls to malloc = 0
 Calls to calloc = 5993935

Constructing timing graph ...
Timing graph has been constructed successfully
W: Timing-4087: Port 'led' is not constrained, it is treated as combinational output.
W: Timing-4086: Port 'key' is not constrained, it is treated as combinational input.
Report timing is finished successfully.
Action report_timing: Real time elapsed is 0h:0m:6s
Action report_timing: CPU time elapsed is 0h:0m:0s
Action report_timing: Process CPU time elapsed is 0h:0m:0s
Current time: Tue Jul 23 10:41:16 2024
Action report_timing: Peak memory pool usage is 809 MB
Action from compile to report_timing: Total Real Time elapsed is 0h:0m:24s
Action from compile to report_timing: Total CPU time elapsed is 0h:0m:1s
Action from compile to report_timing: Total Process CPU Time elapsed is 0h:0m:1s
Compiling architecture definition.
Analyzing project file 'E:/NEU/FPGA/Learn/Learn_DigitalLogic/4WithHardware/logos/led/led_pango/led_pango.pds'.
Compiling verification operator library.
Compiling common defs.
Compiling prim grid devices.
Compiling gate devices.
Compiling gate operators.
Building architecture model.
Loading device packaging model.
Reading design from DB.
Start Generating Programming File...
Reading design from DB takes 0.000000 sec.
Generating architecture configuration.
The bitstream file is "E:/NEU/FPGA/Learn/Learn_DigitalLogic/4WithHardware/logos/led/led_pango/generate_bitstream/led.sbit"
Generate programming file takes 0.234375 sec.
Generating Programming File done.
Action gen_bit_stream: Real time elapsed is 0h:0m:5s
Action gen_bit_stream: CPU time elapsed is 0h:0m:1s
Action gen_bit_stream: Process CPU time elapsed is 0h:0m:1s
Current time: Tue Jul 23 10:41:20 2024
Action gen_bit_stream: Peak memory pool usage is 381 MB
Action from compile to gen_bit_stream: Total Real Time elapsed is 0h:0m:29s
Action from compile to gen_bit_stream: Total CPU time elapsed is 0h:0m:2s
Action from compile to gen_bit_stream: Total Process CPU Time elapsed is 0h:0m:2s
