#Build: Fabric Configuration 2022.2-SP4.2, Build 132111, Aug 13 06:22 2023
#Install: E:\SoftWare\PDS\PDS_2022.2-SP4.2-ads\bin
#Application name: cdt_cfg.exe
#OS: Windows 10 10.0.23620
#Hostname: 1917Redbanner
Generated by Fabric Configuration (version 2022.2-SP4.2 build 132111) at Thu Jul 25 13:51:47 2024
M_PROCESS_FINISH_STARTED

Connecting to server[127.0.0.1 : 65420].
Connect to server[127.0.0.1 : 65420] successfully.
COMMAND[check version information] execute successfully, takes 1.6 secs.
The cable List : 
Cable index 0:USB Cable II/fffffffffffffffe 

COMMAND[get_cable_paras] execute successfully, takes 1.9 secs.
PANGO USB CABLE II cable driver: D2XX DLL
PGL25G
This device configure situation (done bit): 1
COMMAND[Open config cable] execute successfully, takes 4.9 secs.
The done bit is 1
COMMAND[Program] execute successfully, takes 1.5 secs.
The Start Address of bit file E:/NEU/FPGA/Learn/Learn_DigitalLogic/4WithHardware/logos/Dual_AD/dual_ad/generate_bitstream/dual_ad.sbit: 0x0
COMMAND[Scan Outer SPI Flash] execute successfully, takes 2.9 secs.
The start address of operating flash is 0x0.
COMMAND[Erase Outer Flash] execute finish, takes 2.5 secs.
The start address of operating flash is 0x0.
COMMAND[Program Outer Flash] execute finish, takes 19.9 secs.
The start address of operating flash is 0x0.
COMMAND[Verify Outer Flash] execute successfully, takes 1.7 secs.
