[Info] [2024-7-25 11:47:57] /***************************Start jtagserver***************************/
[Info] [2024-7-25 11:47:57] Path: E:/SoftWare/PDS/PDS_2022.2-SP4.2-ads/bin
[Info] [2024-7-25 11:47:57] Version: 132111
[Debug] [2024-7-25 11:47:59] Add a new user_thread, socket descriptor is 1228 user_thread id is 000000000000A39C
[Debug] [2024-7-25 11:47:59] After adding, map size is : 1
[Debug] [2024-7-25 11:47:59] Add a new user_thread, socket descriptor is 1076 user_thread id is 000000000000A39C
[Debug] [2024-7-25 11:47:59] After adding, map size is : 2
[Debug] [2024-7-25 11:47:59] IP address of connecting client is : ::ffff:127.0.0.1
[Debug] [2024-7-25 11:47:59] IP address of connecting client is : ::ffff:127.0.0.1
[Debug] [2024-7-25 11:47:59] Remove the header data from the client, index : 0
[Debug] [2024-7-25 11:47:59] _total_bytes_size : 160
[Debug] [2024-7-25 11:47:59] Remove the header data from the client, index : 0
[Debug] [2024-7-25 11:47:59] _total_bytes_size : 96
[Debug] [2024-7-25 11:47:59] cmd id :40010cmd name : get_cable_paras
[Debug] [2024-7-25 11:48:01] cmd operation get_cable_paras releases locker
[Debug] [2024-7-25 11:48:01] Remove the header data from the client, index : 0
[Debug] [2024-7-25 11:48:01] _total_bytes_size : 101
[Debug] [2024-7-25 11:48:01] cmd id :20001cmd name : Open config cable
[Debug] [2024-7-25 11:48:01] the idcode from the scanning is: 0x10511899
[Debug] [2024-7-25 11:48:01] the idcode from the scanning is: 0x0
[Debug] [2024-7-25 11:48:01] the idcode from the scanning is: 0x0
[Debug] [2024-7-25 11:48:01] the idcode from the scanning is: 0x0
[Debug] [2024-7-25 11:48:01] the idcode from the scanning is: 0x0
[Debug] [2024-7-25 11:48:02] cmd operation Open config cable releases locker
[Debug] [2024-7-25 11:48:06] Remove the header data from the client, index : 0
[Debug] [2024-7-25 11:48:06] _total_bytes_size : 2d2
[Debug] [2024-7-25 11:48:06] cmd id :4e22cmd name : Program
[Debug] [2024-7-25 11:48:07] the idcode from the scanning is: 0x10511899
[Debug] [2024-7-25 11:48:07] the idcode from the scanning is: 0x0
[Debug] [2024-7-25 11:48:07] the idcode from the scanning is: 0x0
[Debug] [2024-7-25 11:48:07] the idcode from the scanning is: 0x0
[Debug] [2024-7-25 11:48:07] the idcode from the scanning is: 0x0
[Debug] [2024-7-25 11:48:07] begin to read back config registerregAddr is 4
[Debug] [2024-7-25 11:48:07] progress bar is 6
[Debug] [2024-7-25 11:48:07] progress bar is 10
[Debug] [2024-7-25 11:48:07] progress bar is 15
[Debug] [2024-7-25 11:48:07] progress bar is 20
[Debug] [2024-7-25 11:48:07] progress bar is 25
[Debug] [2024-7-25 11:48:07] progress bar is 30
[Debug] [2024-7-25 11:48:07] progress bar is 35
[Debug] [2024-7-25 11:48:07] progress bar is 40
[Debug] [2024-7-25 11:48:07] progress bar is 45
[Debug] [2024-7-25 11:48:07] progress bar is 50
[Debug] [2024-7-25 11:48:07] progress bar is 55
[Debug] [2024-7-25 11:48:07] progress bar is 60
[Debug] [2024-7-25 11:48:07] progress bar is 65
[Debug] [2024-7-25 11:48:07] progress bar is 70
[Debug] [2024-7-25 11:48:07] progress bar is 75
[Debug] [2024-7-25 11:48:07] progress bar is 80
[Debug] [2024-7-25 11:48:07] progress bar is 85
[Debug] [2024-7-25 11:48:08] progress bar is 90
[Debug] [2024-7-25 11:48:08] progress bar is 95
[Debug] [2024-7-25 11:48:08] progress bar is 100
[Debug] [2024-7-25 11:48:08] the value in the status register is :2096288
[Debug] [2024-7-25 11:48:08] cmd operation Program releases locker
[Debug] [2024-7-25 11:50:25] Add a new user_thread, socket descriptor is 1244 user_thread id is 000000000000A39C
[Debug] [2024-7-25 11:50:25] After adding, map size is : 3
[Debug] [2024-7-25 11:50:25] Add a new user_thread, socket descriptor is 1148 user_thread id is 000000000000A39C
[Debug] [2024-7-25 11:50:25] After adding, map size is : 4
[Debug] [2024-7-25 11:50:25] IP address of connecting client is : ::ffff:127.0.0.1
[Debug] [2024-7-25 11:50:25] IP address of connecting client is : ::ffff:127.0.0.1
[Debug] [2024-7-25 11:50:25] Remove the header data from the client, index : 0
[Debug] [2024-7-25 11:50:25] _total_bytes_size : 160
[Debug] [2024-7-25 11:50:25] Remove the header data from the client, index : 0
[Debug] [2024-7-25 11:50:25] _total_bytes_size : 96
[Debug] [2024-7-25 11:50:25] cmd id :40010cmd name : get_cable_paras
[Debug] [2024-7-25 11:50:26] cmd operation get_cable_paras releases locker
[Debug] [2024-7-25 11:50:26] Remove the header data from the client, index : 0
[Debug] [2024-7-25 11:50:26] _total_bytes_size : 90
[Debug] [2024-7-25 11:50:26] cmd id :10001cmd name : open_cable
[Debug] [2024-7-25 11:50:27] the idcode from the scanning is: 0x10511899
[Debug] [2024-7-25 11:50:27] the idcode from the scanning is: 0x0
[Debug] [2024-7-25 11:50:27] the idcode from the scanning is: 0x0
[Debug] [2024-7-25 11:50:27] the idcode from the scanning is: 0x0
[Debug] [2024-7-25 11:50:27] the idcode from the scanning is: 0x0
[Debug] [2024-7-25 11:50:27] use jtag hub: USERDR1
[Debug] [2024-7-25 11:50:27] use jtag hub: USERDR2
[Debug] [2024-7-25 11:50:27] use jtag hub: USERDR3
[Debug] [2024-7-25 11:50:27] use jtag hub: USERDR4
[Debug] [2024-7-25 11:50:27] use jtag hub: USERDR1
[Debug] [2024-7-25 11:50:27] use jtag hub: USERDR2
[Debug] [2024-7-25 11:50:27] use jtag hub: USERDR3
[Debug] [2024-7-25 11:50:27] use jtag hub: USERDR4
[Debug] [2024-7-25 11:50:27] use jtag hub: USERDR1
[Warn] [2024-7-25 11:50:27] Version id of eye scan is invalid : 0xffffffff
[Debug] [2024-7-25 11:50:27] use jtag hub: USERDR2
[Warn] [2024-7-25 11:50:27] Version id of eye scan is invalid : 0xffffffff
[Debug] [2024-7-25 11:50:27] use jtag hub: USERDR3
[Warn] [2024-7-25 11:50:27] Version id of eye scan is invalid : 0x0
[Debug] [2024-7-25 11:50:27] use jtag hub: USERDR4
[Warn] [2024-7-25 11:50:27] Version id of eye scan is invalid : 0x0
[Debug] [2024-7-25 11:50:27] use jtag hub: USERDR1
[Debug] [2024-7-25 11:50:27] use jtag hub: USERDR2
[Debug] [2024-7-25 11:50:27] use jtag hub: USERDR3
[Debug] [2024-7-25 11:50:27] use jtag hub: USERDR4
[Debug] [2024-7-25 11:50:27] use jtag hub: USERDR1
[Warn] [2024-7-25 11:50:27] Version id of eye scan is invalid : 0xffffffff
[Debug] [2024-7-25 11:50:27] use jtag hub: USERDR2
[Warn] [2024-7-25 11:50:27] Version id of eye scan is invalid : 0xffffffff
[Debug] [2024-7-25 11:50:27] use jtag hub: USERDR3
[Warn] [2024-7-25 11:50:27] Version id of eye scan is invalid : 0x0
[Debug] [2024-7-25 11:50:27] use jtag hub: USERDR4
[Warn] [2024-7-25 11:50:27] Version id of eye scan is invalid : 0x0
[Debug] [2024-7-25 11:50:27] cmd operation open_cable releases locker
[Debug] [2024-7-25 11:50:36] connection error happens : 1
[Debug] [2024-7-25 11:50:36] connection error happens : 1
[Debug] [2024-7-25 11:50:36] connection state changes : 6 , socket description 4dc
[Warn] [2024-7-25 11:50:36] socket state is ListeningState
[Debug] [2024-7-25 11:50:36] 
[Debug] [2024-7-25 11:50:36] connection state changes : 0 , socket description 4dc
[Warn] [2024-7-25 11:50:36] socket state is UnconnectedState
[Warn] [2024-7-25 11:50:36] socket state is UnconnectedState
[Debug] [2024-7-25 11:50:36] connection state changes : 0 , socket description 47c
[Warn] [2024-7-25 11:50:36] socket state is UnconnectedState
[Debug] [2024-7-25 11:50:36] socket descriptor 4dcis about to delete
[Debug] [2024-7-25 11:50:36] socket descriptor 47cis about to delete
[Debug] [2024-7-25 12:00:02] Remove the header data from the client, index : 0
[Debug] [2024-7-25 12:00:02] _total_bytes_size : 2d0
[Debug] [2024-7-25 12:00:02] cmd id :4e24cmd name : Verify
[Debug] [2024-7-25 12:00:02] the idcode from the scanning is: 0x10511899
[Debug] [2024-7-25 12:00:02] the idcode from the scanning is: 0x0
[Debug] [2024-7-25 12:00:02] the idcode from the scanning is: 0x0
[Debug] [2024-7-25 12:00:02] the idcode from the scanning is: 0x0
[Debug] [2024-7-25 12:00:02] the idcode from the scanning is: 0x0
[Debug] [2024-7-25 12:00:02] begin to read back config registerregAddr is 3
[Debug] [2024-7-25 12:00:02] begin to read back config registerregAddr is 4
[Debug] [2024-7-25 12:00:03] progress bar is 6
[Debug] [2024-7-25 12:00:03] progress bar is 10
[Debug] [2024-7-25 12:00:03] progress bar is 15
[Debug] [2024-7-25 12:00:03] progress bar is 20
[Debug] [2024-7-25 12:00:03] progress bar is 25
[Debug] [2024-7-25 12:00:03] progress bar is 30
[Debug] [2024-7-25 12:00:03] progress bar is 35
[Debug] [2024-7-25 12:00:03] progress bar is 40
[Debug] [2024-7-25 12:00:03] progress bar is 45
[Debug] [2024-7-25 12:00:03] progress bar is 50
[Debug] [2024-7-25 12:00:03] progress bar is 55
[Debug] [2024-7-25 12:00:03] progress bar is 60
[Debug] [2024-7-25 12:00:03] progress bar is 65
[Debug] [2024-7-25 12:00:03] progress bar is 70
[Debug] [2024-7-25 12:00:03] progress bar is 75
[Debug] [2024-7-25 12:00:03] progress bar is 80
[Debug] [2024-7-25 12:00:03] progress bar is 85
[Debug] [2024-7-25 12:00:04] progress bar is 90
[Debug] [2024-7-25 12:00:04] progress bar is 95
[Debug] [2024-7-25 12:00:04] progress bar is 100
[Debug] [2024-7-25 12:00:04] begin to read back config registerregAddr is 4
[Debug] [2024-7-25 12:00:04] find the search word and end to search word
[Debug] [2024-7-25 12:00:04] find the search word and end to search word
[Debug] [2024-7-25 12:00:04] find the search word and end to search word
[Debug] [2024-7-25 12:00:04] find the search word and end to search word
[Debug] [2024-7-25 12:00:04] cmd operation Verify releases locker
[Debug] [2024-7-25 12:00:06] Remove the header data from the client, index : 0
[Debug] [2024-7-25 12:00:06] _total_bytes_size : 722
[Debug] [2024-7-25 12:00:06] cmd id :20002cmd name : Program
[Debug] [2024-7-25 12:00:06] the idcode from the scanning is: 0x10511899
[Debug] [2024-7-25 12:00:06] the idcode from the scanning is: 0x0
[Debug] [2024-7-25 12:00:06] the idcode from the scanning is: 0x0
[Debug] [2024-7-25 12:00:06] the idcode from the scanning is: 0x0
[Debug] [2024-7-25 12:00:06] the idcode from the scanning is: 0x0
[Debug] [2024-7-25 12:00:06] begin to read back config registerregAddr is 4
[Debug] [2024-7-25 12:00:06] progress bar is 6
[Debug] [2024-7-25 12:00:06] progress bar is 10
[Debug] [2024-7-25 12:00:06] progress bar is 15
[Debug] [2024-7-25 12:00:06] progress bar is 20
[Debug] [2024-7-25 12:00:07] progress bar is 25
[Debug] [2024-7-25 12:00:07] progress bar is 30
[Debug] [2024-7-25 12:00:07] progress bar is 35
[Debug] [2024-7-25 12:00:07] progress bar is 40
[Debug] [2024-7-25 12:00:07] progress bar is 45
[Debug] [2024-7-25 12:00:07] progress bar is 50
[Debug] [2024-7-25 12:00:07] progress bar is 55
[Debug] [2024-7-25 12:00:07] progress bar is 60
[Debug] [2024-7-25 12:00:07] progress bar is 65
[Debug] [2024-7-25 12:00:07] progress bar is 70
[Debug] [2024-7-25 12:00:07] progress bar is 75
[Debug] [2024-7-25 12:00:07] progress bar is 80
[Debug] [2024-7-25 12:00:07] progress bar is 85
[Debug] [2024-7-25 12:00:07] progress bar is 90
[Debug] [2024-7-25 12:00:07] progress bar is 95
[Debug] [2024-7-25 12:00:07] progress bar is 100
[Debug] [2024-7-25 12:00:07] the value in the status register is :2096288
[Debug] [2024-7-25 12:00:07] cmd operation Program releases locker
[Debug] [2024-7-25 12:00:11] Remove the header data from the client, index : 0
[Debug] [2024-7-25 12:00:11] _total_bytes_size : 116
[Debug] [2024-7-25 12:00:11] cmd id :20400cmd name : Jtag chain integrity test
[Debug] [2024-7-25 12:00:11] cmd operation Jtag chain integrity test releases locker
[Debug] [2024-7-25 12:02:45] Remove the header data from the client, index : 0
[Debug] [2024-7-25 12:02:45] _total_bytes_size : 747
[Debug] [2024-7-25 12:02:45] cmd id :20300cmd name : Scan Outer SPI Flash
[Debug] [2024-7-25 12:02:46] the idcode from the scanning is: 0x10511899
[Debug] [2024-7-25 12:02:46] the idcode from the scanning is: 0x0
[Debug] [2024-7-25 12:02:46] the idcode from the scanning is: 0x0
[Debug] [2024-7-25 12:02:46] the idcode from the scanning is: 0x0
[Debug] [2024-7-25 12:02:46] the idcode from the scanning is: 0x0
[Debug] [2024-7-25 12:02:46] the value in the status register is :1ffca0
[Debug] [2024-7-25 12:02:46] flash_id is c84018
[Debug] [2024-7-25 12:02:46] cmd operation Scan Outer SPI Flash releases locker
[Debug] [2024-7-25 12:03:01] Remove the header data from the client, index : 0
[Debug] [2024-7-25 12:03:01] _total_bytes_size : 492
[Debug] [2024-7-25 12:03:01] cmd id :4f4ecmd name : Erase Outer Flash
[Debug] [2024-7-25 12:03:01] begin to operate flash: cmd id = 4f4e
[Debug] [2024-7-25 12:03:01] the idcode from the scanning is: 0x10511899
[Debug] [2024-7-25 12:03:01] the idcode from the scanning is: 0x0
[Debug] [2024-7-25 12:03:01] the idcode from the scanning is: 0x0
[Debug] [2024-7-25 12:03:01] the idcode from the scanning is: 0x0
[Debug] [2024-7-25 12:03:01] the idcode from the scanning is: 0x0
[Debug] [2024-7-25 12:03:01] the value in the status register is :1ffca0
[Debug] [2024-7-25 12:03:01] flash_id is c84018
[Debug] [2024-7-25 12:03:01] the value in the status register is :1ffca0
[Debug] [2024-7-25 12:03:01] progress bar is 1
[Debug] [2024-7-25 12:03:01] progress bar is 6
[Debug] [2024-7-25 12:03:01] progress bar is 12
[Debug] [2024-7-25 12:03:01] progress bar is 18
[Debug] [2024-7-25 12:03:02] progress bar is 25
[Debug] [2024-7-25 12:03:02] progress bar is 31
[Debug] [2024-7-25 12:03:02] progress bar is 37
[Debug] [2024-7-25 12:03:02] progress bar is 43
[Debug] [2024-7-25 12:03:02] progress bar is 50
[Debug] [2024-7-25 12:03:02] progress bar is 56
[Debug] [2024-7-25 12:03:02] progress bar is 62
[Debug] [2024-7-25 12:03:02] progress bar is 68
[Debug] [2024-7-25 12:03:02] progress bar is 75
[Debug] [2024-7-25 12:03:03] progress bar is 81
[Debug] [2024-7-25 12:03:03] progress bar is 87
[Debug] [2024-7-25 12:03:03] progress bar is 93
[Debug] [2024-7-25 12:03:03] progress bar is 100
[Debug] [2024-7-25 12:03:03] end to operate flash: cmd id = 20302
[Debug] [2024-7-25 12:03:03] cmd operation Erase Outer Flash releases locker
[Debug] [2024-7-25 12:03:03] Remove the header data from the client, index : 0
[Debug] [2024-7-25 12:03:03] _total_bytes_size : 1167
[Debug] [2024-7-25 12:03:03] cmd id :20301cmd name : Program Outer Flash
[Debug] [2024-7-25 12:03:03] begin to operate flash: cmd id = 20301
[Debug] [2024-7-25 12:03:03] the idcode from the scanning is: 0x10511899
[Debug] [2024-7-25 12:03:03] the idcode from the scanning is: 0x0
[Debug] [2024-7-25 12:03:03] the idcode from the scanning is: 0x0
[Debug] [2024-7-25 12:03:03] the idcode from the scanning is: 0x0
[Debug] [2024-7-25 12:03:03] the idcode from the scanning is: 0x0
[Debug] [2024-7-25 12:03:03] the value in the status register is :1ffca0
[Debug] [2024-7-25 12:03:03] flash_id is c84018
[Debug] [2024-7-25 12:03:03] The value of GigaDevice status register 1 is 0x
[Debug] [2024-7-25 12:03:04] progress bar is 1
[Debug] [2024-7-25 12:03:05] progress bar is 6
[Debug] [2024-7-25 12:03:05] progress bar is 10
[Debug] [2024-7-25 12:03:06] progress bar is 15
[Debug] [2024-7-25 12:03:07] progress bar is 20
[Debug] [2024-7-25 12:03:08] progress bar is 25
[Debug] [2024-7-25 12:03:09] progress bar is 30
[Debug] [2024-7-25 12:03:09] progress bar is 35
[Debug] [2024-7-25 12:03:10] progress bar is 40
[Debug] [2024-7-25 12:03:11] progress bar is 45
[Debug] [2024-7-25 12:03:12] progress bar is 50
[Debug] [2024-7-25 12:03:13] progress bar is 55
[Debug] [2024-7-25 12:03:13] progress bar is 60
[Debug] [2024-7-25 12:03:14] progress bar is 65
[Debug] [2024-7-25 12:03:15] progress bar is 70
[Debug] [2024-7-25 12:03:16] progress bar is 75
[Debug] [2024-7-25 12:03:17] progress bar is 80
[Debug] [2024-7-25 12:03:17] progress bar is 85
[Debug] [2024-7-25 12:03:18] progress bar is 90
[Debug] [2024-7-25 12:03:19] progress bar is 95
[Debug] [2024-7-25 12:03:20] progress bar is 100
[Debug] [2024-7-25 12:03:20] end to operate flash: cmd id = 20301
[Debug] [2024-7-25 12:03:20] cmd operation Program Outer Flash releases locker
[Debug] [2024-7-25 12:03:20] Remove the header data from the client, index : 0
[Debug] [2024-7-25 12:03:20] _total_bytes_size : 1165
[Debug] [2024-7-25 12:03:20] cmd id :20303cmd name : Verify Outer Flash
[Debug] [2024-7-25 12:03:20] begin to operate flash: cmd id = 20303
[Debug] [2024-7-25 12:03:20] the idcode from the scanning is: 0x10511899
[Debug] [2024-7-25 12:03:20] the idcode from the scanning is: 0x0
[Debug] [2024-7-25 12:03:20] the idcode from the scanning is: 0x0
[Debug] [2024-7-25 12:03:20] the idcode from the scanning is: 0x0
[Debug] [2024-7-25 12:03:20] the idcode from the scanning is: 0x0
[Debug] [2024-7-25 12:03:20] the value in the status register is :1ffca0
[Debug] [2024-7-25 12:03:20] flash_id is c84018
[Debug] [2024-7-25 12:03:20] the value in the status register is :1ffca0
[Debug] [2024-7-25 12:03:20] progress bar is 1
[Debug] [2024-7-25 12:03:20] progress bar is 6
[Debug] [2024-7-25 12:03:20] progress bar is 10
[Debug] [2024-7-25 12:03:21] progress bar is 15
[Debug] [2024-7-25 12:03:21] progress bar is 20
[Debug] [2024-7-25 12:03:21] progress bar is 25
[Debug] [2024-7-25 12:03:21] progress bar is 30
[Debug] [2024-7-25 12:03:21] progress bar is 35
[Debug] [2024-7-25 12:03:21] progress bar is 40
[Debug] [2024-7-25 12:03:21] progress bar is 45
[Debug] [2024-7-25 12:03:21] progress bar is 50
[Debug] [2024-7-25 12:03:21] progress bar is 55
[Debug] [2024-7-25 12:03:21] progress bar is 60
[Debug] [2024-7-25 12:03:21] progress bar is 65
[Debug] [2024-7-25 12:03:21] progress bar is 70
[Debug] [2024-7-25 12:03:21] progress bar is 75
[Debug] [2024-7-25 12:03:21] progress bar is 80
[Debug] [2024-7-25 12:03:21] progress bar is 85
[Debug] [2024-7-25 12:03:21] progress bar is 90
[Debug] [2024-7-25 12:03:21] progress bar is 95
[Debug] [2024-7-25 12:03:21] progress bar is 100
[Debug] [2024-7-25 12:03:22] end to operate flash: cmd id = 20303
[Debug] [2024-7-25 12:03:22] cmd operation Verify Outer Flash releases locker
[Info] [2024-7-25 13:51:50] /***************************Start jtagserver***************************/
[Info] [2024-7-25 13:51:50] Path: E:/SoftWare/PDS/PDS_2022.2-SP4.2-ads/bin
[Info] [2024-7-25 13:51:50] Version: 132111
[Debug] [2024-7-25 13:51:52] Add a new user_thread, socket descriptor is 988 user_thread id is 00000000000087B8
[Debug] [2024-7-25 13:51:52] After adding, map size is : 1
[Debug] [2024-7-25 13:51:52] Add a new user_thread, socket descriptor is 1048 user_thread id is 00000000000087B8
[Debug] [2024-7-25 13:51:52] After adding, map size is : 2
[Debug] [2024-7-25 13:51:52] IP address of connecting client is : ::ffff:127.0.0.1IP address of connecting client is : 
[Debug] [2024-7-25 13:51:52] IP address of connecting client is : ::ffff:127.0.0.1IP address of connecting client is : ::ffff:127.0.0.1
[Debug] [2024-7-25 13:51:52] Remove the header data from the client, index : 0
[Debug] [2024-7-25 13:51:52] _total_bytes_size : 160
[Debug] [2024-7-25 13:51:52] Remove the header data from the client, index : 0
[Debug] [2024-7-25 13:51:52] _total_bytes_size : 96
[Debug] [2024-7-25 13:51:52] cmd id :40010cmd name : get_cable_paras
[Debug] [2024-7-25 13:51:53] cmd operation get_cable_paras releases locker
[Debug] [2024-7-25 13:51:53] Remove the header data from the client, index : 0
[Debug] [2024-7-25 13:51:53] _total_bytes_size : 101
[Debug] [2024-7-25 13:51:53] cmd id :20001cmd name : Open config cable
[Debug] [2024-7-25 13:51:54] the idcode from the scanning is: 0x10511899
[Debug] [2024-7-25 13:51:54] the idcode from the scanning is: 0x0
[Debug] [2024-7-25 13:51:54] the idcode from the scanning is: 0x0
[Debug] [2024-7-25 13:51:54] the idcode from the scanning is: 0x0
[Debug] [2024-7-25 13:51:54] the idcode from the scanning is: 0x0
[Debug] [2024-7-25 13:51:54] cmd operation Open config cable releases locker
[Debug] [2024-7-25 13:51:58] Remove the header data from the client, index : 0
[Debug] [2024-7-25 13:51:58] _total_bytes_size : 2d2
[Debug] [2024-7-25 13:51:58] cmd id :4e22cmd name : Program
[Debug] [2024-7-25 13:51:58] the idcode from the scanning is: 0x10511899
[Debug] [2024-7-25 13:51:58] the idcode from the scanning is: 0x0
[Debug] [2024-7-25 13:51:58] the idcode from the scanning is: 0x0
[Debug] [2024-7-25 13:51:58] the idcode from the scanning is: 0x0
[Debug] [2024-7-25 13:51:58] the idcode from the scanning is: 0x0
[Debug] [2024-7-25 13:51:58] begin to read back config registerregAddr is 4
[Debug] [2024-7-25 13:51:58] progress bar is 6
[Debug] [2024-7-25 13:51:58] progress bar is 10
[Debug] [2024-7-25 13:51:58] progress bar is 15
[Debug] [2024-7-25 13:51:58] progress bar is 20
[Debug] [2024-7-25 13:51:58] progress bar is 25
[Debug] [2024-7-25 13:51:58] progress bar is 30
[Debug] [2024-7-25 13:51:58] progress bar is 35
[Debug] [2024-7-25 13:51:58] progress bar is 40
[Debug] [2024-7-25 13:51:58] progress bar is 45
[Debug] [2024-7-25 13:51:58] progress bar is 50
[Debug] [2024-7-25 13:51:58] progress bar is 55
[Debug] [2024-7-25 13:51:58] progress bar is 60
[Debug] [2024-7-25 13:51:59] progress bar is 65
[Debug] [2024-7-25 13:51:59] progress bar is 70
[Debug] [2024-7-25 13:51:59] progress bar is 75
[Debug] [2024-7-25 13:51:59] progress bar is 80
[Debug] [2024-7-25 13:51:59] progress bar is 85
[Debug] [2024-7-25 13:51:59] progress bar is 90
[Debug] [2024-7-25 13:51:59] progress bar is 95
[Debug] [2024-7-25 13:51:59] progress bar is 100
[Debug] [2024-7-25 13:51:59] the value in the status register is :2096288
[Debug] [2024-7-25 13:51:59] cmd operation Program releases locker
[Debug] [2024-7-25 13:52:32] Remove the header data from the client, index : 0
[Debug] [2024-7-25 13:52:32] _total_bytes_size : 747
[Debug] [2024-7-25 13:52:32] cmd id :20300cmd name : Scan Outer SPI Flash
[Debug] [2024-7-25 13:52:33] the idcode from the scanning is: 0x10511899
[Debug] [2024-7-25 13:52:33] the idcode from the scanning is: 0x0
[Debug] [2024-7-25 13:52:33] the idcode from the scanning is: 0x0
[Debug] [2024-7-25 13:52:33] the idcode from the scanning is: 0x0
[Debug] [2024-7-25 13:52:33] the idcode from the scanning is: 0x0
[Debug] [2024-7-25 13:52:33] the value in the status register is :1ffca0
[Debug] [2024-7-25 13:52:33] flash_id is c84018
[Debug] [2024-7-25 13:52:33] cmd operation Scan Outer SPI Flash releases locker
[Debug] [2024-7-25 13:52:36] Remove the header data from the client, index : 0
[Debug] [2024-7-25 13:52:36] _total_bytes_size : 492
[Debug] [2024-7-25 13:52:36] cmd id :4f4ecmd name : Erase Outer Flash
[Debug] [2024-7-25 13:52:36] begin to operate flash: cmd id = 4f4e
[Debug] [2024-7-25 13:52:37] the idcode from the scanning is: 0x10511899
[Debug] [2024-7-25 13:52:37] the idcode from the scanning is: 0x0
[Debug] [2024-7-25 13:52:37] the idcode from the scanning is: 0x0
[Debug] [2024-7-25 13:52:37] the idcode from the scanning is: 0x0
[Debug] [2024-7-25 13:52:37] the idcode from the scanning is: 0x0
[Debug] [2024-7-25 13:52:37] the value in the status register is :1ffca0
[Debug] [2024-7-25 13:52:37] flash_id is c84018
[Debug] [2024-7-25 13:52:37] the value in the status register is :1ffca0
[Debug] [2024-7-25 13:52:37] progress bar is 1
[Debug] [2024-7-25 13:52:37] progress bar is 6
[Debug] [2024-7-25 13:52:37] progress bar is 12
[Debug] [2024-7-25 13:52:37] progress bar is 18
[Debug] [2024-7-25 13:52:37] progress bar is 25
[Debug] [2024-7-25 13:52:37] progress bar is 31
[Debug] [2024-7-25 13:52:37] progress bar is 37
[Debug] [2024-7-25 13:52:38] progress bar is 43
[Debug] [2024-7-25 13:52:38] progress bar is 50
[Debug] [2024-7-25 13:52:38] progress bar is 56
[Debug] [2024-7-25 13:52:38] progress bar is 62
[Debug] [2024-7-25 13:52:38] progress bar is 68
[Debug] [2024-7-25 13:52:38] progress bar is 75
[Debug] [2024-7-25 13:52:38] progress bar is 81
[Debug] [2024-7-25 13:52:38] progress bar is 87
[Debug] [2024-7-25 13:52:38] progress bar is 93
[Debug] [2024-7-25 13:52:38] progress bar is 100
[Debug] [2024-7-25 13:52:39] end to operate flash: cmd id = 20302
[Debug] [2024-7-25 13:52:39] cmd operation Erase Outer Flash releases locker
[Debug] [2024-7-25 13:52:39] Remove the header data from the client, index : 0
[Debug] [2024-7-25 13:52:39] _total_bytes_size : 1167
[Debug] [2024-7-25 13:52:39] cmd id :20301cmd name : Program Outer Flash
[Debug] [2024-7-25 13:52:39] begin to operate flash: cmd id = 20301
[Debug] [2024-7-25 13:52:39] the idcode from the scanning is: 0x10511899
[Debug] [2024-7-25 13:52:39] the idcode from the scanning is: 0x0
[Debug] [2024-7-25 13:52:39] the idcode from the scanning is: 0x0
[Debug] [2024-7-25 13:52:39] the idcode from the scanning is: 0x0
[Debug] [2024-7-25 13:52:39] the idcode from the scanning is: 0x0
[Debug] [2024-7-25 13:52:39] the value in the status register is :1ffca0
[Debug] [2024-7-25 13:52:39] flash_id is c84018
[Debug] [2024-7-25 13:52:39] The value of GigaDevice status register 1 is 0x
[Debug] [2024-7-25 13:52:39] progress bar is 1
[Debug] [2024-7-25 13:52:40] progress bar is 6
[Debug] [2024-7-25 13:52:41] progress bar is 10
[Debug] [2024-7-25 13:52:42] progress bar is 15
[Debug] [2024-7-25 13:52:42] progress bar is 20
[Debug] [2024-7-25 13:52:43] progress bar is 25
[Debug] [2024-7-25 13:52:44] progress bar is 30
[Debug] [2024-7-25 13:52:45] progress bar is 35
[Debug] [2024-7-25 13:52:46] progress bar is 40
[Debug] [2024-7-25 13:52:47] progress bar is 45
[Debug] [2024-7-25 13:52:48] progress bar is 50
[Debug] [2024-7-25 13:52:49] progress bar is 55
[Debug] [2024-7-25 13:52:50] progress bar is 60
[Debug] [2024-7-25 13:52:51] progress bar is 65
[Debug] [2024-7-25 13:52:52] progress bar is 70
[Debug] [2024-7-25 13:52:53] progress bar is 75
[Debug] [2024-7-25 13:52:54] progress bar is 80
[Debug] [2024-7-25 13:52:55] progress bar is 85
[Debug] [2024-7-25 13:52:56] progress bar is 90
[Debug] [2024-7-25 13:52:57] progress bar is 95
[Debug] [2024-7-25 13:52:59] progress bar is 100
[Debug] [2024-7-25 13:52:59] end to operate flash: cmd id = 20301
[Debug] [2024-7-25 13:52:59] cmd operation Program Outer Flash releases locker
[Debug] [2024-7-25 13:52:59] Remove the header data from the client, index : 0
[Debug] [2024-7-25 13:52:59] _total_bytes_size : 1165
[Debug] [2024-7-25 13:52:59] cmd id :20303cmd name : Verify Outer Flash
[Debug] [2024-7-25 13:52:59] begin to operate flash: cmd id = 20303
[Debug] [2024-7-25 13:52:59] the idcode from the scanning is: 0x10511899
[Debug] [2024-7-25 13:52:59] the idcode from the scanning is: 0x0
[Debug] [2024-7-25 13:52:59] the idcode from the scanning is: 0x0
[Debug] [2024-7-25 13:52:59] the idcode from the scanning is: 0x0
[Debug] [2024-7-25 13:52:59] the idcode from the scanning is: 0x0
[Debug] [2024-7-25 13:52:59] the value in the status register is :1ffca0
[Debug] [2024-7-25 13:52:59] flash_id is c84018
[Debug] [2024-7-25 13:52:59] the value in the status register is :1ffca0
[Debug] [2024-7-25 13:52:59] progress bar is 1
[Debug] [2024-7-25 13:52:59] progress bar is 6
[Debug] [2024-7-25 13:52:59] progress bar is 10
[Debug] [2024-7-25 13:52:59] progress bar is 15
[Debug] [2024-7-25 13:52:59] progress bar is 20
[Debug] [2024-7-25 13:52:59] progress bar is 25
[Debug] [2024-7-25 13:52:59] progress bar is 30
[Debug] [2024-7-25 13:52:59] progress bar is 35
[Debug] [2024-7-25 13:53:00] progress bar is 40
[Debug] [2024-7-25 13:53:00] progress bar is 45
[Debug] [2024-7-25 13:53:00] progress bar is 50
[Debug] [2024-7-25 13:53:00] progress bar is 55
[Debug] [2024-7-25 13:53:00] progress bar is 60
[Debug] [2024-7-25 13:53:00] progress bar is 65
[Debug] [2024-7-25 13:53:00] progress bar is 70
[Debug] [2024-7-25 13:53:00] progress bar is 75
[Debug] [2024-7-25 13:53:00] progress bar is 80
[Debug] [2024-7-25 13:53:00] progress bar is 85
[Debug] [2024-7-25 13:53:00] progress bar is 90
[Debug] [2024-7-25 13:53:00] progress bar is 95
[Debug] [2024-7-25 13:53:00] progress bar is 100
[Debug] [2024-7-25 13:53:00] end to operate flash: cmd id = 20303
[Debug] [2024-7-25 13:53:00] cmd operation Verify Outer Flash releases locker
