#Build: Fabric Compiler 2022.2-SP4.2, Build 132111, Aug 13 06:22 2023
#Install: E:\SoftWare\PDS\PDS_2022.2-SP4.2-ads\bin
#Application name: pds_shell.exe
#OS: Windows 10 10.0.23620
#Hostname: 1917Redbanner
Generated by Fabric Compiler (version 2022.2-SP4.2 build 132111) at Thu Jul 25 14:25:44 2024
Compiling verification operator library.
Compiling common defs.
Compiling prim grid devices.
Compiling gate devices.
Compiling gate operators.
Building architecture model.
Loading device packaging model.
pnr strategy configuration : 
strategy name : 0
Building architecture floorplan logic view.
Constraint check start.
W: ConstraintEditor-4019: Port Bus 'ad_data_1' unspecified I/O constraint.
W: ConstraintEditor-4019: Port Bus 'ad_data_2' unspecified I/O constraint.
W: ConstraintEditor-4019: Port 'ad_clk_1' unspecified I/O constraint.
W: ConstraintEditor-4019: Port 'ad_clk_2' unspecified I/O constraint.
W: ConstraintEditor-4019: Port 'ad_oe_1' unspecified I/O constraint.
W: ConstraintEditor-4019: Port 'ad_oe_2' unspecified I/O constraint.
W: ConstraintEditor-4019: Port 'ad_otr_1' unspecified I/O constraint.
W: ConstraintEditor-4019: Port 'ad_otr_2' unspecified I/O constraint.
W: ConstraintEditor-4019: Port 'sys_clk' unspecified I/O constraint.
W: ConstraintEditor-4019: Port 'sys_rst_n' unspecified I/O constraint.
Constraint check end.
I: Column Clock Check open.
Read Column Clock Map.

Placement started.
Phase 1 Pre global placement started.
Phase 1.1 1st GP placement started.
Design Utilization : 0%.
First map gop timing takes 0.02 sec
Worst slack after clock region global placement is 2147483647
Wirelength after clock region global placement is 13 and checksum is BA3748D908E1F816.
1st GP placement takes 0.31 sec.

Phase 1.2 Clock placement started.
Clock placement takes 0.02 sec.

Wirelength after Pre Global Placement is 13 and checksum is BA3748D908E1F816.
Pre global placement takes 0.33 sec.

Phase 2 Global placement started.
Phase 2.1 Fixed placement started.
Fixed placement takes 0.00 sec.

Phase 2.2 Process placement started.
Process placement takes 0.00 sec.

Phase 2.3 IO placement started.
IO placement takes 0.00 sec.

Phase 2.4 2nd GP placement started.
Run super clustering :
	Initial slack 2147483647.
	1 iterations finished.
	Final slack 2147483647.
Super clustering done.
Design Utilization : 0%.
Worst slack after global placement is 2147483647
2nd GP placement takes 0.02 sec.

Wirelength after global placement is 53 and checksum is BA4C5012B58F6E3C.
Global placement takes 0.02 sec.

Phase 3 Post global placement started.
Phase 3.1 Macro cell placement started.
I: Process macros using "Greedy".
Wirelength after macro cell placement is 53 and checksum is BA4C5012B58F6E3C.
Macro cell placement takes 0.00 sec.

Phase 3.2 3rd GP placement started.
Run super clustering :
	Initial slack 2147483647.
	1 iterations finished.
	Final slack 2147483647.
Super clustering done.
Design Utilization : 0%.
Worst slack after post global placement is 2147483647
3rd GP placement takes 0.00 sec.

Wirelength after post global placement is 53 and checksum is BA4C5012B58F6E3C.
Post global placement takes 0.00 sec.

Phase 4 Legalization started.
The average distance in LP is 56.000000.
Wirelength after legalization is 53 and checksum is ABF4B425BF6ADC9D.
Legalization takes 0.00 sec.

Phase 5 Timing-driven detailed placement started.
Phase 5.1 Replication placement started.
Worst slack before Replication Place is 2147483647.
Replication placement takes 0.00 sec.

Wirelength after replication placement is 53 and checksum is ABF4B425BF6ADC9D.
Phase 5.2 DP placement started.
Legalized cost 2147483647.000000.
The detailed placement ends at 0th iteration.
DP placement takes 0.00 sec.

Wirelength after detailed placement is 53 and checksum is ABF4B425BF6ADC9D.
Timing-driven detailed placement takes 0.00 sec.

Worst slack is 2147483647, TNS after placement is 0.
Placement done.
Total placement takes 0.34 sec.
Finished placement.

Routing started.
Building routing graph takes 0.11 sec.
Worst slack is 2147483647, TNS before global route is 0.
Processing design graph takes 0.02 sec.
Total memory for routing:
	63.195045 M.
Total nets for routing : 18.
Rcf routing step 1 processed 0 nets, it takes 0.00 sec.
Rcf routing step 2 processed 0 nets, it takes 0.00 sec.
Rcf routing step 3 processed 0 nets, it takes 0.00 sec.
Global Routing step 1 processed 0 nets, it takes 0.00 sec.
Global Routing step 2 processed 0 nets, it takes 0.00 sec.
Global Routing step 3 processed 0 nets, it takes 0.00 sec.
Global routing takes 0.00 sec.
Total 18 subnets.
    forward max bucket size 620 , backward 865.
        Unrouted nets 0 at the end of iteration 0.
    route iteration 0, CPU time elapsed 0.000000 sec.
Detailed routing takes 0 iterations
Detailed routing takes 0.00 sec.
Start fix hold violation.
Build tmp routing results takes 0.00 sec.
Timing analysis takes 0.00 sec.
No hold violation.
Hold Violation Fix in router takes 0 iterations.
Fix hold violation Finished.
Hold Violation Fix in router takes 0.02 sec.

Dispose routing result:
    Collect routing result.
    Delete unused device instances.
    Annotate routing result.
    Change LUT configuration.
    Dispose misc instances.
    Annotate routing result again.
Finish routing takes 0.00 sec.
Used SRB routing arc is 183.
Cleanup routing takes 0.00 sec.
Routing done.
Total routing takes 0.17 sec.


Device Utilization Summary :
+---------------------------------------------------------------------------+
| Logic Utilization        | Used     | Available     | Utilization(%)     
+---------------------------------------------------------------------------+
| Use of APM               | 0        | 40            | 0                  
| Use of BKCL              | 0        | 4             | 0                  
| Use of CLMA              | 0        | 3748          | 0                  
|   FF                     | 0        | 22488         | 0                  
|   LUT                    | 0        | 14992         | 0                  
|   LUT-FF pairs           | 0        | 14992         | 0                  
| Use of CLMS              | 0        | 1892          | 0                  
|   FF                     | 0        | 11352         | 0                  
|   LUT                    | 0        | 7568          | 0                  
|   LUT-FF pairs           | 0        | 7568          | 0                  
|   Distributed RAM        | 0        | 7568          | 0                  
| Use of CRYSTAL           | 0        | 4             | 0                  
| Use of DLL               | 0        | 8             | 0                  
| Use of DQSL              | 0        | 12            | 0                  
| Use of DRM               | 0        | 60            | 0                  
| Use of FUSECODE          | 0        | 1             | 0                  
| Use of HARD0N1           | 5        | 3480          | 1                  
| Use of IO                | 5        | 226           | 3                  
|   IOBD                   | 0        | 57            | 0                  
|   IOBR                   | 2        | 12            | 17                 
|   IOBS                   | 3        | 157           | 2                  
| Use of IOCKDIV           | 0        | 16            | 0                  
| Use of IOCKDLY           | 0        | 32            | 0                  
| Use of IOCKGATE          | 0        | 16            | 0                  
| Use of IOCKGMUX_TEST     | 0        | 16            | 0                  
| Use of IOL               | 5        | 308           | 2                  
| Use of IPAL              | 0        | 1             | 0                  
| Use of MFG_TEST          | 0        | 1             | 0                  
| Use of OSC               | 0        | 1             | 0                  
| Use of PLL               | 1        | 4             | 25                 
| Use of PREGMUX_TEST      | 0        | 4             | 0                  
| Use of RCKB              | 0        | 16            | 0                  
|  RCKB dataused           | 0        | 16            | 0                  
| Use of RCKBMUX_TEST      | 0        | 8             | 0                  
| Use of RESCAL            | 0        | 4             | 0                  
| Use of SCANCHAIN         | 0        | 2             | 0                  
| Use of START             | 1        | 1             | 100                
| Use of UDID              | 0        | 1             | 0                  
| Use of USCM              | 1        | 30            | 4                  
|  USCM dataused           | 0        | 30            | 0                  
| Use of USCMMUX_TEST      | 0        | 30            | 0                  
| Use of VCKBMUX_TEST      | 0        | 8             | 0                  
+---------------------------------------------------------------------------+

Finished routing.
Design 'dual_ad' has been placed and routed successfully.
Saving design to DB.
Finished placement and routing.
Action pnr: Real time elapsed is 0h:0m:8s
Action pnr: CPU time elapsed is 0h:0m:1s
Action pnr: Process CPU time elapsed is 0h:0m:1s
Current time: Thu Jul 25 14:25:50 2024
Action pnr: Peak memory pool usage is 812 MB
