#Build: Fabric Compiler 2022.2-SP4.2, Build 132111, Aug 13 06:22 2023
#Install: E:\SoftWare\PDS\PDS_2022.2-SP4.2-ads\bin
#Application name: pds_shell.exe
#OS: Windows 10 10.0.23620
#Hostname: 1917Redbanner
Generated by Fabric Compiler (version 2022.2-SP4.2 build 132111) at Tue Jul 23 10:41:12 2024
Compiling verification operator library.
Compiling common defs.
Compiling prim grid devices.
Compiling gate devices.
Compiling gate operators.
Building architecture model.
Loading device packaging model.
Reading design from pnr DB.
Start Report Post-PnR timing.
Constructing timing graph ...
Timing graph has been constructed successfully
W: Timing-4087: Port 'led' is not constrained, it is treated as combinational output.
W: Timing-4086: Port 'key' is not constrained, it is treated as combinational input.
Report timing is finished successfully.
Action report_timing: Real time elapsed is 0h:0m:6s
Action report_timing: CPU time elapsed is 0h:0m:0s
Action report_timing: Process CPU time elapsed is 0h:0m:0s
Current time: Tue Jul 23 10:41:16 2024
Action report_timing: Peak memory pool usage is 809 MB
