#Build: Fabric Compiler 2022.2-SP4.2, Build 132111, Aug 13 06:22 2023
#Install: E:\SoftWare\PDS\PDS_2022.2-SP4.2-ads\bin
#Application name: pds_shell.exe
#OS: Windows 10 10.0.23620
#Hostname: 1917Redbanner
Generated by Fabric Compiler (version 2022.2-SP4.2 build 132111) at Thu Jul 25 15:19:53 2024
License checkout: fabric_ads from E:\SoftWare\PDS\PDS_2022.2-SP4.2-ads\new_pds_584120290F2C.lic
Compiling verification operator library.
Compiling common defs.
Loading technology operator library.
Compiling technology operator library.
Compiling technology operator (valence) library.
Reading design from compile DB
Reading design from compile DB successfully.
Constraint check start.
Compiling prim grid devices.
Building architecture model.
Loading device packaging model.
Building architecture floorplan logic view.
Executing : get_ports sys_clk
Executing : get_ports sys_clk successfully.
Executing : create_clock -name sys_clk [get_ports sys_clk] -period 20.000 -waveform {0.000 10.000}
Executing : create_clock -name sys_clk [get_ports sys_clk] -period 20.000 -waveform {0.000 10.000} successfully.
Constraint check end.

Start pre-mapping.
Executing : pre-mapping successfully. Time elapsed: 0.006s wall, 0.000s user + 0.000s system = 0.000s CPU (n/a%)

Start mod-gen.
Executing : mod-gen successfully. Time elapsed: 0.008s wall, 0.000s user + 0.000s system = 0.000s CPU (n/a%)

Start logic-optimization.
Executing : logic-optimization successfully. Time elapsed: 0.009s wall, 0.000s user + 0.000s system = 0.000s CPU (n/a%)

Start tech-mapping phase 1.
Executing : tech-mapping phase 1 successfully. Time elapsed: 0.001s wall, 0.000s user + 0.000s system = 0.000s CPU (n/a%)

Start tech-mapping phase 2.
Executing : tech-mapping phase 2 successfully. Time elapsed: 0.004s wall, 0.000s user + 0.000s system = 0.000s CPU (n/a%)

Start tech-optimization.
Executing : tech-optimization successfully. Time elapsed: 0.004s wall, 0.000s user + 0.000s system = 0.000s CPU (n/a%)

Start phys-optimization.
Executing : phys-optimization successfully. Time elapsed: 0.000s wall, 0.000s user + 0.000s system = 0.000s CPU (n/a%)

Start restore-hierarchy.
Executing : restore-hierarchy successfully. Time elapsed: 0.000s wall, 0.000s user + 0.000s system = 0.000s CPU (n/a%)


Cell Usage:
GTP_GRS                       1 use
GTP_PLL_E3                    1 use

I/O ports: 27
GTP_INBUF                  23 uses
GTP_OUTBUF                  4 uses

Mapping Summary:
Total LUTs: 0 of 22560 (0.00%)
	LUTs as dram: 0 of 7568 (0.00%)
	LUTs as logic: 0
Total Registers: 0 of 33840 (0.00%)
Total Latches: 0

DRM18K:
Total DRM18K = 0.0 of 60 (0.00%)

APMs:
Total APMs = 0.00 of 40 (0.00%)

Total I/O ports = 27 of 226 (11.95%)


Overview of Control Sets:

Number of unique control sets : 0

Histogram:
*************************************************************
  Fanout     | Count    | Sync Set/Reset    Async Set/Reset
-------------------------------------------------------------
  [0, Inf)   | 0        | 0                 0
-------------------------------------------------------------
  The maximum fanout: 0
=============================================================

Flip-Flop Distribution:
************************************************************************
  Clock Enable    Sync Set/Reset    Async Set/Reset    Total Registers
------------------------------------------------------------------------
  NO              NO                NO                 0
  NO              NO                YES                0
  NO              YES               NO                 0
  YES             NO                NO                 0
  YES             NO                YES                0
  YES             YES               NO                 0
========================================================================

Latch Distribution:
************************************************
  Gate Enable    Preset/Clear    Total Latches
************************************************
  NO             NO              0
  NO             YES             0
  YES            NO              0
  YES            YES             0
************************************************

Design 'dual_ad' has been successfully synthesized to architecture-specific objects.
Saving design to DB.
I: Adm-6003: Trying to disconnect un-connected pin 'Z[0]' of instance 'ND1'.
I: Adm-6003: Trying to disconnect un-connected pin 'Z[0]' of instance 'ND3'.
I: Adm-6003: Trying to disconnect un-connected pin 'Z[0]' of instance 'ND4'.
I: Adm-6003: Trying to disconnect un-connected pin 'Z[0]' of instance 'ND0[0]'.
I: Adm-6003: Trying to disconnect un-connected pin 'Z[0]' of instance 'ND0[1]'.
I: Adm-6003: Trying to disconnect un-connected pin 'Z[0]' of instance 'ND0[2]'.
I: Adm-6003: Trying to disconnect un-connected pin 'Z[0]' of instance 'ND0[3]'.
I: Adm-6003: Trying to disconnect un-connected pin 'Z[0]' of instance 'ND0[4]'.
I: Adm-6003: Trying to disconnect un-connected pin 'Z[0]' of instance 'ND0[5]'.
I: Adm-6003: Trying to disconnect un-connected pin 'Z[0]' of instance 'ND0[6]'.
I: Adm-6003: Trying to disconnect un-connected pin 'Z[0]' of instance 'ND0[7]'.
I: Adm-6003: Trying to disconnect un-connected pin 'Z[0]' of instance 'ND0[8]'.
I: Adm-6003: Trying to disconnect un-connected pin 'Z[0]' of instance 'ND0[9]'.
I: Adm-6003: Trying to disconnect un-connected pin 'Z[0]' of instance 'ND2[0]'.
I: Adm-6003: Trying to disconnect un-connected pin 'Z[0]' of instance 'ND2[1]'.
I: Adm-6003: Trying to disconnect un-connected pin 'Z[0]' of instance 'ND2[2]'.
I: Adm-6003: Trying to disconnect un-connected pin 'Z[0]' of instance 'ND2[3]'.
I: Adm-6003: Trying to disconnect un-connected pin 'Z[0]' of instance 'ND2[4]'.
I: Adm-6003: Trying to disconnect un-connected pin 'Z[0]' of instance 'ND2[5]'.
I: Adm-6003: Trying to disconnect un-connected pin 'Z[0]' of instance 'ND2[6]'.
I: Adm-6003: Trying to disconnect un-connected pin 'Z[0]' of instance 'ND2[7]'.
I: Adm-6003: Trying to disconnect un-connected pin 'Z[0]' of instance 'ND2[8]'.
I: Adm-6003: Trying to disconnect un-connected pin 'Z[0]' of instance 'ND2[9]'.
Saving design to dual_ad_syn.vm
Constructing timing graph ...
Timing graph has been constructed successfully
W: Timing-4087: Port 'ad_clk_1' is not constrained, it is treated as combinational output.
W: Timing-4087: Port 'ad_clk_2' is not constrained, it is treated as combinational output.
W: Timing-4087: Port 'ad_oe_1' is not constrained, it is treated as combinational output.
W: Timing-4087: Port 'ad_oe_2' is not constrained, it is treated as combinational output.
Action synthesize: Real time elapsed is 0h:0m:4s
Action synthesize: CPU time elapsed is 0h:0m:0s
Action synthesize: Process CPU time elapsed is 0h:0m:0s
Current time: Thu Jul 25 15:19:55 2024
Action synthesize: Peak memory pool usage is 219 MB
