#Build: Fabric Compiler 2022.2-SP4.2, Build 132111, Aug 13 06:22 2023
#Install: D:\ywd\pds_2022.2-sp4.2-ads-win64\PDS_2022.2-SP4.2-ads\bin
#Application name: pds_shell.exe
#OS: Windows 10 10.0.19045
#Hostname: DESKTOP-HN5R6GK
Generated by Fabric Compiler (version 2022.2-SP4.2 build 132111) at Tue May 14 09:07:29 2024
Compiling verification operator library.
Compiling common defs.
Compiling prim grid devices.
Compiling gate devices.
Compiling gate operators.
Building architecture model.
Loading device packaging model.
pnr strategy configuration : 
strategy name : 0
Building architecture floorplan logic view.
Constraint check start.
Executing : def_port {ad_clk_1} LOC=L7 VCCIO=3.3 IOSTANDARD=LVCMOS33 DRIVE=8 SLEW=SLOW PULLUP=TRUE
Executing : def_port {ad_clk_1} LOC=L7 VCCIO=3.3 IOSTANDARD=LVCMOS33 DRIVE=8 SLEW=SLOW PULLUP=TRUE successfully
Executing : def_port {ad_clk_2} LOC=J3 VCCIO=3.3 IOSTANDARD=LVCMOS33 DRIVE=8 SLEW=SLOW PULLUP=TRUE
Executing : def_port {ad_clk_2} LOC=J3 VCCIO=3.3 IOSTANDARD=LVCMOS33 DRIVE=8 SLEW=SLOW PULLUP=TRUE successfully
Executing : def_port {ad_oe_1} LOC=K3 VCCIO=3.3 IOSTANDARD=LVCMOS33 DRIVE=8 SLEW=SLOW PULLUP=TRUE
Executing : def_port {ad_oe_1} LOC=K3 VCCIO=3.3 IOSTANDARD=LVCMOS33 DRIVE=8 SLEW=SLOW PULLUP=TRUE successfully
Executing : def_port {ad_oe_2} LOC=J6 VCCIO=3.3 IOSTANDARD=LVCMOS33 DRIVE=8 SLEW=SLOW PULLUP=TRUE
Executing : def_port {ad_oe_2} LOC=J6 VCCIO=3.3 IOSTANDARD=LVCMOS33 DRIVE=8 SLEW=SLOW PULLUP=TRUE successfully
Executing : def_port {ad_data_1[0]} LOC=H2 VCCIO=3.3 IOSTANDARD=LVCMOS33 PULLUP=TRUE
Executing : def_port {ad_data_1[0]} LOC=H2 VCCIO=3.3 IOSTANDARD=LVCMOS33 PULLUP=TRUE successfully
Executing : def_port {ad_data_1[1]} LOC=H1 VCCIO=3.3 IOSTANDARD=LVCMOS33 PULLUP=TRUE
Executing : def_port {ad_data_1[1]} LOC=H1 VCCIO=3.3 IOSTANDARD=LVCMOS33 PULLUP=TRUE successfully
Executing : def_port {ad_data_1[2]} LOC=H7 VCCIO=3.3 IOSTANDARD=LVCMOS33 PULLUP=TRUE
Executing : def_port {ad_data_1[2]} LOC=H7 VCCIO=3.3 IOSTANDARD=LVCMOS33 PULLUP=TRUE successfully
Executing : def_port {ad_data_1[3]} LOC=G6 VCCIO=3.3 IOSTANDARD=LVCMOS33 PULLUP=TRUE
Executing : def_port {ad_data_1[3]} LOC=G6 VCCIO=3.3 IOSTANDARD=LVCMOS33 PULLUP=TRUE successfully
Executing : def_port {ad_data_1[4]} LOC=G3 VCCIO=3.3 IOSTANDARD=LVCMOS33 PULLUP=TRUE
Executing : def_port {ad_data_1[4]} LOC=G3 VCCIO=3.3 IOSTANDARD=LVCMOS33 PULLUP=TRUE successfully
Executing : def_port {ad_data_1[5]} LOC=G1 VCCIO=3.3 IOSTANDARD=LVCMOS33 PULLUP=TRUE
Executing : def_port {ad_data_1[5]} LOC=G1 VCCIO=3.3 IOSTANDARD=LVCMOS33 PULLUP=TRUE successfully
Executing : def_port {ad_data_1[6]} LOC=E3 VCCIO=3.3 IOSTANDARD=LVCMOS33 PULLUP=TRUE
Executing : def_port {ad_data_1[6]} LOC=E3 VCCIO=3.3 IOSTANDARD=LVCMOS33 PULLUP=TRUE successfully
Executing : def_port {ad_data_1[7]} LOC=E1 VCCIO=3.3 IOSTANDARD=LVCMOS33 PULLUP=TRUE
Executing : def_port {ad_data_1[7]} LOC=E1 VCCIO=3.3 IOSTANDARD=LVCMOS33 PULLUP=TRUE successfully
Executing : def_port {ad_data_1[8]} LOC=L4 VCCIO=3.3 IOSTANDARD=LVCMOS33 PULLUP=TRUE
Executing : def_port {ad_data_1[8]} LOC=L4 VCCIO=3.3 IOSTANDARD=LVCMOS33 PULLUP=TRUE successfully
Executing : def_port {ad_data_1[9]} LOC=L3 VCCIO=3.3 IOSTANDARD=LVCMOS33 PULLUP=TRUE
Executing : def_port {ad_data_1[9]} LOC=L3 VCCIO=3.3 IOSTANDARD=LVCMOS33 PULLUP=TRUE successfully
Executing : def_port {ad_data_2[0]} LOC=H4 VCCIO=3.3 IOSTANDARD=LVCMOS33 PULLUP=TRUE
Executing : def_port {ad_data_2[0]} LOC=H4 VCCIO=3.3 IOSTANDARD=LVCMOS33 PULLUP=TRUE successfully
Executing : def_port {ad_data_2[1]} LOC=H3 VCCIO=3.3 IOSTANDARD=LVCMOS33 PULLUP=TRUE
Executing : def_port {ad_data_2[1]} LOC=H3 VCCIO=3.3 IOSTANDARD=LVCMOS33 PULLUP=TRUE successfully
Executing : def_port {ad_data_2[2]} LOC=F2 VCCIO=3.3 IOSTANDARD=LVCMOS33 PULLUP=TRUE
Executing : def_port {ad_data_2[2]} LOC=F2 VCCIO=3.3 IOSTANDARD=LVCMOS33 PULLUP=TRUE successfully
Executing : def_port {ad_data_2[3]} LOC=F1 VCCIO=3.3 IOSTANDARD=LVCMOS33 PULLUP=TRUE
Executing : def_port {ad_data_2[3]} LOC=F1 VCCIO=3.3 IOSTANDARD=LVCMOS33 PULLUP=TRUE successfully
Executing : def_port {ad_data_2[4]} LOC=K2 VCCIO=3.3 IOSTANDARD=LVCMOS33 PULLUP=TRUE
Executing : def_port {ad_data_2[4]} LOC=K2 VCCIO=3.3 IOSTANDARD=LVCMOS33 PULLUP=TRUE successfully
Executing : def_port {ad_data_2[5]} LOC=K1 VCCIO=3.3 IOSTANDARD=LVCMOS33 PULLUP=TRUE
Executing : def_port {ad_data_2[5]} LOC=K1 VCCIO=3.3 IOSTANDARD=LVCMOS33 PULLUP=TRUE successfully
Executing : def_port {ad_data_2[6]} LOC=L5 VCCIO=3.3 IOSTANDARD=LVCMOS33 PULLUP=TRUE
Executing : def_port {ad_data_2[6]} LOC=L5 VCCIO=3.3 IOSTANDARD=LVCMOS33 PULLUP=TRUE successfully
Executing : def_port {ad_data_2[7]} LOC=K5 VCCIO=3.3 IOSTANDARD=LVCMOS33 PULLUP=TRUE
Executing : def_port {ad_data_2[7]} LOC=K5 VCCIO=3.3 IOSTANDARD=LVCMOS33 PULLUP=TRUE successfully
Executing : def_port {ad_data_2[8]} LOC=D2 VCCIO=3.3 IOSTANDARD=LVCMOS33 PULLUP=TRUE
Executing : def_port {ad_data_2[8]} LOC=D2 VCCIO=3.3 IOSTANDARD=LVCMOS33 PULLUP=TRUE successfully
Executing : def_port {ad_data_2[9]} LOC=D1 VCCIO=3.3 IOSTANDARD=LVCMOS33 PULLUP=TRUE
Executing : def_port {ad_data_2[9]} LOC=D1 VCCIO=3.3 IOSTANDARD=LVCMOS33 PULLUP=TRUE successfully
Executing : def_port {ad_otr_1} LOC=K4 VCCIO=3.3 IOSTANDARD=LVCMOS33 PULLUP=TRUE
Executing : def_port {ad_otr_1} LOC=K4 VCCIO=3.3 IOSTANDARD=LVCMOS33 PULLUP=TRUE successfully
Executing : def_port {ad_otr_2} LOC=J7 VCCIO=3.3 IOSTANDARD=LVCMOS33 PULLUP=TRUE
Executing : def_port {ad_otr_2} LOC=J7 VCCIO=3.3 IOSTANDARD=LVCMOS33 PULLUP=TRUE successfully
Executing : def_port {sys_clk} LOC=V9 VCCIO=3.3 IOSTANDARD=LVCMOS33 PULLUP=TRUE
Executing : def_port {sys_clk} LOC=V9 VCCIO=3.3 IOSTANDARD=LVCMOS33 PULLUP=TRUE successfully
Executing : def_port {sys_rst_n} LOC=C4 VCCIO=1.8 IOSTANDARD=LVCMOS18 PULLUP=TRUE
C: ConstraintEditor-2001: [C:/Users/VIDEO/Desktop/37_hs_dual_ad/prj/device_map/hs_dual_ad.pcf(line number: 30)] Object 'sys_rst_n' is dangling, which has no connection. it will be ignored.
Executing : def_port {sys_rst_n} LOC=C4 VCCIO=1.8 IOSTANDARD=LVCMOS18 PULLUP=TRUE failed
Constraint check end.
I: Column Clock Check open.
Read Column Clock Map.

Placement started.
Phase 1 Pre global placement started.
Mapping instance u_pll_clk/u_pll_e3/goppll to PLL_122_55.
Phase 1.1 1st GP placement started.
Design Utilization : 3%.
First map gop timing takes 0.08 sec
Worst slack after clock region global placement is 17270
Wirelength after clock region global placement is 4415 and checksum is 6BCDD6025340EEE3.
1st GP placement takes 2.34 sec.

Phase 1.2 Clock placement started.
Mapping instance clkbufg_3/gopclkbufg to USCM_56_112.
Mapping instance clkbufg_4/gopclkbufg to USCM_56_113.
Clock placement takes 0.22 sec.

Wirelength after Pre Global Placement is 4415 and checksum is 6BCDD6025340EEE3.
Pre global placement takes 2.70 sec.

Phase 2 Global placement started.
Phase 2.1 Fixed placement started.
Placed fixed group with base inst ad_clk_1_obuf/opit_1 on IOL_7_141.
Placed fixed group with base inst ad_clk_2_obuf/opit_1 on IOL_7_109.
Placed fixed group with base inst ad_data_1_ibuf[0]/opit_1 on IOL_7_113.
Placed fixed group with base inst ad_data_1_ibuf[1]/opit_1 on IOL_7_114.
Placed fixed group with base inst ad_data_1_ibuf[2]/opit_1 on IOL_7_201.
Placed fixed group with base inst ad_data_1_ibuf[3]/opit_1 on IOL_7_202.
Placed fixed group with base inst ad_data_1_ibuf[4]/opit_1 on IOL_7_145.
Placed fixed group with base inst ad_data_1_ibuf[5]/opit_1 on IOL_7_146.
Placed fixed group with base inst ad_data_1_ibuf[6]/opit_1 on IOL_7_169.
Placed fixed group with base inst ad_data_1_ibuf[7]/opit_1 on IOL_7_170.
Placed fixed group with base inst ad_data_1_ibuf[8]/opit_1 on IOL_7_105.
Placed fixed group with base inst ad_data_1_ibuf[9]/opit_1 on IOL_7_106.
Placed fixed group with base inst ad_data_2_ibuf[0]/opit_1 on IOL_7_137.
Placed fixed group with base inst ad_data_2_ibuf[1]/opit_1 on IOL_7_138.
Placed fixed group with base inst ad_data_2_ibuf[2]/opit_1 on IOL_7_161.
Placed fixed group with base inst ad_data_2_ibuf[3]/opit_1 on IOL_7_162.
Placed fixed group with base inst ad_data_2_ibuf[4]/opit_1 on IOL_7_93.
Placed fixed group with base inst ad_data_2_ibuf[5]/opit_1 on IOL_7_94.
Placed fixed group with base inst ad_data_2_ibuf[6]/opit_1 on IOL_7_133.
Placed fixed group with base inst ad_data_2_ibuf[7]/opit_1 on IOL_7_134.
Placed fixed group with base inst ad_data_2_ibuf[8]/opit_1 on IOL_7_177.
Placed fixed group with base inst ad_data_2_ibuf[9]/opit_1 on IOL_7_178.
Placed fixed group with base inst ad_oe_1_obuf/opit_1 on IOL_7_118.
Placed fixed group with base inst ad_oe_2_obuf/opit_1 on IOL_7_150.
Placed fixed group with base inst ad_otr_1_ibuf/opit_1 on IOL_7_117.
Placed fixed group with base inst ad_otr_2_ibuf/opit_1 on IOL_7_149.
Placed fixed group with base inst sys_clk_ibuf/opit_1 on IOL_131_5.
Placed fixed instance clkbufg_3/gopclkbufg on USCM_56_112.
Placed fixed instance clkbufg_4/gopclkbufg on USCM_56_113.
Placed fixed instance u_pll_clk/u_pll_e3/goppll on PLL_122_55.
Placed fixed instance BKCL_auto_0 on BKCL_138_1.
Placed fixed instance BKCL_auto_1 on BKCL_1_144.
Fixed placement takes 0.02 sec.

Phase 2.2 Process placement started.
Process placement takes 0.00 sec.

Phase 2.3 IO placement started.
IO placement takes 0.02 sec.

Phase 2.4 2nd GP placement started.
Run super clustering :
	Initial slack 13825.
	3 iterations finished.
	Final slack 15914.
Super clustering done.
Design Utilization : 3%.
Worst slack after global placement is 17686
2nd GP placement takes 0.55 sec.

Wirelength after global placement is 3090 and checksum is F2F28A2F2E2C0C57.
Global placement takes 0.58 sec.

Phase 3 Post global placement started.
Phase 3.1 Macro cell placement started.
I: Process macros using "Greedy".
Wirelength after macro cell placement is 3142 and checksum is B0FF7132E0A813C2.
Macro cell placement takes 0.00 sec.

Phase 3.2 3rd GP placement started.
Run super clustering :
	Initial slack 13825.
	3 iterations finished.
	Final slack 15914.
Super clustering done.
Design Utilization : 3%.
Worst slack after post global placement is 17566
3rd GP placement takes 0.50 sec.

Wirelength after post global placement is 2823 and checksum is 23C6F561ED97F659.
Post global placement takes 0.52 sec.

Phase 4 Legalization started.
The average distance in LP is 0.670509.
Wirelength after legalization is 4198 and checksum is 58672677D17B7808.
Legalization takes 0.08 sec.

Phase 5 Timing-driven detailed placement started.
Phase 5.1 Replication placement started.
Worst slack before Replication Place is 17165.
Replication placement takes 0.06 sec.

Wirelength after replication placement is 4198 and checksum is 58672677D17B7808.
Phase 5.2 DP placement started.
Legalized cost 17165.000000.
The detailed placement ends at 0th iteration.
DP placement takes 0.05 sec.

Wirelength after detailed placement is 4198 and checksum is 58672677D17B7808.
Timing-driven detailed placement takes 0.11 sec.

Worst slack is 17165, TNS after placement is 0.
Placement done.
Total placement takes 4.34 sec.
Finished placement.

Routing started.
Building routing graph takes 1.19 sec.
Worst slack is 17165, TNS before global route is 0.
Processing design graph takes 0.22 sec.
Total memory for routing:
	63.733483 M.
Total nets for routing : 921.
Rcf routing step 1 processed 0 nets, it takes 0.00 sec.
Rcf routing step 2 processed 0 nets, it takes 0.00 sec.
Rcf routing step 3 processed 0 nets, it takes 0.00 sec.
Unrouted nets 2 at the end of iteration 0.
Unrouted nets 2 at the end of iteration 1.
Unrouted nets 0 at the end of iteration 2.
Global Routing step 1 processed 112 nets, it takes 0.02 sec.
Unrouted nets 166 at the end of iteration 0.
Unrouted nets 106 at the end of iteration 1.
Unrouted nets 43 at the end of iteration 2.
Unrouted nets 27 at the end of iteration 3.
Unrouted nets 19 at the end of iteration 4.
Unrouted nets 8 at the end of iteration 5.
Unrouted nets 6 at the end of iteration 6.
Unrouted nets 6 at the end of iteration 7.
Unrouted nets 6 at the end of iteration 8.
Unrouted nets 4 at the end of iteration 9.
Unrouted nets 3 at the end of iteration 10.
Unrouted nets 3 at the end of iteration 11.
Unrouted nets 3 at the end of iteration 12.
Unrouted nets 4 at the end of iteration 13.
Unrouted nets 4 at the end of iteration 14.
Unrouted nets 3 at the end of iteration 15.
Unrouted nets 5 at the end of iteration 16.
Unrouted nets 2 at the end of iteration 17.
Unrouted nets 2 at the end of iteration 18.
Unrouted nets 1 at the end of iteration 19.
Unrouted nets 1 at the end of iteration 20.
Unrouted nets 1 at the end of iteration 21.
Unrouted nets 1 at the end of iteration 22.
Unrouted nets 1 at the end of iteration 23.
Unrouted nets 1 at the end of iteration 24.
Unrouted nets 1 at the end of iteration 25.
Unrouted nets 1 at the end of iteration 26.
Unrouted nets 1 at the end of iteration 27.
Unrouted nets 1 at the end of iteration 28.
Unrouted nets 1 at the end of iteration 29.
Unrouted nets 1 at the end of iteration 30.
Unrouted nets 1 at the end of iteration 31.
Unrouted nets 1 at the end of iteration 32.
Unrouted nets 1 at the end of iteration 33.
Unrouted nets 1 at the end of iteration 34.
Unrouted nets 1 at the end of iteration 35.
Unrouted nets 1 at the end of iteration 36.
Unrouted nets 1 at the end of iteration 37.
Unrouted nets 1 at the end of iteration 38.
Unrouted nets 1 at the end of iteration 39.
Unrouted nets 1 at the end of iteration 40.
Unrouted nets 1 at the end of iteration 41.
Unrouted nets 1 at the end of iteration 42.
Unrouted nets 1 at the end of iteration 43.
Unrouted nets 1 at the end of iteration 44.
Unrouted nets 1 at the end of iteration 45.
Unrouted nets 0 at the end of iteration 46.
Global Routing step 2 processed 345 nets, it takes 3.20 sec.
Global Routing step 3 processed 0 nets, it takes 0.00 sec.
Global routing takes 3.25 sec.
Total 921 subnets.
    forward max bucket size 29838 , backward 4764.
        Unrouted nets 375 at the end of iteration 0.
    route iteration 0, CPU time elapsed 1.328125 sec.
    forward max bucket size 5009 , backward 4776.
        Unrouted nets 260 at the end of iteration 1.
    route iteration 1, CPU time elapsed 0.218750 sec.
    forward max bucket size 116 , backward 896.
        Unrouted nets 179 at the end of iteration 2.
    route iteration 2, CPU time elapsed 0.062500 sec.
    forward max bucket size 211 , backward 291.
        Unrouted nets 173 at the end of iteration 3.
    route iteration 3, CPU time elapsed 0.031250 sec.
    forward max bucket size 486 , backward 450.
        Unrouted nets 114 at the end of iteration 4.
    route iteration 4, CPU time elapsed 0.015625 sec.
    forward max bucket size 25 , backward 42.
        Unrouted nets 80 at the end of iteration 5.
    route iteration 5, CPU time elapsed 0.031250 sec.
    forward max bucket size 23 , backward 61.
        Unrouted nets 50 at the end of iteration 6.
    route iteration 6, CPU time elapsed 0.015625 sec.
    forward max bucket size 23 , backward 44.
        Unrouted nets 39 at the end of iteration 7.
    route iteration 7, CPU time elapsed 0.000000 sec.
    forward max bucket size 23 , backward 24.
        Unrouted nets 19 at the end of iteration 8.
    route iteration 8, CPU time elapsed 0.000000 sec.
    forward max bucket size 19 , backward 23.
        Unrouted nets 14 at the end of iteration 9.
    route iteration 9, CPU time elapsed 0.015625 sec.
    forward max bucket size 17 , backward 12.
        Unrouted nets 4 at the end of iteration 10.
    route iteration 10, CPU time elapsed 0.000000 sec.
    forward max bucket size 17 , backward 13.
        Unrouted nets 2 at the end of iteration 11.
    route iteration 11, CPU time elapsed 0.000000 sec.
    forward max bucket size 18 , backward 12.
        Unrouted nets 0 at the end of iteration 12.
    route iteration 12, CPU time elapsed 0.015625 sec.
Detailed routing takes 12 iterations
I: Design net u_CORES/drck_o is routed by general path.
C: Route-2036: The clock path from u_CORES/u_GTP_SCANCHAIN_PG/scanchain:TCK_USER to clkbufg_4/gopclkbufg:CLK is routed by SRB.
I: Design net u_CORES/capt_o is routed by general path.
C: Route-2036: The clock path from u_CORES/u_GTP_SCANCHAIN_PG/scanchain:CAPDR to u_CORES/u_debug_core_0/u_hub_data_decode/id_sample.conf_id[4]/opit_0_inv:CLK is routed by SRB.
Detailed routing takes 1.78 sec.
Start fix hold violation.
Build tmp routing results takes 0.02 sec.
Timing analysis takes 0.03 sec.
Hold violation fix iter 0 takes 0.02 sec, total_step_forward 86.
Incremental timing analysis takes 0.00 sec.
Hold violation fix iter 1 takes 0.00 sec, total_step_forward 0.
Hold Violation Fix in router takes 2 iterations.
Fix hold violation Finished.
Hold Violation Fix in router takes 0.17 sec.

Dispose routing result:
    Collect routing result.
    Delete unused device instances.
    Annotate routing result.
    Change LUT configuration.
    Dispose misc instances.
    Annotate routing result again.
Finish routing takes 0.08 sec.
Used SRB routing arc is 5978.
Cleanup routing takes 0.02 sec.
Routing done.
Total routing takes 7.11 sec.


Device Utilization Summary :
+---------------------------------------------------------------------------+
| Logic Utilization        | Used     | Available     | Utilization(%)     
+---------------------------------------------------------------------------+
| Use of APM               | 0        | 40            | 0                  
| Use of BKCL              | 2        | 4             | 50                 
| Use of CLMA              | 114      | 3748          | 4                  
|   FF                     | 346      | 22488         | 2                  
|   LUT                    | 345      | 14992         | 3                  
|   LUT-FF pairs           | 231      | 14992         | 2                  
| Use of CLMS              | 58       | 1892          | 4                  
|   FF                     | 173      | 11352         | 2                  
|   LUT                    | 158      | 7568          | 3                  
|   LUT-FF pairs           | 83       | 7568          | 2                  
|   Distributed RAM        | 0        | 7568          | 0                  
| Use of CRYSTAL           | 0        | 4             | 0                  
| Use of DLL               | 0        | 8             | 0                  
| Use of DQSL              | 0        | 12            | 0                  
| Use of DRM               | 0.5      | 60            | 1                  
| Use of FUSECODE          | 0        | 1             | 0                  
| Use of HARD0N1           | 38       | 3480          | 2                  
| Use of IO                | 27       | 226           | 12                 
|   IOBD                   | 0        | 57            | 0                  
|   IOBR                   | 0        | 12            | 0                  
|   IOBS                   | 27       | 157           | 18                 
| Use of IOCKDIV           | 0        | 16            | 0                  
| Use of IOCKDLY           | 0        | 32            | 0                  
| Use of IOCKGATE          | 0        | 16            | 0                  
| Use of IOCKGMUX_TEST     | 0        | 16            | 0                  
| Use of IOL               | 27       | 308           | 9                  
| Use of IPAL              | 0        | 1             | 0                  
| Use of MFG_TEST          | 0        | 1             | 0                  
| Use of OSC               | 0        | 1             | 0                  
| Use of PLL               | 1        | 4             | 25                 
| Use of PREGMUX_TEST      | 0        | 4             | 0                  
| Use of RCKB              | 0        | 16            | 0                  
|  RCKB dataused           | 0        | 16            | 0                  
| Use of RCKBMUX_TEST      | 0        | 8             | 0                  
| Use of RESCAL            | 0        | 4             | 0                  
| Use of SCANCHAIN         | 1        | 2             | 50                 
| Use of START             | 1        | 1             | 100                
| Use of UDID              | 0        | 1             | 0                  
| Use of USCM              | 3        | 30            | 10                 
|  USCM dataused           | 0        | 30            | 0                  
| Use of USCMMUX_TEST      | 0        | 30            | 0                  
| Use of VCKBMUX_TEST      | 0        | 8             | 0                  
+---------------------------------------------------------------------------+

Finished routing.
Design 'hs_dual_ad' has been placed and routed successfully.
Saving design to DB.
Finished placement and routing.
Action pnr: Real time elapsed is 0h:0m:24s
Action pnr: CPU time elapsed is 0h:0m:20s
Action pnr: Process CPU time elapsed is 0h:0m:22s
Current time: Tue May 14 09:07:50 2024
Action pnr: Peak memory pool usage is 820 MB
