#Build: Fabric Compiler 2022.2-SP4.2, Build 132111, Aug 13 06:22 2023
#Install: C:\pango\PDS_2022.2-SP4.2-ads\bin
#Application name: pds_shell.exe
#OS: Windows 10 10.0.19045
#Hostname: DESKTOP-4RPI1H2
Generated by Fabric Compiler (version 2022.2-SP4.2 build 132111) at Mon Oct 16 15:27:31 2023
Compiling verification operator library.
Compiling common defs.
Compiling prim grid devices.
Compiling gate devices.
Compiling gate operators.
Building architecture model.
Loading device packaging model.
pnr strategy configuration : 
strategy name : 0
Building architecture floorplan logic view.
Constraint check start.
Executing : def_port {ad_clk_1} LOC=L7 VCCIO=3.3 IOSTANDARD=LVCMOS33 DRIVE=8 SLEW=SLOW PULLUP=TRUE
Executing : def_port {ad_clk_1} LOC=L7 VCCIO=3.3 IOSTANDARD=LVCMOS33 DRIVE=8 SLEW=SLOW PULLUP=TRUE successfully
Executing : def_port {ad_clk_2} LOC=J3 VCCIO=3.3 IOSTANDARD=LVCMOS33 DRIVE=8 SLEW=SLOW PULLUP=TRUE
C: ConstraintEditor-2002: [D:/Desktop/50G/34_hs_dual_ad/prj/device_map/hs_dual_ad.pcf(line number: 4)] | Port ad_clk_2 has been placed at location J3, whose type is share pin.
Executing : def_port {ad_clk_2} LOC=J3 VCCIO=3.3 IOSTANDARD=LVCMOS33 DRIVE=8 SLEW=SLOW PULLUP=TRUE successfully
Executing : def_port {ad_oe_1} LOC=K3 VCCIO=3.3 IOSTANDARD=LVCMOS33 DRIVE=8 SLEW=SLOW PULLUP=TRUE
Executing : def_port {ad_oe_1} LOC=K3 VCCIO=3.3 IOSTANDARD=LVCMOS33 DRIVE=8 SLEW=SLOW PULLUP=TRUE successfully
Executing : def_port {ad_oe_2} LOC=J6 VCCIO=3.3 IOSTANDARD=LVCMOS33 DRIVE=8 SLEW=SLOW PULLUP=TRUE
Executing : def_port {ad_oe_2} LOC=J6 VCCIO=3.3 IOSTANDARD=LVCMOS33 DRIVE=8 SLEW=SLOW PULLUP=TRUE successfully
Executing : def_port {ad_data_1[0]} LOC=H2 VCCIO=3.3 IOSTANDARD=LVCMOS33 PULLUP=TRUE
Executing : def_port {ad_data_1[0]} LOC=H2 VCCIO=3.3 IOSTANDARD=LVCMOS33 PULLUP=TRUE successfully
Executing : def_port {ad_data_1[1]} LOC=H1 VCCIO=3.3 IOSTANDARD=LVCMOS33 PULLUP=TRUE
Executing : def_port {ad_data_1[1]} LOC=H1 VCCIO=3.3 IOSTANDARD=LVCMOS33 PULLUP=TRUE successfully
Executing : def_port {ad_data_1[2]} LOC=H7 VCCIO=3.3 IOSTANDARD=LVCMOS33 PULLUP=TRUE
Executing : def_port {ad_data_1[2]} LOC=H7 VCCIO=3.3 IOSTANDARD=LVCMOS33 PULLUP=TRUE successfully
Executing : def_port {ad_data_1[3]} LOC=G6 VCCIO=3.3 IOSTANDARD=LVCMOS33 PULLUP=TRUE
Executing : def_port {ad_data_1[3]} LOC=G6 VCCIO=3.3 IOSTANDARD=LVCMOS33 PULLUP=TRUE successfully
Executing : def_port {ad_data_1[4]} LOC=G3 VCCIO=3.3 IOSTANDARD=LVCMOS33 PULLUP=TRUE
Executing : def_port {ad_data_1[4]} LOC=G3 VCCIO=3.3 IOSTANDARD=LVCMOS33 PULLUP=TRUE successfully
Executing : def_port {ad_data_1[5]} LOC=G1 VCCIO=3.3 IOSTANDARD=LVCMOS33 PULLUP=TRUE
Executing : def_port {ad_data_1[5]} LOC=G1 VCCIO=3.3 IOSTANDARD=LVCMOS33 PULLUP=TRUE successfully
Executing : def_port {ad_data_1[6]} LOC=E3 VCCIO=3.3 IOSTANDARD=LVCMOS33 PULLUP=TRUE
Executing : def_port {ad_data_1[6]} LOC=E3 VCCIO=3.3 IOSTANDARD=LVCMOS33 PULLUP=TRUE successfully
Executing : def_port {ad_data_1[7]} LOC=E1 VCCIO=3.3 IOSTANDARD=LVCMOS33 PULLUP=TRUE
Executing : def_port {ad_data_1[7]} LOC=E1 VCCIO=3.3 IOSTANDARD=LVCMOS33 PULLUP=TRUE successfully
Executing : def_port {ad_data_1[8]} LOC=L4 VCCIO=3.3 IOSTANDARD=LVCMOS33 PULLUP=TRUE
Executing : def_port {ad_data_1[8]} LOC=L4 VCCIO=3.3 IOSTANDARD=LVCMOS33 PULLUP=TRUE successfully
Executing : def_port {ad_data_1[9]} LOC=L3 VCCIO=3.3 IOSTANDARD=LVCMOS33 PULLUP=TRUE
Executing : def_port {ad_data_1[9]} LOC=L3 VCCIO=3.3 IOSTANDARD=LVCMOS33 PULLUP=TRUE successfully
Executing : def_port {ad_data_2[0]} LOC=H4 VCCIO=3.3 IOSTANDARD=LVCMOS33 PULLUP=TRUE
Executing : def_port {ad_data_2[0]} LOC=H4 VCCIO=3.3 IOSTANDARD=LVCMOS33 PULLUP=TRUE successfully
Executing : def_port {ad_data_2[1]} LOC=H3 VCCIO=3.3 IOSTANDARD=LVCMOS33 PULLUP=TRUE
Executing : def_port {ad_data_2[1]} LOC=H3 VCCIO=3.3 IOSTANDARD=LVCMOS33 PULLUP=TRUE successfully
Executing : def_port {ad_data_2[2]} LOC=F2 VCCIO=3.3 IOSTANDARD=LVCMOS33 PULLUP=TRUE
Executing : def_port {ad_data_2[2]} LOC=F2 VCCIO=3.3 IOSTANDARD=LVCMOS33 PULLUP=TRUE successfully
Executing : def_port {ad_data_2[3]} LOC=F1 VCCIO=3.3 IOSTANDARD=LVCMOS33 PULLUP=TRUE
Executing : def_port {ad_data_2[3]} LOC=F1 VCCIO=3.3 IOSTANDARD=LVCMOS33 PULLUP=TRUE successfully
Executing : def_port {ad_data_2[4]} LOC=K2 VCCIO=3.3 IOSTANDARD=LVCMOS33 PULLUP=TRUE
Executing : def_port {ad_data_2[4]} LOC=K2 VCCIO=3.3 IOSTANDARD=LVCMOS33 PULLUP=TRUE successfully
Executing : def_port {ad_data_2[5]} LOC=K1 VCCIO=3.3 IOSTANDARD=LVCMOS33 PULLUP=TRUE
Executing : def_port {ad_data_2[5]} LOC=K1 VCCIO=3.3 IOSTANDARD=LVCMOS33 PULLUP=TRUE successfully
Executing : def_port {ad_data_2[6]} LOC=L5 VCCIO=3.3 IOSTANDARD=LVCMOS33 PULLUP=TRUE
Executing : def_port {ad_data_2[6]} LOC=L5 VCCIO=3.3 IOSTANDARD=LVCMOS33 PULLUP=TRUE successfully
Executing : def_port {ad_data_2[7]} LOC=K5 VCCIO=3.3 IOSTANDARD=LVCMOS33 PULLUP=TRUE
Executing : def_port {ad_data_2[7]} LOC=K5 VCCIO=3.3 IOSTANDARD=LVCMOS33 PULLUP=TRUE successfully
Executing : def_port {ad_data_2[8]} LOC=D2 VCCIO=3.3 IOSTANDARD=LVCMOS33 PULLUP=TRUE
Executing : def_port {ad_data_2[8]} LOC=D2 VCCIO=3.3 IOSTANDARD=LVCMOS33 PULLUP=TRUE successfully
Executing : def_port {ad_data_2[9]} LOC=D1 VCCIO=3.3 IOSTANDARD=LVCMOS33 PULLUP=TRUE
Executing : def_port {ad_data_2[9]} LOC=D1 VCCIO=3.3 IOSTANDARD=LVCMOS33 PULLUP=TRUE successfully
Executing : def_port {ad_otr_1} LOC=K4 VCCIO=3.3 IOSTANDARD=LVCMOS33 PULLUP=TRUE
C: ConstraintEditor-2002: [D:/Desktop/50G/34_hs_dual_ad/prj/device_map/hs_dual_ad.pcf(line number: 27)] | Port ad_otr_1 has been placed at location K4, whose type is share pin.
Executing : def_port {ad_otr_1} LOC=K4 VCCIO=3.3 IOSTANDARD=LVCMOS33 PULLUP=TRUE successfully
Executing : def_port {ad_otr_2} LOC=J7 VCCIO=3.3 IOSTANDARD=LVCMOS33 PULLUP=TRUE
Executing : def_port {ad_otr_2} LOC=J7 VCCIO=3.3 IOSTANDARD=LVCMOS33 PULLUP=TRUE successfully
Executing : def_port {sys_clk} LOC=V9 VCCIO=3.3 IOSTANDARD=LVCMOS33 PULLUP=TRUE
Executing : def_port {sys_clk} LOC=V9 VCCIO=3.3 IOSTANDARD=LVCMOS33 PULLUP=TRUE successfully
Executing : def_port {sys_rst_n} LOC=C4 VCCIO=1.8 IOSTANDARD=LVCMOS18 PULLUP=TRUE
C: ConstraintEditor-2001: [D:/Desktop/50G/34_hs_dual_ad/prj/device_map/hs_dual_ad.pcf(line number: 30)] Object 'sys_rst_n' is dangling, which has no connection. it will be ignored.
Executing : def_port {sys_rst_n} LOC=C4 VCCIO=1.8 IOSTANDARD=LVCMOS18 PULLUP=TRUE failed
Constraint check end.
I: Column Clock Check open.
Read Column Clock Map.

Placement started.
Phase 1 Pre global placement started.
Mapping instance u_pll_clk/u_pll_e3/goppll to PLL_158_55.
Phase 1.1 1st GP placement started.
Design Utilization : 2%.
First map gop timing takes 0.08 sec
Worst slack after clock region global placement is 20322
Wirelength after clock region global placement is 3533 and checksum is E960E2BFACA4279E.
1st GP placement takes 2.28 sec.

Phase 1.2 Clock placement started.
Mapping instance clkbufg_3/gopclkbufg to USCM_84_108.
Mapping instance clkbufg_4/gopclkbufg to USCM_84_109.
Clock placement takes 0.25 sec.

Wirelength after Pre Global Placement is 3533 and checksum is E960E2BFACA4279E.
Pre global placement takes 2.64 sec.

Phase 2 Global placement started.
Phase 2.1 Fixed placement started.
Placed fixed group with base inst ad_clk_1_obuf/opit_1 on IOL_7_229.
Placed fixed group with base inst ad_clk_2_obuf/opit_1 on IOL_7_201.
Placed fixed group with base inst ad_data_1_ibuf[0]/opit_1 on IOL_7_205.
Placed fixed group with base inst ad_data_1_ibuf[1]/opit_1 on IOL_7_206.
Placed fixed group with base inst ad_data_1_ibuf[2]/opit_1 on IOL_7_257.
Placed fixed group with base inst ad_data_1_ibuf[3]/opit_1 on IOL_7_258.
Placed fixed group with base inst ad_data_1_ibuf[4]/opit_1 on IOL_7_233.
Placed fixed group with base inst ad_data_1_ibuf[5]/opit_1 on IOL_7_234.
Placed fixed group with base inst ad_data_1_ibuf[6]/opit_1 on IOL_7_269.
Placed fixed group with base inst ad_data_1_ibuf[7]/opit_1 on IOL_7_270.
Placed fixed group with base inst ad_data_1_ibuf[8]/opit_1 on IOL_7_177.
Placed fixed group with base inst ad_data_1_ibuf[9]/opit_1 on IOL_7_178.
Placed fixed group with base inst ad_data_2_ibuf[0]/opit_1 on IOL_7_217.
Placed fixed group with base inst ad_data_2_ibuf[1]/opit_1 on IOL_7_218.
Placed fixed group with base inst ad_data_2_ibuf[2]/opit_1 on IOL_7_241.
Placed fixed group with base inst ad_data_2_ibuf[3]/opit_1 on IOL_7_242.
Placed fixed group with base inst ad_data_2_ibuf[4]/opit_1 on IOL_7_173.
Placed fixed group with base inst ad_data_2_ibuf[5]/opit_1 on IOL_7_174.
Placed fixed group with base inst ad_data_2_ibuf[6]/opit_1 on IOL_7_213.
Placed fixed group with base inst ad_data_2_ibuf[7]/opit_1 on IOL_7_214.
Placed fixed group with base inst ad_data_2_ibuf[8]/opit_1 on IOL_7_265.
Placed fixed group with base inst ad_data_2_ibuf[9]/opit_1 on IOL_7_266.
Placed fixed group with base inst ad_oe_1_obuf/opit_1 on IOL_7_210.
Placed fixed group with base inst ad_oe_2_obuf/opit_1 on IOL_7_238.
Placed fixed group with base inst ad_otr_1_ibuf/opit_1 on IOL_7_209.
Placed fixed group with base inst ad_otr_2_ibuf/opit_1 on IOL_7_237.
Placed fixed group with base inst sys_clk_ibuf/opit_1 on IOL_159_5.
Placed fixed instance clkbufg_3/gopclkbufg on USCM_84_108.
Placed fixed instance clkbufg_4/gopclkbufg on USCM_84_109.
Placed fixed instance u_pll_clk/u_pll_e3/goppll on PLL_158_55.
Placed fixed instance BKCL_auto_0 on BKCL_192_0.
Placed fixed instance BKCL_auto_1 on BKCL_0_184.
Fixed placement takes 0.03 sec.

Phase 2.2 Process placement started.
Process placement takes 0.00 sec.

Phase 2.3 IO placement started.
IO placement takes 0.02 sec.

Phase 2.4 2nd GP placement started.
Run super clustering :
	Initial slack 13825.
	4 iterations finished.
	Final slack 17267.
Super clustering done.
Design Utilization : 2%.
Worst slack after global placement is 20615
2nd GP placement takes 0.66 sec.

Wirelength after global placement is 2419 and checksum is 9C62E036DA0B2AF.
Global placement takes 0.70 sec.

Phase 3 Post global placement started.
Phase 3.1 Macro cell placement started.
I: Process macros using "Greedy".
Wirelength after macro cell placement is 2707 and checksum is E8EE6A9D8976ED47.
Macro cell placement takes 0.00 sec.

Phase 3.2 3rd GP placement started.
Run super clustering :
	Initial slack 13825.
	4 iterations finished.
	Final slack 17267.
Super clustering done.
Design Utilization : 2%.
Worst slack after post global placement is 20669
3rd GP placement takes 0.62 sec.

Wirelength after post global placement is 2614 and checksum is D439737080830341.
Post global placement takes 0.62 sec.

Phase 4 Legalization started.
The average distance in LP is 0.665706.
Wirelength after legalization is 4386 and checksum is C76CE38D61FF4D53.
Legalization takes 0.05 sec.

Phase 5 Timing-driven detailed placement started.
Phase 5.1 Replication placement started.
Worst slack before Replication Place is 16438.
Replication placement takes 0.03 sec.

Wirelength after replication placement is 4386 and checksum is C76CE38D61FF4D53.
Phase 5.2 DP placement started.
Legalized cost 16438.000000.
The detailed placement ends at 0th iteration.
DP placement takes 0.02 sec.

Wirelength after detailed placement is 4386 and checksum is C76CE38D61FF4D53.
Timing-driven detailed placement takes 0.05 sec.

Worst slack is 16438, TNS after placement is 0.
Placement done.
Total placement takes 4.25 sec.
Finished placement.

Routing started.
Building routing graph takes 1.28 sec.
Worst slack is 16438, TNS before global route is 0.
Processing design graph takes 0.28 sec.
Total memory for routing:
	115.751581 M.
Total nets for routing : 924.
Rcf routing step 1 processed 0 nets, it takes 0.00 sec.
Rcf routing step 2 processed 0 nets, it takes 0.00 sec.
Rcf routing step 3 processed 0 nets, it takes 0.00 sec.
Unrouted nets 2 at the end of iteration 0.
Unrouted nets 2 at the end of iteration 1.
Unrouted nets 2 at the end of iteration 2.
Unrouted nets 2 at the end of iteration 3.
Unrouted nets 2 at the end of iteration 4.
Unrouted nets 2 at the end of iteration 5.
Unrouted nets 2 at the end of iteration 6.
Unrouted nets 2 at the end of iteration 7.
Unrouted nets 2 at the end of iteration 8.
Unrouted nets 2 at the end of iteration 9.
Unrouted nets 2 at the end of iteration 10.
Unrouted nets 2 at the end of iteration 11.
Unrouted nets 2 at the end of iteration 12.
Unrouted nets 2 at the end of iteration 13.
Unrouted nets 2 at the end of iteration 14.
Unrouted nets 2 at the end of iteration 15.
Unrouted nets 2 at the end of iteration 16.
Unrouted nets 2 at the end of iteration 17.
Unrouted nets 2 at the end of iteration 18.
Unrouted nets 2 at the end of iteration 19.
Unrouted nets 2 at the end of iteration 20.
Unrouted nets 2 at the end of iteration 21.
Unrouted nets 2 at the end of iteration 22.
Unrouted nets 2 at the end of iteration 23.
Unrouted nets 2 at the end of iteration 24.
Unrouted nets 2 at the end of iteration 25.
Unrouted nets 2 at the end of iteration 26.
Unrouted nets 2 at the end of iteration 27.
Unrouted nets 2 at the end of iteration 28.
Unrouted nets 2 at the end of iteration 29.
Unrouted nets 2 at the end of iteration 30.
Unrouted nets 2 at the end of iteration 31.
Unrouted nets 2 at the end of iteration 32.
Unrouted nets 2 at the end of iteration 33.
Unrouted nets 2 at the end of iteration 34.
Unrouted nets 2 at the end of iteration 35.
Unrouted nets 2 at the end of iteration 36.
Unrouted nets 2 at the end of iteration 37.
Unrouted nets 2 at the end of iteration 38.
Unrouted nets 2 at the end of iteration 39.
Unrouted nets 2 at the end of iteration 40.
Unrouted nets 2 at the end of iteration 41.
Unrouted nets 2 at the end of iteration 42.
Unrouted nets 2 at the end of iteration 43.
Unrouted nets 2 at the end of iteration 44.
Unrouted nets 2 at the end of iteration 45.
Unrouted nets 2 at the end of iteration 46.
Unrouted nets 2 at the end of iteration 47.
Unrouted nets 2 at the end of iteration 48.
Unrouted nets 2 at the end of iteration 49.
Global Routing step 1 processed 108 nets, it takes 0.03 sec.
Unrouted nets 99 at the end of iteration 0.
Unrouted nets 75 at the end of iteration 1.
Unrouted nets 62 at the end of iteration 2.
Unrouted nets 43 at the end of iteration 3.
Unrouted nets 26 at the end of iteration 4.
Unrouted nets 21 at the end of iteration 5.
Unrouted nets 19 at the end of iteration 6.
Unrouted nets 17 at the end of iteration 7.
Unrouted nets 19 at the end of iteration 8.
Unrouted nets 12 at the end of iteration 9.
Unrouted nets 8 at the end of iteration 10.
Unrouted nets 8 at the end of iteration 11.
Unrouted nets 8 at the end of iteration 12.
Unrouted nets 7 at the end of iteration 13.
Unrouted nets 5 at the end of iteration 14.
Unrouted nets 5 at the end of iteration 15.
Unrouted nets 8 at the end of iteration 16.
Unrouted nets 12 at the end of iteration 17.
Unrouted nets 8 at the end of iteration 18.
Unrouted nets 4 at the end of iteration 19.
Unrouted nets 4 at the end of iteration 20.
Unrouted nets 6 at the end of iteration 21.
Unrouted nets 5 at the end of iteration 22.
Unrouted nets 1 at the end of iteration 23.
Unrouted nets 1 at the end of iteration 24.
Unrouted nets 0 at the end of iteration 25.
Global Routing step 2 processed 155 nets, it takes 1.36 sec.
Unrouted nets 2 at the end of iteration 0.
Unrouted nets 0 at the end of iteration 1.
Global Routing step 3 processed 6 nets, it takes 0.00 sec.
Global routing takes 1.41 sec.
Total 933 subnets.
    forward max bucket size 42918 , backward 4429.
        Unrouted nets 460 at the end of iteration 0.
    route iteration 0, CPU time elapsed 1.843750 sec.
    forward max bucket size 4940 , backward 4422.
        Unrouted nets 298 at the end of iteration 1.
    route iteration 1, CPU time elapsed 0.062500 sec.
    forward max bucket size 328 , backward 547.
        Unrouted nets 214 at the end of iteration 2.
    route iteration 2, CPU time elapsed 0.015625 sec.
    forward max bucket size 29 , backward 28.
        Unrouted nets 139 at the end of iteration 3.
    route iteration 3, CPU time elapsed 0.015625 sec.
    forward max bucket size 28 , backward 27.
        Unrouted nets 98 at the end of iteration 4.
    route iteration 4, CPU time elapsed 0.015625 sec.
    forward max bucket size 36 , backward 22.
        Unrouted nets 58 at the end of iteration 5.
    route iteration 5, CPU time elapsed 0.000000 sec.
    forward max bucket size 24 , backward 23.
        Unrouted nets 36 at the end of iteration 6.
    route iteration 6, CPU time elapsed 0.000000 sec.
    forward max bucket size 45 , backward 38.
        Unrouted nets 21 at the end of iteration 7.
    route iteration 7, CPU time elapsed 0.000000 sec.
    forward max bucket size 20 , backward 27.
        Unrouted nets 15 at the end of iteration 8.
    route iteration 8, CPU time elapsed 0.015625 sec.
    forward max bucket size 22 , backward 28.
        Unrouted nets 6 at the end of iteration 9.
    route iteration 9, CPU time elapsed 0.000000 sec.
    forward max bucket size 19 , backward 16.
        Unrouted nets 4 at the end of iteration 10.
    route iteration 10, CPU time elapsed 0.000000 sec.
    forward max bucket size 16 , backward 9.
        Unrouted nets 4 at the end of iteration 11.
    route iteration 11, CPU time elapsed 0.000000 sec.
    forward max bucket size 27 , backward 14.
        Unrouted nets 2 at the end of iteration 12.
    route iteration 12, CPU time elapsed 0.000000 sec.
    forward max bucket size 16 , backward 8.
        Unrouted nets 2 at the end of iteration 13.
    route iteration 13, CPU time elapsed 0.000000 sec.
    forward max bucket size 15 , backward 11.
        Unrouted nets 2 at the end of iteration 14.
    route iteration 14, CPU time elapsed 0.000000 sec.
    forward max bucket size 16 , backward 8.
        Unrouted nets 2 at the end of iteration 15.
    route iteration 15, CPU time elapsed 0.000000 sec.
    forward max bucket size 15 , backward 7.
        Unrouted nets 2 at the end of iteration 16.
    route iteration 16, CPU time elapsed 0.000000 sec.
    forward max bucket size 16 , backward 8.
        Unrouted nets 2 at the end of iteration 17.
    route iteration 17, CPU time elapsed 0.000000 sec.
    forward max bucket size 15 , backward 6.
        Unrouted nets 2 at the end of iteration 18.
    route iteration 18, CPU time elapsed 0.000000 sec.
    forward max bucket size 16 , backward 9.
        Unrouted nets 2 at the end of iteration 19.
    route iteration 19, CPU time elapsed 0.015625 sec.
    forward max bucket size 15 , backward 8.
        Unrouted nets 2 at the end of iteration 20.
    route iteration 20, CPU time elapsed 0.000000 sec.
    forward max bucket size 16 , backward 9.
        Unrouted nets 2 at the end of iteration 21.
    route iteration 21, CPU time elapsed 0.000000 sec.
    forward max bucket size 15 , backward 7.
        Unrouted nets 2 at the end of iteration 22.
    route iteration 22, CPU time elapsed 0.000000 sec.
    forward max bucket size 16 , backward 7.
        Unrouted nets 2 at the end of iteration 23.
    route iteration 23, CPU time elapsed 0.000000 sec.
    forward max bucket size 15 , backward 6.
        Unrouted nets 2 at the end of iteration 24.
    route iteration 24, CPU time elapsed 0.000000 sec.
    forward max bucket size 16 , backward 8.
        Unrouted nets 2 at the end of iteration 25.
    route iteration 25, CPU time elapsed 0.000000 sec.
    forward max bucket size 16 , backward 8.
        Unrouted nets 2 at the end of iteration 26.
    route iteration 26, CPU time elapsed 0.000000 sec.
    forward max bucket size 15 , backward 8.
        Unrouted nets 2 at the end of iteration 27.
    route iteration 27, CPU time elapsed 0.000000 sec.
    forward max bucket size 15 , backward 8.
        Unrouted nets 2 at the end of iteration 28.
    route iteration 28, CPU time elapsed 0.000000 sec.
    forward max bucket size 16 , backward 8.
        Unrouted nets 2 at the end of iteration 29.
    route iteration 29, CPU time elapsed 0.000000 sec.
    forward max bucket size 16 , backward 8.
        Unrouted nets 2 at the end of iteration 30.
    route iteration 30, CPU time elapsed 0.000000 sec.
    forward max bucket size 15 , backward 5.
        Unrouted nets 2 at the end of iteration 31.
    route iteration 31, CPU time elapsed 0.015625 sec.
    forward max bucket size 16 , backward 8.
        Unrouted nets 2 at the end of iteration 32.
    route iteration 32, CPU time elapsed 0.000000 sec.
    forward max bucket size 15 , backward 6.
        Unrouted nets 2 at the end of iteration 33.
    route iteration 33, CPU time elapsed 0.000000 sec.
    forward max bucket size 16 , backward 7.
        Unrouted nets 2 at the end of iteration 34.
    route iteration 34, CPU time elapsed 0.000000 sec.
    forward max bucket size 15 , backward 5.
        Unrouted nets 2 at the end of iteration 35.
    route iteration 35, CPU time elapsed 0.000000 sec.
    forward max bucket size 15 , backward 9.
        Unrouted nets 2 at the end of iteration 36.
    route iteration 36, CPU time elapsed 0.000000 sec.
    forward max bucket size 16 , backward 7.
        Unrouted nets 2 at the end of iteration 37.
    route iteration 37, CPU time elapsed 0.000000 sec.
    forward max bucket size 15 , backward 5.
        Unrouted nets 2 at the end of iteration 38.
    route iteration 38, CPU time elapsed 0.000000 sec.
    forward max bucket size 16 , backward 8.
        Unrouted nets 2 at the end of iteration 39.
    route iteration 39, CPU time elapsed 0.000000 sec.
    forward max bucket size 15 , backward 8.
        Unrouted nets 2 at the end of iteration 40.
    route iteration 40, CPU time elapsed 0.000000 sec.
    forward max bucket size 16 , backward 8.
        Unrouted nets 2 at the end of iteration 41.
    route iteration 41, CPU time elapsed 0.000000 sec.
    forward max bucket size 15 , backward 8.
        Unrouted nets 2 at the end of iteration 42.
    route iteration 42, CPU time elapsed 0.000000 sec.
    forward max bucket size 16 , backward 8.
        Unrouted nets 2 at the end of iteration 43.
    route iteration 43, CPU time elapsed 0.000000 sec.
    forward max bucket size 15 , backward 7.
        Unrouted nets 2 at the end of iteration 44.
    route iteration 44, CPU time elapsed 0.015625 sec.
    forward max bucket size 16 , backward 8.
        Unrouted nets 2 at the end of iteration 45.
    route iteration 45, CPU time elapsed 0.000000 sec.
    forward max bucket size 15 , backward 10.
        Unrouted nets 2 at the end of iteration 46.
    route iteration 46, CPU time elapsed 0.000000 sec.
    forward max bucket size 16 , backward 8.
        Unrouted nets 2 at the end of iteration 47.
    route iteration 47, CPU time elapsed 0.000000 sec.
    forward max bucket size 15 , backward 8.
        Unrouted nets 2 at the end of iteration 48.
    route iteration 48, CPU time elapsed 0.000000 sec.
    forward max bucket size 16 , backward 8.
        Unrouted nets 2 at the end of iteration 49.
    route iteration 49, CPU time elapsed 0.000000 sec.
    forward max bucket size 15 , backward 6.
        Unrouted nets 2 at the end of iteration 50.
    route iteration 50, CPU time elapsed 0.000000 sec.
    forward max bucket size 16 , backward 8.
        Unrouted nets 2 at the end of iteration 51.
    route iteration 51, CPU time elapsed 0.000000 sec.
    forward max bucket size 15 , backward 5.
        Unrouted nets 2 at the end of iteration 52.
    route iteration 52, CPU time elapsed 0.000000 sec.
    forward max bucket size 16 , backward 8.
        Unrouted nets 2 at the end of iteration 53.
    route iteration 53, CPU time elapsed 0.000000 sec.
    forward max bucket size 15 , backward 7.
        Unrouted nets 2 at the end of iteration 54.
    route iteration 54, CPU time elapsed 0.000000 sec.
    forward max bucket size 15 , backward 8.
        Unrouted nets 2 at the end of iteration 55.
    route iteration 55, CPU time elapsed 0.000000 sec.
    forward max bucket size 16 , backward 5.
        Unrouted nets 2 at the end of iteration 56.
    route iteration 56, CPU time elapsed 0.000000 sec.
    forward max bucket size 15 , backward 7.
        Unrouted nets 2 at the end of iteration 57.
    route iteration 57, CPU time elapsed 0.015625 sec.
    forward max bucket size 16 , backward 7.
        Unrouted nets 2 at the end of iteration 58.
    route iteration 58, CPU time elapsed 0.000000 sec.
    forward max bucket size 16 , backward 8.
        Unrouted nets 2 at the end of iteration 59.
    route iteration 59, CPU time elapsed 0.000000 sec.
    forward max bucket size 15 , backward 6.
        Unrouted nets 2 at the end of iteration 60.
    route iteration 60, CPU time elapsed 0.000000 sec.
    forward max bucket size 15 , backward 7.
        Unrouted nets 2 at the end of iteration 61.
    route iteration 61, CPU time elapsed 0.000000 sec.
    forward max bucket size 16 , backward 7.
        Unrouted nets 2 at the end of iteration 62.
    route iteration 62, CPU time elapsed 0.000000 sec.
    forward max bucket size 15 , backward 10.
        Unrouted nets 2 at the end of iteration 63.
    route iteration 63, CPU time elapsed 0.000000 sec.
    forward max bucket size 16 , backward 8.
        Unrouted nets 2 at the end of iteration 64.
    route iteration 64, CPU time elapsed 0.000000 sec.
    forward max bucket size 16 , backward 8.
        Unrouted nets 2 at the end of iteration 65.
    route iteration 65, CPU time elapsed 0.000000 sec.
    forward max bucket size 15 , backward 5.
        Unrouted nets 2 at the end of iteration 66.
    route iteration 66, CPU time elapsed 0.000000 sec.
    forward max bucket size 16 , backward 8.
        Unrouted nets 2 at the end of iteration 67.
    route iteration 67, CPU time elapsed 0.000000 sec.
    forward max bucket size 15 , backward 5.
        Unrouted nets 2 at the end of iteration 68.
    route iteration 68, CPU time elapsed 0.000000 sec.
    forward max bucket size 16 , backward 8.
        Unrouted nets 2 at the end of iteration 69.
    route iteration 69, CPU time elapsed 0.015625 sec.
    forward max bucket size 15 , backward 6.
        Unrouted nets 2 at the end of iteration 70.
    route iteration 70, CPU time elapsed 0.000000 sec.
    forward max bucket size 16 , backward 8.
        Unrouted nets 2 at the end of iteration 71.
    route iteration 71, CPU time elapsed 0.000000 sec.
    forward max bucket size 15 , backward 9.
        Unrouted nets 2 at the end of iteration 72.
    route iteration 72, CPU time elapsed 0.000000 sec.
    forward max bucket size 16 , backward 9.
        Unrouted nets 2 at the end of iteration 73.
    route iteration 73, CPU time elapsed 0.000000 sec.
    forward max bucket size 15 , backward 7.
        Unrouted nets 2 at the end of iteration 74.
    route iteration 74, CPU time elapsed 0.000000 sec.
    forward max bucket size 16 , backward 8.
        Unrouted nets 2 at the end of iteration 75.
    route iteration 75, CPU time elapsed 0.000000 sec.
    forward max bucket size 15 , backward 6.
        Unrouted nets 2 at the end of iteration 76.
    route iteration 76, CPU time elapsed 0.000000 sec.
    forward max bucket size 16 , backward 8.
        Unrouted nets 2 at the end of iteration 77.
    route iteration 77, CPU time elapsed 0.000000 sec.
    forward max bucket size 15 , backward 6.
        Unrouted nets 2 at the end of iteration 78.
    route iteration 78, CPU time elapsed 0.000000 sec.
    forward max bucket size 16 , backward 8.
        Unrouted nets 2 at the end of iteration 79.
    route iteration 79, CPU time elapsed 0.000000 sec.
    forward max bucket size 15 , backward 8.
        Unrouted nets 2 at the end of iteration 80.
    route iteration 80, CPU time elapsed 0.000000 sec.
    forward max bucket size 16 , backward 8.
        Unrouted nets 2 at the end of iteration 81.
    route iteration 81, CPU time elapsed 0.000000 sec.
    forward max bucket size 15 , backward 5.
        Unrouted nets 2 at the end of iteration 82.
    route iteration 82, CPU time elapsed 0.015625 sec.
    forward max bucket size 16 , backward 7.
        Unrouted nets 2 at the end of iteration 83.
    route iteration 83, CPU time elapsed 0.000000 sec.
    forward max bucket size 15 , backward 6.
        Unrouted nets 2 at the end of iteration 84.
    route iteration 84, CPU time elapsed 0.000000 sec.
    forward max bucket size 16 , backward 7.
        Unrouted nets 2 at the end of iteration 85.
    route iteration 85, CPU time elapsed 0.000000 sec.
    forward max bucket size 15 , backward 6.
        Unrouted nets 2 at the end of iteration 86.
    route iteration 86, CPU time elapsed 0.000000 sec.
    forward max bucket size 16 , backward 7.
        Unrouted nets 2 at the end of iteration 87.
    route iteration 87, CPU time elapsed 0.000000 sec.
    forward max bucket size 15 , backward 6.
        Unrouted nets 2 at the end of iteration 88.
    route iteration 88, CPU time elapsed 0.000000 sec.
    forward max bucket size 15 , backward 6.
        Unrouted nets 2 at the end of iteration 89.
    route iteration 89, CPU time elapsed 0.000000 sec.
    forward max bucket size 16 , backward 7.
        Unrouted nets 2 at the end of iteration 90.
    route iteration 90, CPU time elapsed 0.000000 sec.
    forward max bucket size 15 , backward 8.
        Unrouted nets 2 at the end of iteration 91.
    route iteration 91, CPU time elapsed 0.000000 sec.
    forward max bucket size 16 , backward 7.
        Unrouted nets 2 at the end of iteration 92.
    route iteration 92, CPU time elapsed 0.000000 sec.
Detailed routing takes 92 iterations
    Unrouted nets 2 at the end of fading iteration 11.
    Unrouted nets 3 at the end of fading iteration 10.
    Unrouted nets 2 at the end of fading iteration 9.
    Unrouted nets 2 at the end of fading iteration 8.
    Unrouted nets 3 at the end of fading iteration 7.
    Unrouted nets 4 at the end of fading iteration 6.
    Unrouted nets 2 at the end of fading iteration 5.
    Unrouted nets 4 at the end of fading iteration 4.
    Unrouted nets 1 at the end of fading iteration 3.
    Unrouted nets 1 at the end of fading iteration 2.
    Unrouted nets 1 at the end of fading iteration 1.
Fading routing takes 11 iterations.
    Unrouted nets 3 at the end of congested iteration 201.

    Unrouted nets 0 at the end of congested iteration 200.

Congestion routing takes 2 iterations.
I: Design net u_CORES/drck_o is routed by general path.
C: Route-2036: The clock path from u_CORES/u_GTP_SCANCHAIN_PG/scanchain:TCK_USER to clkbufg_4/gopclkbufg:CLK is routed by SRB.
I: Design net u_CORES/capt_o is routed by general path.
C: Route-2036: The clock path from u_CORES/u_GTP_SCANCHAIN_PG/scanchain:CAPDR to u_CORES/u_debug_core_0/u_hub_data_decode/id_sample.conf_id[4]/opit_0_inv:CLK is routed by SRB.
Detailed routing takes 2.11 sec.
Start fix hold violation.
Build tmp routing results takes 0.00 sec.
Timing analysis takes 0.02 sec.
No hold violation.
Hold Violation Fix in router takes 0 iterations.
Fix hold violation Finished.
Hold Violation Fix in router takes 0.11 sec.

Dispose routing result:
    Collect routing result.
    Delete unused device instances.
    Annotate routing result.
    Change LUT configuration.
    Dispose misc instances.
    Annotate routing result again.
Finish routing takes 0.03 sec.
Used SRB routing arc is 5813.
Cleanup routing takes 0.00 sec.
Routing done.
Total routing takes 5.61 sec.


Device Utilization Summary :
+---------------------------------------------------------------------------+
| Logic Utilization        | Used     | Available     | Utilization(%)     
+---------------------------------------------------------------------------+
| Use of APM               | 0        | 84            | 0                  
| Use of BKCL              | 2        | 4             | 50                 
| Use of CLMA              | 114      | 6450          | 2                  
|   FF                     | 314      | 38700         | 1                  
|   LUT                    | 303      | 25800         | 2                  
|   LUT-FF pairs           | 185      | 25800         | 1                  
| Use of CLMS              | 76       | 4250          | 2                  
|   FF                     | 205      | 25500         | 1                  
|   LUT                    | 201      | 17000         | 2                  
|   LUT-FF pairs           | 129      | 17000         | 1                  
|   Distributed RAM        | 0        | 17000         | 0                  
| Use of CRYSTAL           | 0        | 2             | 0                  
| Use of DLL               | 0        | 10            | 0                  
| Use of DQSL              | 0        | 18            | 0                  
| Use of DRM               | 0.5      | 134           | 1                  
| Use of FUSECODE          | 0        | 1             | 0                  
| Use of HARD0N1           | 41       | 6672          | 1                  
| Use of IO                | 27       | 218           | 13                 
|   IOBD                   | 0        | 53            | 0                  
|   IOBR_LR                | 0        | 5             | 0                  
|   IOBR_TB                | 0        | 7             | 0                  
|   IOBS_LR                | 26       | 107           | 25                 
|   IOBS_TB                | 1        | 46            | 3                  
| Use of IOCKDIV           | 0        | 20            | 0                  
| Use of IOCKDLY           | 0        | 40            | 0                  
| Use of IOCKGATE          | 0        | 20            | 0                  
| Use of IOCKGMUX_TEST     | 0        | 20            | 0                  
| Use of IOL               | 27       | 400           | 7                  
| Use of IPAL              | 0        | 1             | 0                  
| Use of LDO               | 0        | 4             | 0                  
| Use of MFG_TEST          | 0        | 1             | 0                  
| Use of OSC               | 0        | 1             | 0                  
| Use of PIOMUX_TEST       | 0        | 10            | 0                  
| Use of PLL               | 1        | 5             | 20                 
| Use of PREGMUX_TEST      | 0        | 6             | 0                  
| Use of RCKB              | 0        | 24            | 0                  
|  RCKB dataused           | 0        | 24            | 0                  
| Use of RCKBMUX_TEST      | 0        | 12            | 0                  
| Use of RESCAL            | 0        | 4             | 0                  
| Use of SCANCHAIN         | 1        | 2             | 50                 
| Use of START             | 1        | 1             | 100                
| Use of UDID              | 0        | 1             | 0                  
| Use of USCM              | 3        | 30            | 10                 
|  USCM dataused           | 0        | 30            | 0                  
| Use of USCMMUX_TEST      | 0        | 30            | 0                  
| Use of VCKBMUX_TEST      | 0        | 12            | 0                  
+---------------------------------------------------------------------------+

Finished routing.
Design 'hs_dual_ad' has been placed and routed successfully.
Saving design to DB.
Finished placement and routing.
Action pnr: Real time elapsed is 0h:0m:18s
Action pnr: CPU time elapsed is 0h:0m:16s
Action pnr: Process CPU time elapsed is 0h:0m:16s
Current time: Mon Oct 16 15:27:48 2023
Action pnr: Peak memory pool usage is 877 MB
