#Build: Design Editor 2022.2-SP4.2, Build 132111, Aug 13 06:22 2023
#Install: E:\SoftWare\PDS\PDS_2022.2-SP4.2-ads\bin
#Application name: de.exe
#OS: Windows 10 10.0.23620
#Hostname: 1917Redbanner
Generated by Design Editor (version 2022.2-SP4.2 build 132111) at Thu Jul 25 10:44:01 2024
Compiling verification operator library.
Compiling common defs.
Compiling prim grid devices.
Compiling prim grid device symbols.
Compiling gate devices.
Compiling gate operators.
Building architecture model.
Loading device packaging model.
Building architecture floorplan logic view.
Building architecture schematic structure.
Building architecture floorplan schematic view.
Loading the wires...
Loading the device ...
M_PROCESS_FINISH_STARTED

Loading wires finished.
Import Design DB finished.
W: Flow-4026: timing design DB file is not found.
